<?xml version="1.0" encoding="UTF-8"?>
<testsuites name="Run_All_Fitur" time="1597.678" tests="13" failures="3" errors="0">
   <testsuite name="1.TS_Login" tests="3" failures="0" errors="0" time="148.638" skipped="0" timestamp="13-04-2025T16:17:24" hostname="acer - 20.20.2.217" id="Test Suites/1.TS_Login">
      <properties>
         <property name="deviceName" value=""/>
         <property name="devicePlatform"/>
         <property name="logFolder" value="C:\\Users\\acer\\OneDrive\\Documents\\Automation-openRMS\\Reports\\20250413_161708\\1.TS_Login\\20250413_161709"/>
         <property name="logFiles" value="C:\\Users\\acer\\OneDrive\\Documents\\Automation-openRMS\\Reports\\20250413_161708\\1.TS_Login\\20250413_161709\\execution0.log"/>
         <property name="attachments" value=""/>
         <property name="hostName" value="acer - 20.20.2.217"/>
         <property name="os" value="Windows 11 64bit"/>
         <property name="katalonVersion" value="10.1.1.0"/>
         <property name="browser" value="Chrome 135.0.7049.42"/>
         <property name="hostAddress" value="20.20.2.217"/>
         <property name="sessionId" value="253122030145aa8023c05cd8a51997c4"/>
         <property name="seleniumVersion" value="4.22.0"/>
         <property name="proxyInformation" value="ProxyInformation { proxyOption=NO_PROXY, proxyServerType=HTTP, username=, password=********, proxyServerAddress=, proxyServerPort=0, executionList=&quot;&quot;, isApplyToDesiredCapabilities=true }"/>
         <property name="platform" value="Windows 11"/>
      </properties>
      <testcase name="Test Cases/1. Login/1. Login menggunakan invalid credential" time="26.047" classname="Test Cases/1. Login/1. Login menggunakan invalid credential" status="PASSED">
         <system-out><![CDATA[13-04-2025T16:17:24 - [TEST_CASE][PASSED] - Test Cases/1. Login/1. Login menggunakan invalid credential: Test Cases/1. Login/1. Login menggunakan invalid credential

13-04-2025T16:17:24 - [TEST_STEP][PASSED] - Start listener action : sampleBeforeTestCase: Actual text and expected text of test object 'Object Repository/Dashboard/login_as' are matched.

13-04-2025T16:17:24 - [TEST_STEP][PASSED] - openBrowser(""): Browser is opened with url: ''

13-04-2025T16:17:24 - [MESSAGE][INFO] - Starting 'Chrome' driver

13-04-2025T16:17:24 - [MESSAGE][INFO] - Action delay is set to 0 milliseconds

13-04-2025T16:17:26 - [MESSAGE][PASSED] - Browser is opened with url: ''

13-04-2025T16:17:26 - [TEST_STEP][PASSED] - maximizeWindow(): Current window maximized

13-04-2025T16:17:26 - [MESSAGE][PASSED] - Current window maximized

13-04-2025T16:17:26 - [TEST_STEP][PASSED] - navigateToUrl(url): Navigate to 'https://o2.openmrs.org/openmrs/login.htm' successfully

13-04-2025T16:17:33 - [MESSAGE][PASSED] - Navigate to 'https://o2.openmrs.org/openmrs/login.htm' successfully

13-04-2025T16:17:33 - [TEST_STEP][PASSED] - setText(findTestObject("Object Repository/Page_Login/input_Username_username"), "admin"): Text 'admin' is set on object 'Object Repository/Page_Login/input_Username_username'

13-04-2025T16:17:34 - [MESSAGE][PASSED] - Text 'admin' is set on object 'Object Repository/Page_Login/input_Username_username'

13-04-2025T16:17:34 - [TEST_STEP][PASSED] - setEncryptedText(findTestObject("Object Repository/Page_Login/input_Password_password"), "/5S6MFFLcE4mlsixtc6/Tg=="): Text ****** has been set on object 'Object Repository/Page_Login/input_Password_password'

13-04-2025T16:17:34 - [MESSAGE][PASSED] - Text ****** has been set on object 'Object Repository/Page_Login/input_Password_password'

13-04-2025T16:17:34 - [TEST_STEP][PASSED] - click(findTestObject("Object Repository/Page_Login/li_Pharmacy")): Object: 'Object Repository/Page_Login/li_Pharmacy' is clicked on

13-04-2025T16:17:35 - [MESSAGE][PASSED] - Object: 'Object Repository/Page_Login/li_Pharmacy' is clicked on

13-04-2025T16:17:35 - [TEST_STEP][PASSED] - click(findTestObject("Object Repository/Page_Login/input_Registration Desk_loginButton")): Object: 'Object Repository/Page_Login/input_Registration Desk_loginButton' is clicked on

13-04-2025T16:17:38 - [MESSAGE][PASSED] - Object: 'Object Repository/Page_Login/input_Registration Desk_loginButton' is clicked on

13-04-2025T16:17:38 - [TEST_STEP][PASSED] - verifyElementText(findTestObject("Object Repository/Dashboard/login_as"), "Logged in as Super User (admin) at Pharmacy."): Actual text and expected text of test object 'Object Repository/Dashboard/login_as' are matched.

13-04-2025T16:17:38 - [MESSAGE][PASSED] - Actual text and expected text of test object 'Object Repository/Dashboard/login_as' are matched.

13-04-2025T16:17:38 - [TEST_STEP][PASSED] - openBrowser(""): Browser is opened with url: ''

13-04-2025T16:17:38 - [MESSAGE][WARNING] - A browser is already opened. Closing browser and opening a new one

13-04-2025T16:17:38 - [MESSAGE][INFO] - Starting 'Chrome' driver

13-04-2025T16:17:38 - [MESSAGE][INFO] - Action delay is set to 0 milliseconds

13-04-2025T16:17:40 - [MESSAGE][PASSED] - Browser is opened with url: ''

13-04-2025T16:17:40 - [TEST_STEP][PASSED] - maximizeWindow(): Current window maximized

13-04-2025T16:17:40 - [MESSAGE][PASSED] - Current window maximized

13-04-2025T16:17:40 - [TEST_STEP][PASSED] - navigateToUrl(url): Navigate to 'https://o2.openmrs.org/openmrs/login.htm' successfully

13-04-2025T16:17:47 - [MESSAGE][PASSED] - Navigate to 'https://o2.openmrs.org/openmrs/login.htm' successfully

13-04-2025T16:17:47 - [TEST_STEP][PASSED] - setText(findTestObject("Object Repository/Page_Login/input_Username_username"), "lorem"): Text 'lorem' is set on object 'Object Repository/Page_Login/input_Username_username'

13-04-2025T16:17:48 - [MESSAGE][PASSED] - Text 'lorem' is set on object 'Object Repository/Page_Login/input_Username_username'

13-04-2025T16:17:48 - [TEST_STEP][PASSED] - setEncryptedText(findTestObject("Object Repository/Page_Login/input_Password_password"), "3jc02kEOUvU="): Text ****** has been set on object 'Object Repository/Page_Login/input_Password_password'

13-04-2025T16:17:48 - [MESSAGE][PASSED] - Text ****** has been set on object 'Object Repository/Page_Login/input_Password_password'

13-04-2025T16:17:48 - [TEST_STEP][PASSED] - click(findTestObject("Object Repository/Page_Login/li_Pharmacy")): Object: 'Object Repository/Page_Login/li_Pharmacy' is clicked on

13-04-2025T16:17:48 - [MESSAGE][PASSED] - Object: 'Object Repository/Page_Login/li_Pharmacy' is clicked on

13-04-2025T16:17:48 - [TEST_STEP][PASSED] - click(findTestObject("Object Repository/Page_Login/input_Registration Desk_loginButton")): Object: 'Object Repository/Page_Login/input_Registration Desk_loginButton' is clicked on

13-04-2025T16:17:49 - [MESSAGE][PASSED] - Object: 'Object Repository/Page_Login/input_Registration Desk_loginButton' is clicked on

13-04-2025T16:17:49 - [TEST_STEP][PASSED] - verifyElementText(findTestObject("Object Repository/Page_Login/div_Invalid usernamepassword. Please try again"), "Invalid username/password. Please try again."): Actual text and expected text of test object 'Object Repository/Page_Login/div_Invalid usernamepassword. Please try again' are matched.

13-04-2025T16:17:50 - [MESSAGE][PASSED] - Actual text and expected text of test object 'Object Repository/Page_Login/div_Invalid usernamepassword. Please try again' are matched.]]></system-out>
         <system-err><![CDATA[]]></system-err>
      </testcase>
      <testcase name="Test Cases/1. Login/2. Login tanpa memilih lokasi" time="41.12" classname="Test Cases/1. Login/2. Login tanpa memilih lokasi" status="PASSED">
         <system-out><![CDATA[13-04-2025T16:17:50 - [TEST_CASE][PASSED] - Test Cases/1. Login/2. Login tanpa memilih lokasi: Test Cases/1. Login/2. Login tanpa memilih lokasi

13-04-2025T16:17:50 - [TEST_STEP][PASSED] - Start listener action : sampleBeforeTestCase: Actual text and expected text of test object 'Object Repository/Dashboard/login_as' are matched.

13-04-2025T16:17:50 - [TEST_STEP][PASSED] - openBrowser(""): Browser is opened with url: ''

13-04-2025T16:17:50 - [MESSAGE][WARNING] - A browser is already opened. Closing browser and opening a new one

13-04-2025T16:17:50 - [MESSAGE][INFO] - Starting 'Chrome' driver

13-04-2025T16:17:50 - [MESSAGE][INFO] - Action delay is set to 0 milliseconds

13-04-2025T16:17:51 - [MESSAGE][PASSED] - Browser is opened with url: ''

13-04-2025T16:17:51 - [TEST_STEP][PASSED] - maximizeWindow(): Current window maximized

13-04-2025T16:17:51 - [MESSAGE][PASSED] - Current window maximized

13-04-2025T16:17:51 - [TEST_STEP][PASSED] - navigateToUrl(url): Navigate to 'https://o2.openmrs.org/openmrs/login.htm' successfully

13-04-2025T16:17:56 - [MESSAGE][PASSED] - Navigate to 'https://o2.openmrs.org/openmrs/login.htm' successfully

13-04-2025T16:17:56 - [TEST_STEP][PASSED] - setText(findTestObject("Object Repository/Page_Login/input_Username_username"), "admin"): Text 'admin' is set on object 'Object Repository/Page_Login/input_Username_username'

13-04-2025T16:17:57 - [MESSAGE][PASSED] - Text 'admin' is set on object 'Object Repository/Page_Login/input_Username_username'

13-04-2025T16:17:57 - [TEST_STEP][PASSED] - setEncryptedText(findTestObject("Object Repository/Page_Login/input_Password_password"), "/5S6MFFLcE4mlsixtc6/Tg=="): Text ****** has been set on object 'Object Repository/Page_Login/input_Password_password'

13-04-2025T16:17:57 - [MESSAGE][PASSED] - Text ****** has been set on object 'Object Repository/Page_Login/input_Password_password'

13-04-2025T16:17:57 - [TEST_STEP][PASSED] - click(findTestObject("Object Repository/Page_Login/li_Pharmacy")): Object: 'Object Repository/Page_Login/li_Pharmacy' is clicked on

13-04-2025T16:17:58 - [MESSAGE][PASSED] - Object: 'Object Repository/Page_Login/li_Pharmacy' is clicked on

13-04-2025T16:17:58 - [TEST_STEP][PASSED] - click(findTestObject("Object Repository/Page_Login/input_Registration Desk_loginButton")): Object: 'Object Repository/Page_Login/input_Registration Desk_loginButton' is clicked on

13-04-2025T16:18:00 - [MESSAGE][PASSED] - Object: 'Object Repository/Page_Login/input_Registration Desk_loginButton' is clicked on

13-04-2025T16:18:00 - [TEST_STEP][PASSED] - verifyElementText(findTestObject("Object Repository/Dashboard/login_as"), "Logged in as Super User (admin) at Pharmacy."): Actual text and expected text of test object 'Object Repository/Dashboard/login_as' are matched.

13-04-2025T16:18:00 - [MESSAGE][PASSED] - Actual text and expected text of test object 'Object Repository/Dashboard/login_as' are matched.

13-04-2025T16:18:00 - [TEST_STEP][PASSED] - openBrowser(""): Browser is opened with url: ''

13-04-2025T16:18:00 - [MESSAGE][WARNING] - A browser is already opened. Closing browser and opening a new one

13-04-2025T16:18:00 - [MESSAGE][INFO] - Starting 'Chrome' driver

13-04-2025T16:18:00 - [MESSAGE][INFO] - Action delay is set to 0 milliseconds

13-04-2025T16:18:02 - [MESSAGE][PASSED] - Browser is opened with url: ''

13-04-2025T16:18:02 - [TEST_STEP][PASSED] - maximizeWindow(): Current window maximized

13-04-2025T16:18:02 - [MESSAGE][PASSED] - Current window maximized

13-04-2025T16:18:02 - [TEST_STEP][PASSED] - navigateToUrl(url): Navigate to 'https://o2.openmrs.org/openmrs/login.htm' successfully

13-04-2025T16:18:30 - [MESSAGE][PASSED] - Navigate to 'https://o2.openmrs.org/openmrs/login.htm' successfully

13-04-2025T16:18:30 - [TEST_STEP][PASSED] - setText(findTestObject("Object Repository/Page_Login/input_Username_username"), "admin"): Text 'admin' is set on object 'Object Repository/Page_Login/input_Username_username'

13-04-2025T16:18:30 - [MESSAGE][PASSED] - Text 'admin' is set on object 'Object Repository/Page_Login/input_Username_username'

13-04-2025T16:18:30 - [TEST_STEP][PASSED] - setEncryptedText(findTestObject("Object Repository/Page_Login/input_Password_password"), "/5S6MFFLcE4mlsixtc6/Tg=="): Text ****** has been set on object 'Object Repository/Page_Login/input_Password_password'

13-04-2025T16:18:30 - [MESSAGE][PASSED] - Text ****** has been set on object 'Object Repository/Page_Login/input_Password_password'

13-04-2025T16:18:30 - [TEST_STEP][PASSED] - click(findTestObject("Object Repository/Page_Login/input_Registration Desk_loginButton")): Object: 'Object Repository/Page_Login/input_Registration Desk_loginButton' is clicked on

13-04-2025T16:18:31 - [MESSAGE][PASSED] - Object: 'Object Repository/Page_Login/input_Registration Desk_loginButton' is clicked on

13-04-2025T16:18:31 - [TEST_STEP][PASSED] - verifyElementText(findTestObject("Object Repository/Page_Login/span_You must choose a location"), "You must choose a location!"): Actual text and expected text of test object 'Object Repository/Page_Login/span_You must choose a location' are matched.

13-04-2025T16:18:31 - [MESSAGE][PASSED] - Actual text and expected text of test object 'Object Repository/Page_Login/span_You must choose a location' are matched.]]></system-out>
         <system-err><![CDATA[]]></system-err>
      </testcase>
      <testcase name="Test Cases/1. Login/3. Login menggunakan valid credential" time="81.31" classname="Test Cases/1. Login/3. Login menggunakan valid credential" status="PASSED">
         <system-out><![CDATA[13-04-2025T16:18:31 - [TEST_CASE][PASSED] - Test Cases/1. Login/3. Login menggunakan valid credential: Test Cases/1. Login/3. Login menggunakan valid credential

13-04-2025T16:18:31 - [TEST_STEP][PASSED] - Start listener action : sampleBeforeTestCase: Actual text and expected text of test object 'Object Repository/Dashboard/login_as' are matched.

13-04-2025T16:18:31 - [TEST_STEP][PASSED] - openBrowser(""): Browser is opened with url: ''

13-04-2025T16:18:31 - [MESSAGE][WARNING] - A browser is already opened. Closing browser and opening a new one

13-04-2025T16:18:31 - [MESSAGE][INFO] - Starting 'Chrome' driver

13-04-2025T16:18:31 - [MESSAGE][INFO] - Action delay is set to 0 milliseconds

13-04-2025T16:18:34 - [MESSAGE][PASSED] - Browser is opened with url: ''

13-04-2025T16:18:34 - [TEST_STEP][PASSED] - maximizeWindow(): Current window maximized

13-04-2025T16:18:34 - [MESSAGE][PASSED] - Current window maximized

13-04-2025T16:18:34 - [TEST_STEP][PASSED] - navigateToUrl(url): Navigate to 'https://o2.openmrs.org/openmrs/login.htm' successfully

13-04-2025T16:19:14 - [MESSAGE][PASSED] - Navigate to 'https://o2.openmrs.org/openmrs/login.htm' successfully

13-04-2025T16:19:14 - [TEST_STEP][PASSED] - setText(findTestObject("Object Repository/Page_Login/input_Username_username"), "admin"): Text 'admin' is set on object 'Object Repository/Page_Login/input_Username_username'

13-04-2025T16:19:15 - [MESSAGE][PASSED] - Text 'admin' is set on object 'Object Repository/Page_Login/input_Username_username'

13-04-2025T16:19:15 - [TEST_STEP][PASSED] - setEncryptedText(findTestObject("Object Repository/Page_Login/input_Password_password"), "/5S6MFFLcE4mlsixtc6/Tg=="): Text ****** has been set on object 'Object Repository/Page_Login/input_Password_password'

13-04-2025T16:19:15 - [MESSAGE][PASSED] - Text ****** has been set on object 'Object Repository/Page_Login/input_Password_password'

13-04-2025T16:19:15 - [TEST_STEP][PASSED] - click(findTestObject("Object Repository/Page_Login/li_Pharmacy")): Object: 'Object Repository/Page_Login/li_Pharmacy' is clicked on

13-04-2025T16:19:15 - [MESSAGE][PASSED] - Object: 'Object Repository/Page_Login/li_Pharmacy' is clicked on

13-04-2025T16:19:15 - [TEST_STEP][PASSED] - click(findTestObject("Object Repository/Page_Login/input_Registration Desk_loginButton")): Object: 'Object Repository/Page_Login/input_Registration Desk_loginButton' is clicked on

13-04-2025T16:19:18 - [MESSAGE][PASSED] - Object: 'Object Repository/Page_Login/input_Registration Desk_loginButton' is clicked on

13-04-2025T16:19:18 - [TEST_STEP][PASSED] - verifyElementText(findTestObject("Object Repository/Dashboard/login_as"), "Logged in as Super User (admin) at Pharmacy."): Actual text and expected text of test object 'Object Repository/Dashboard/login_as' are matched.

13-04-2025T16:19:19 - [MESSAGE][PASSED] - Actual text and expected text of test object 'Object Repository/Dashboard/login_as' are matched.

13-04-2025T16:19:19 - [TEST_STEP][PASSED] - openBrowser(""): Browser is opened with url: ''

13-04-2025T16:19:19 - [MESSAGE][WARNING] - A browser is already opened. Closing browser and opening a new one

13-04-2025T16:19:19 - [MESSAGE][INFO] - Starting 'Chrome' driver

13-04-2025T16:19:19 - [MESSAGE][INFO] - Action delay is set to 0 milliseconds

13-04-2025T16:19:20 - [MESSAGE][PASSED] - Browser is opened with url: ''

13-04-2025T16:19:20 - [TEST_STEP][PASSED] - maximizeWindow(): Current window maximized

13-04-2025T16:19:20 - [MESSAGE][PASSED] - Current window maximized

13-04-2025T16:19:20 - [TEST_STEP][PASSED] - navigateToUrl(url): Navigate to 'https://o2.openmrs.org/openmrs/login.htm' successfully

13-04-2025T16:19:47 - [MESSAGE][PASSED] - Navigate to 'https://o2.openmrs.org/openmrs/login.htm' successfully

13-04-2025T16:19:47 - [TEST_STEP][PASSED] - setText(findTestObject("Object Repository/Page_Login/input_Username_username"), "admin"): Text 'admin' is set on object 'Object Repository/Page_Login/input_Username_username'

13-04-2025T16:19:47 - [MESSAGE][PASSED] - Text 'admin' is set on object 'Object Repository/Page_Login/input_Username_username'

13-04-2025T16:19:47 - [TEST_STEP][PASSED] - setEncryptedText(findTestObject("Object Repository/Page_Login/input_Password_password"), "/5S6MFFLcE4mlsixtc6/Tg=="): Text ****** has been set on object 'Object Repository/Page_Login/input_Password_password'

13-04-2025T16:19:48 - [MESSAGE][PASSED] - Text ****** has been set on object 'Object Repository/Page_Login/input_Password_password'

13-04-2025T16:19:48 - [TEST_STEP][PASSED] - click(findTestObject("Object Repository/Page_Login/li_Pharmacy")): Object: 'Object Repository/Page_Login/li_Pharmacy' is clicked on

13-04-2025T16:19:48 - [MESSAGE][PASSED] - Object: 'Object Repository/Page_Login/li_Pharmacy' is clicked on

13-04-2025T16:19:48 - [TEST_STEP][PASSED] - click(findTestObject("Object Repository/Page_Login/input_Registration Desk_loginButton")): Object: 'Object Repository/Page_Login/input_Registration Desk_loginButton' is clicked on

13-04-2025T16:19:52 - [MESSAGE][PASSED] - Object: 'Object Repository/Page_Login/input_Registration Desk_loginButton' is clicked on

13-04-2025T16:19:52 - [TEST_STEP][PASSED] - verifyElementText(findTestObject("Object Repository/Dashboard/login_as"), "Logged in as Super User (admin) at Pharmacy."): Actual text and expected text of test object 'Object Repository/Dashboard/login_as' are matched.

13-04-2025T16:19:52 - [MESSAGE][PASSED] - Actual text and expected text of test object 'Object Repository/Dashboard/login_as' are matched.

13-04-2025T16:19:52 - [TEST_STEP][PASSED] - verifyElementText(findTestObject("Object Repository/Page_Home/span_Pharmacy"), "Pharmacy"): Actual text and expected text of test object 'Object Repository/Page_Home/span_Pharmacy' are matched.

13-04-2025T16:19:52 - [MESSAGE][PASSED] - Actual text and expected text of test object 'Object Repository/Page_Home/span_Pharmacy' are matched.]]></system-out>
         <system-err><![CDATA[]]></system-err>
      </testcase>
      <system-out><![CDATA[13-04-2025T16:17:24 - [TEST_SUITE][PASSED] - 1.TS_Login: Test Cases/1. Login/3. Login menggunakan valid credential]]></system-out>
      <system-err><![CDATA[]]></system-err>
   </testsuite>
   <testsuite name="2.TS_RegisterPatient" tests="1" failures="0" errors="0" time="166.988" skipped="0" timestamp="13-04-2025T16:19:56" hostname="acer - 20.20.2.217" id="Test Suites/2.TS_RegisterPatient">
      <properties>
         <property name="deviceName" value=""/>
         <property name="devicePlatform"/>
         <property name="logFolder" value="C:\\Users\\acer\\OneDrive\\Documents\\Automation-openRMS\\Reports\\20250413_161708\\2.TS_RegisterPatient\\20250413_161711"/>
         <property name="logFiles" value="C:\\Users\\acer\\OneDrive\\Documents\\Automation-openRMS\\Reports\\20250413_161708\\2.TS_RegisterPatient\\20250413_161711\\execution0.log"/>
         <property name="attachments" value=""/>
         <property name="hostName" value="acer - 20.20.2.217"/>
         <property name="os" value="Windows 11 64bit"/>
         <property name="katalonVersion" value="10.1.1.0"/>
         <property name="browser" value="Chrome 135.0.7049.42"/>
         <property name="hostAddress" value="20.20.2.217"/>
         <property name="sessionId" value="10519658105c3e99f3ea5aab0ba51030"/>
         <property name="seleniumVersion" value="4.22.0"/>
         <property name="proxyInformation" value="ProxyInformation { proxyOption=NO_PROXY, proxyServerType=HTTP, username=, password=********, proxyServerAddress=, proxyServerPort=0, executionList=&quot;&quot;, isApplyToDesiredCapabilities=true }"/>
         <property name="platform" value="Windows 11"/>
      </properties>
      <testcase name="Test Cases/2. Register Patient/1. Admin mandaftarkan pasien baru" time="166.825" classname="Test Cases/2. Register Patient/1. Admin mandaftarkan pasien baru" status="PASSED">
         <system-out><![CDATA[13-04-2025T16:19:56 - [TEST_CASE][PASSED] - Test Cases/2. Register Patient/1. Admin mandaftarkan pasien baru: Test Cases/2. Register Patient/1. Admin mandaftarkan pasien baru

13-04-2025T16:19:56 - [TEST_STEP][PASSED] - Start listener action : sampleBeforeTestCase: Actual text and expected text of test object 'Object Repository/Dashboard/login_as' are matched.

13-04-2025T16:19:56 - [TEST_STEP][PASSED] - openBrowser(""): Browser is opened with url: ''

13-04-2025T16:19:57 - [MESSAGE][INFO] - Starting 'Chrome' driver

13-04-2025T16:19:57 - [MESSAGE][INFO] - Action delay is set to 0 milliseconds

13-04-2025T16:19:59 - [MESSAGE][PASSED] - Browser is opened with url: ''

13-04-2025T16:19:59 - [TEST_STEP][PASSED] - maximizeWindow(): Current window maximized

13-04-2025T16:19:59 - [MESSAGE][PASSED] - Current window maximized

13-04-2025T16:19:59 - [TEST_STEP][PASSED] - navigateToUrl(url): Navigate to 'https://o2.openmrs.org/openmrs/login.htm' successfully

13-04-2025T16:20:24 - [MESSAGE][PASSED] - Navigate to 'https://o2.openmrs.org/openmrs/login.htm' successfully

13-04-2025T16:20:24 - [TEST_STEP][PASSED] - setText(findTestObject("Object Repository/Page_Login/input_Username_username"), "admin"): Text 'admin' is set on object 'Object Repository/Page_Login/input_Username_username'

13-04-2025T16:20:24 - [MESSAGE][PASSED] - Text 'admin' is set on object 'Object Repository/Page_Login/input_Username_username'

13-04-2025T16:20:24 - [TEST_STEP][PASSED] - setEncryptedText(findTestObject("Object Repository/Page_Login/input_Password_password"), "/5S6MFFLcE4mlsixtc6/Tg=="): Text ****** has been set on object 'Object Repository/Page_Login/input_Password_password'

13-04-2025T16:20:25 - [MESSAGE][PASSED] - Text ****** has been set on object 'Object Repository/Page_Login/input_Password_password'

13-04-2025T16:20:25 - [TEST_STEP][PASSED] - click(findTestObject("Object Repository/Page_Login/li_Pharmacy")): Object: 'Object Repository/Page_Login/li_Pharmacy' is clicked on

13-04-2025T16:20:25 - [MESSAGE][PASSED] - Object: 'Object Repository/Page_Login/li_Pharmacy' is clicked on

13-04-2025T16:20:25 - [TEST_STEP][PASSED] - click(findTestObject("Object Repository/Page_Login/input_Registration Desk_loginButton")): Object: 'Object Repository/Page_Login/input_Registration Desk_loginButton' is clicked on

13-04-2025T16:20:28 - [MESSAGE][PASSED] - Object: 'Object Repository/Page_Login/input_Registration Desk_loginButton' is clicked on

13-04-2025T16:20:28 - [TEST_STEP][PASSED] - verifyElementText(findTestObject("Object Repository/Dashboard/login_as"), "Logged in as Super User (admin) at Pharmacy."): Actual text and expected text of test object 'Object Repository/Dashboard/login_as' are matched.

13-04-2025T16:20:28 - [MESSAGE][PASSED] - Actual text and expected text of test object 'Object Repository/Dashboard/login_as' are matched.

13-04-2025T16:20:28 - [TEST_STEP][PASSED] - randomGenerator = new randomString(): null

13-04-2025T16:20:28 - [TEST_STEP][PASSED] - randomLength = 8: null

13-04-2025T16:20:28 - [TEST_STEP][PASSED] - randomText = randomGenerator.generateAlphanumeric(randomLength): null

13-04-2025T16:20:28 - [TEST_STEP][PASSED] - println("Random Alphanumeric Text: " + randomText): null

13-04-2025T16:20:28 - [TEST_STEP][PASSED] - randomText = randomText: null

13-04-2025T16:20:28 - [TEST_STEP][PASSED] - click(findTestObject("Object Repository/Page_Home/a_Register a patient")): Object: 'Object Repository/Page_Home/a_Register a patient' is clicked on

13-04-2025T16:20:36 - [MESSAGE][PASSED] - Object: 'Object Repository/Page_Home/a_Register a patient' is clicked on

13-04-2025T16:20:36 - [TEST_STEP][PASSED] - waitForElementVisible(findTestObject("Object Repository/Page_OpenMRS Electronic Medical Record/input_(required)_givenName"), 10): Object 'Object Repository/Page_OpenMRS Electronic Medical Record/input_(required)_givenName' is visible

13-04-2025T16:20:37 - [MESSAGE][PASSED] - Object 'Object Repository/Page_OpenMRS Electronic Medical Record/input_(required)_givenName' is visible

13-04-2025T16:20:37 - [TEST_STEP][PASSED] - setText(findTestObject("Object Repository/Page_OpenMRS Electronic Medical Record/input_(required)_givenName"), "irman"): Text 'irman' is set on object 'Object Repository/Page_OpenMRS Electronic Medical Record/input_(required)_givenName'

13-04-2025T16:20:37 - [MESSAGE][PASSED] - Text 'irman' is set on object 'Object Repository/Page_OpenMRS Electronic Medical Record/input_(required)_givenName'

13-04-2025T16:20:37 - [TEST_STEP][PASSED] - setText(findTestObject("Object Repository/Page_OpenMRS Electronic Medical Record/input_Middle_middleName"), "ramadhan"): Text 'ramadhan' is set on object 'Object Repository/Page_OpenMRS Electronic Medical Record/input_Middle_middleName'

13-04-2025T16:20:38 - [MESSAGE][PASSED] - Text 'ramadhan' is set on object 'Object Repository/Page_OpenMRS Electronic Medical Record/input_Middle_middleName'

13-04-2025T16:20:38 - [TEST_STEP][PASSED] - setText(findTestObject("Object Repository/Page_OpenMRS Electronic Medical Record/input_(required)_familyName"), randomText): Text 'nhf4lZF9' is set on object 'Object Repository/Page_OpenMRS Electronic Medical Record/input_(required)_familyName'

13-04-2025T16:20:40 - [MESSAGE][PASSED] - Text 'nhf4lZF9' is set on object 'Object Repository/Page_OpenMRS Electronic Medical Record/input_(required)_familyName'

13-04-2025T16:20:40 - [TEST_STEP][PASSED] - click(findTestObject("Object Repository/Page_OpenMRS Electronic Medical Record/icon_Confirm submission_fas fa-chevron-right")): Object: 'Object Repository/Page_OpenMRS Electronic Medical Record/icon_Confirm submission_fas fa-chevron-right' is clicked on

13-04-2025T16:20:41 - [MESSAGE][PASSED] - Object: 'Object Repository/Page_OpenMRS Electronic Medical Record/icon_Confirm submission_fas fa-chevron-right' is clicked on

13-04-2025T16:20:41 - [TEST_STEP][PASSED] - click(findTestObject("Object Repository/Page_OpenMRS Electronic Medical Record/button_Confirm submission_next-button")): Object: 'Object Repository/Page_OpenMRS Electronic Medical Record/button_Confirm submission_next-button' is clicked on

13-04-2025T16:20:41 - [MESSAGE][PASSED] - Object: 'Object Repository/Page_OpenMRS Electronic Medical Record/button_Confirm submission_next-button' is clicked on

13-04-2025T16:20:41 - [TEST_STEP][PASSED] - selectOptionByValue(findTestObject("Object Repository/Page_OpenMRS Electronic Medical Record/select_Male                    Female"), "M", true): All options with value 'M' are selected in object 'Object Repository/Page_OpenMRS Electronic Medical Record/select_Male                    Female'  using regular expression

13-04-2025T16:20:42 - [MESSAGE][PASSED] - All options with value 'M' are selected in object 'Object Repository/Page_OpenMRS Electronic Medical Record/select_Male                    Female'  using regular expression

13-04-2025T16:20:42 - [TEST_STEP][PASSED] - click(findTestObject("Object Repository/Page_OpenMRS Electronic Medical Record/button_Confirm submission_next-button")): Object: 'Object Repository/Page_OpenMRS Electronic Medical Record/button_Confirm submission_next-button' is clicked on

13-04-2025T16:20:43 - [MESSAGE][PASSED] - Object: 'Object Repository/Page_OpenMRS Electronic Medical Record/button_Confirm submission_next-button' is clicked on

13-04-2025T16:20:43 - [TEST_STEP][PASSED] - setText(findTestObject("Object Repository/Page_OpenMRS Electronic Medical Record/input_(required)_birthdateDay"), "04"): Text '04' is set on object 'Object Repository/Page_OpenMRS Electronic Medical Record/input_(required)_birthdateDay'

13-04-2025T16:20:43 - [MESSAGE][PASSED] - Text '04' is set on object 'Object Repository/Page_OpenMRS Electronic Medical Record/input_(required)_birthdateDay'

13-04-2025T16:20:43 - [TEST_STEP][PASSED] - selectOptionByValue(findTestObject("Object Repository/Page_OpenMRS Electronic Medical Record/select_Select                            Ja_a574ad"), "3", true): All options with value '3' are selected in object 'Object Repository/Page_OpenMRS Electronic Medical Record/select_Select                            Ja_a574ad'  using regular expression

13-04-2025T16:20:44 - [MESSAGE][PASSED] - All options with value '3' are selected in object 'Object Repository/Page_OpenMRS Electronic Medical Record/select_Select                            Ja_a574ad'  using regular expression

13-04-2025T16:20:44 - [TEST_STEP][PASSED] - setText(findTestObject("Object Repository/Page_OpenMRS Electronic Medical Record/input_(required)_birthdateYear"), "1994"): Text '1994' is set on object 'Object Repository/Page_OpenMRS Electronic Medical Record/input_(required)_birthdateYear'

13-04-2025T16:20:46 - [MESSAGE][PASSED] - Text '1994' is set on object 'Object Repository/Page_OpenMRS Electronic Medical Record/input_(required)_birthdateYear'

13-04-2025T16:20:46 - [TEST_STEP][PASSED] - click(findTestObject("Object Repository/Page_OpenMRS Electronic Medical Record/button_Confirm submission_next-button")): Object: 'Object Repository/Page_OpenMRS Electronic Medical Record/button_Confirm submission_next-button' is clicked on

13-04-2025T16:20:46 - [MESSAGE][PASSED] - Object: 'Object Repository/Page_OpenMRS Electronic Medical Record/button_Confirm submission_next-button' is clicked on

13-04-2025T16:20:46 - [TEST_STEP][PASSED] - setText(findTestObject("Object Repository/Page_OpenMRS Electronic Medical Record/input_Address_address1"), "cisinga"): Text 'cisinga' is set on object 'Object Repository/Page_OpenMRS Electronic Medical Record/input_Address_address1'

13-04-2025T16:20:47 - [MESSAGE][PASSED] - Text 'cisinga' is set on object 'Object Repository/Page_OpenMRS Electronic Medical Record/input_Address_address1'

13-04-2025T16:20:47 - [TEST_STEP][PASSED] - setText(findTestObject("Object Repository/Page_OpenMRS Electronic Medical Record/input_Address 2_address2"), "kertamukti"): Text 'kertamukti' is set on object 'Object Repository/Page_OpenMRS Electronic Medical Record/input_Address 2_address2'

13-04-2025T16:20:48 - [MESSAGE][PASSED] - Text 'kertamukti' is set on object 'Object Repository/Page_OpenMRS Electronic Medical Record/input_Address 2_address2'

13-04-2025T16:20:48 - [TEST_STEP][PASSED] - setText(findTestObject("Object Repository/Page_OpenMRS Electronic Medical Record/input_CityVillage_cityVillage"), "tasik"): Text 'tasik' is set on object 'Object Repository/Page_OpenMRS Electronic Medical Record/input_CityVillage_cityVillage'

13-04-2025T16:20:49 - [MESSAGE][PASSED] - Text 'tasik' is set on object 'Object Repository/Page_OpenMRS Electronic Medical Record/input_CityVillage_cityVillage'

13-04-2025T16:20:49 - [TEST_STEP][PASSED] - setText(findTestObject("Object Repository/Page_OpenMRS Electronic Medical Record/input_StateProvince_stateProvince"), "jabar"): Text 'jabar' is set on object 'Object Repository/Page_OpenMRS Electronic Medical Record/input_StateProvince_stateProvince'

13-04-2025T16:20:51 - [MESSAGE][PASSED] - Text 'jabar' is set on object 'Object Repository/Page_OpenMRS Electronic Medical Record/input_StateProvince_stateProvince'

13-04-2025T16:20:51 - [TEST_STEP][PASSED] - setText(findTestObject("Object Repository/Page_OpenMRS Electronic Medical Record/input_Country_country"), "indo"): Text 'indo' is set on object 'Object Repository/Page_OpenMRS Electronic Medical Record/input_Country_country'

13-04-2025T16:20:53 - [MESSAGE][PASSED] - Text 'indo' is set on object 'Object Repository/Page_OpenMRS Electronic Medical Record/input_Country_country'

13-04-2025T16:20:53 - [TEST_STEP][PASSED] - setText(findTestObject("Object Repository/Page_OpenMRS Electronic Medical Record/input_Postal Code_postalCode"), "46156"): Text '46156' is set on object 'Object Repository/Page_OpenMRS Electronic Medical Record/input_Postal Code_postalCode'

13-04-2025T16:21:10 - [MESSAGE][PASSED] - Text '46156' is set on object 'Object Repository/Page_OpenMRS Electronic Medical Record/input_Postal Code_postalCode'

13-04-2025T16:21:10 - [TEST_STEP][PASSED] - click(findTestObject("Object Repository/Page_OpenMRS Electronic Medical Record/button_Confirm submission_next-button")): Object: 'Object Repository/Page_OpenMRS Electronic Medical Record/button_Confirm submission_next-button' is clicked on

13-04-2025T16:21:11 - [MESSAGE][PASSED] - Object: 'Object Repository/Page_OpenMRS Electronic Medical Record/button_Confirm submission_next-button' is clicked on

13-04-2025T16:21:11 - [TEST_STEP][PASSED] - setText(findTestObject("Object Repository/Page_OpenMRS Electronic Medical Record/input_concat(What, , s the patient phone nu_867169"), "087777777777"): Text '087777777777' is set on object 'Object Repository/Page_OpenMRS Electronic Medical Record/input_concat(What, , s the patient phone nu_867169'

13-04-2025T16:21:16 - [MESSAGE][PASSED] - Text '087777777777' is set on object 'Object Repository/Page_OpenMRS Electronic Medical Record/input_concat(What, , s the patient phone nu_867169'

13-04-2025T16:21:16 - [TEST_STEP][PASSED] - click(findTestObject("Object Repository/Page_OpenMRS Electronic Medical Record/button_Confirm submission_next-button")): Object: 'Object Repository/Page_OpenMRS Electronic Medical Record/button_Confirm submission_next-button' is clicked on

13-04-2025T16:21:16 - [MESSAGE][PASSED] - Object: 'Object Repository/Page_OpenMRS Electronic Medical Record/button_Confirm submission_next-button' is clicked on

13-04-2025T16:21:16 - [TEST_STEP][PASSED] - selectOptionByValue(findTestObject("Object Repository/Page_OpenMRS Electronic Medical Record/select_Select Relationship Type            _961917"), "8d919b58-c2cc-11de-8d13-0010c6dffd0f-A", true): All options with value '8d919b58-c2cc-11de-8d13-0010c6dffd0f-A' are selected in object 'Object Repository/Page_OpenMRS Electronic Medical Record/select_Select Relationship Type            _961917'  using regular expression

13-04-2025T16:21:53 - [MESSAGE][PASSED] - All options with value '8d919b58-c2cc-11de-8d13-0010c6dffd0f-A' are selected in object 'Object Repository/Page_OpenMRS Electronic Medical Record/select_Select Relationship Type            _961917'  using regular expression

13-04-2025T16:21:53 - [TEST_STEP][PASSED] - setText(findTestObject("Object Repository/Page_OpenMRS Electronic Medical Record/input_Who is the patient related to_person-_c8514e"), "indra"): Text 'indra' is set on object 'Object Repository/Page_OpenMRS Electronic Medical Record/input_Who is the patient related to_person-_c8514e'

13-04-2025T16:21:54 - [MESSAGE][PASSED] - Text 'indra' is set on object 'Object Repository/Page_OpenMRS Electronic Medical Record/input_Who is the patient related to_person-_c8514e'

13-04-2025T16:21:54 - [TEST_STEP][PASSED] - click(findTestObject("Object Repository/Page_OpenMRS Electronic Medical Record/i_Who is the patient related to_icon-plus-s_997839")): Object: 'Object Repository/Page_OpenMRS Electronic Medical Record/i_Who is the patient related to_icon-plus-s_997839' is clicked on

13-04-2025T16:21:58 - [MESSAGE][PASSED] - Object: 'Object Repository/Page_OpenMRS Electronic Medical Record/i_Who is the patient related to_icon-plus-s_997839' is clicked on

13-04-2025T16:21:58 - [TEST_STEP][PASSED] - selectOptionByValue(findTestObject("Object Repository/Page_OpenMRS Electronic Medical Record/select_Select Relationship Type            _961917_1"), "8d91a210-c2cc-11de-8d13-0010c6dffd0f-A", true): All options with value '8d91a210-c2cc-11de-8d13-0010c6dffd0f-A' are selected in object 'Object Repository/Page_OpenMRS Electronic Medical Record/select_Select Relationship Type            _961917_1'  using regular expression

13-04-2025T16:21:59 - [MESSAGE][PASSED] - All options with value '8d91a210-c2cc-11de-8d13-0010c6dffd0f-A' are selected in object 'Object Repository/Page_OpenMRS Electronic Medical Record/select_Select Relationship Type            _961917_1'  using regular expression

13-04-2025T16:21:59 - [TEST_STEP][PASSED] - setText(findTestObject("Object Repository/Page_OpenMRS Electronic Medical Record/input_Who is the patient related to_person-_c8514e_1"), "Simon"): Text 'Simon' is set on object 'Object Repository/Page_OpenMRS Electronic Medical Record/input_Who is the patient related to_person-_c8514e_1'

13-04-2025T16:22:00 - [MESSAGE][PASSED] - Text 'Simon' is set on object 'Object Repository/Page_OpenMRS Electronic Medical Record/input_Who is the patient related to_person-_c8514e_1'

13-04-2025T16:22:00 - [TEST_STEP][PASSED] - click(findTestObject("Object Repository/Page_OpenMRS Electronic Medical Record/button_Confirm submission_next-button")): Object: 'Object Repository/Page_OpenMRS Electronic Medical Record/button_Confirm submission_next-button' is clicked on

13-04-2025T16:22:03 - [MESSAGE][PASSED] - Object: 'Object Repository/Page_OpenMRS Electronic Medical Record/button_Confirm submission_next-button' is clicked on

13-04-2025T16:22:03 - [TEST_STEP][PASSED] - click(findTestObject("Object Repository/Page_OpenMRS Electronic Medical Record/input_Confirm submission_submit")): Object: 'Object Repository/Page_OpenMRS Electronic Medical Record/input_Confirm submission_submit' is clicked on

13-04-2025T16:22:07 - [MESSAGE][PASSED] - Object: 'Object Repository/Page_OpenMRS Electronic Medical Record/input_Confirm submission_submit' is clicked on

13-04-2025T16:22:07 - [TEST_STEP][PASSED] - verifyElementText(findTestObject("Object Repository/Page_OpenMRS Electronic Medical Record/span_irman"), "irman"): Actual text and expected text of test object 'Object Repository/Page_OpenMRS Electronic Medical Record/span_irman' are matched.

13-04-2025T16:22:28 - [MESSAGE][PASSED] - Actual text and expected text of test object 'Object Repository/Page_OpenMRS Electronic Medical Record/span_irman' are matched.

13-04-2025T16:22:28 - [TEST_STEP][PASSED] - verifyElementText(findTestObject("Object Repository/Page_OpenMRS Electronic Medical Record/span_ramadhan"), "ramadhan"): Actual text and expected text of test object 'Object Repository/Page_OpenMRS Electronic Medical Record/span_ramadhan' are matched.

13-04-2025T16:22:33 - [MESSAGE][PASSED] - Actual text and expected text of test object 'Object Repository/Page_OpenMRS Electronic Medical Record/span_ramadhan' are matched.

13-04-2025T16:22:33 - [TEST_STEP][PASSED] - verifyElementText(findTestObject("Object Repository/Page_OpenMRS Electronic Medical Record/span_rama"), randomText): Actual text and expected text of test object 'Object Repository/Page_OpenMRS Electronic Medical Record/span_rama' are matched.

13-04-2025T16:22:33 - [MESSAGE][PASSED] - Actual text and expected text of test object 'Object Repository/Page_OpenMRS Electronic Medical Record/span_rama' are matched.

13-04-2025T16:22:33 - [TEST_STEP][PASSED] - verifyElementText(findTestObject("Object Repository/Page_OpenMRS Electronic Medical Record/em_Given"), "Given"): Actual text and expected text of test object 'Object Repository/Page_OpenMRS Electronic Medical Record/em_Given' are matched.

13-04-2025T16:22:34 - [MESSAGE][PASSED] - Actual text and expected text of test object 'Object Repository/Page_OpenMRS Electronic Medical Record/em_Given' are matched.

13-04-2025T16:22:34 - [TEST_STEP][PASSED] - verifyElementText(findTestObject("Object Repository/Page_OpenMRS Electronic Medical Record/em_Middle"), "Middle"): Actual text and expected text of test object 'Object Repository/Page_OpenMRS Electronic Medical Record/em_Middle' are matched.

13-04-2025T16:22:34 - [MESSAGE][PASSED] - Actual text and expected text of test object 'Object Repository/Page_OpenMRS Electronic Medical Record/em_Middle' are matched.

13-04-2025T16:22:34 - [TEST_STEP][PASSED] - verifyElementText(findTestObject("Object Repository/Page_OpenMRS Electronic Medical Record/em_Family Name"), "Family Name"): Actual text and expected text of test object 'Object Repository/Page_OpenMRS Electronic Medical Record/em_Family Name' are matched.

13-04-2025T16:22:34 - [MESSAGE][PASSED] - Actual text and expected text of test object 'Object Repository/Page_OpenMRS Electronic Medical Record/em_Family Name' are matched.

13-04-2025T16:22:34 - [TEST_STEP][PASSED] - verifyElementText(findTestObject("Object Repository/Page_OpenMRS Electronic Medical Record/span_Male"), "Male "): Actual text and expected text of test object 'Object Repository/Page_OpenMRS Electronic Medical Record/span_Male' are matched.

13-04-2025T16:22:34 - [MESSAGE][PASSED] - Actual text and expected text of test object 'Object Repository/Page_OpenMRS Electronic Medical Record/span_Male' are matched.

13-04-2025T16:22:34 - [TEST_STEP][PASSED] - verifyElementText(findTestObject("Object Repository/Page_OpenMRS Electronic Medical Record/span_31 year(s)                            _1191ad"), "31 year(s) ( 04.Mar.1994)"): Actual text and expected text of test object 'Object Repository/Page_OpenMRS Electronic Medical Record/span_31 year(s)                            _1191ad' are matched.

13-04-2025T16:22:35 - [MESSAGE][PASSED] - Actual text and expected text of test object 'Object Repository/Page_OpenMRS Electronic Medical Record/span_31 year(s)                            _1191ad' are matched.

13-04-2025T16:22:35 - [TEST_STEP][PASSED] - verifyElementText(findTestObject("Object Repository/Page_OpenMRS Electronic Medical Record/em_Patient ID"), "Patient ID"): Actual text and expected text of test object 'Object Repository/Page_OpenMRS Electronic Medical Record/em_Patient ID' are matched.

13-04-2025T16:22:35 - [MESSAGE][PASSED] - Actual text and expected text of test object 'Object Repository/Page_OpenMRS Electronic Medical Record/em_Patient ID' are matched.

13-04-2025T16:22:35 - [TEST_STEP][PASSED] - verifyElementPresent(findTestObject("Object Repository/Page_OpenMRS Electronic Medical Record/span_100LDG"), 10): Object 'Object Repository/Page_OpenMRS Electronic Medical Record/span_100LDG' is present

13-04-2025T16:22:35 - [MESSAGE][PASSED] - Object 'Object Repository/Page_OpenMRS Electronic Medical Record/span_100LDG' is present

13-04-2025T16:22:35 - [TEST_STEP][PASSED] - verifyElementText(findTestObject("Object Repository/Page_OpenMRS Electronic Medical Record/h3_DIAGNOSES"), "DIAGNOSES"): Actual text and expected text of test object 'Object Repository/Page_OpenMRS Electronic Medical Record/h3_DIAGNOSES' are matched.

13-04-2025T16:22:36 - [MESSAGE][PASSED] - Actual text and expected text of test object 'Object Repository/Page_OpenMRS Electronic Medical Record/h3_DIAGNOSES' are matched.

13-04-2025T16:22:36 - [TEST_STEP][PASSED] - verifyElementText(findTestObject("Object Repository/Page_OpenMRS Electronic Medical Record/div_None in the last 730 days"), "None in the last 730 days"): Actual text and expected text of test object 'Object Repository/Page_OpenMRS Electronic Medical Record/div_None in the last 730 days' are matched.

13-04-2025T16:22:36 - [MESSAGE][PASSED] - Actual text and expected text of test object 'Object Repository/Page_OpenMRS Electronic Medical Record/div_None in the last 730 days' are matched.

13-04-2025T16:22:36 - [TEST_STEP][PASSED] - verifyElementText(findTestObject("Object Repository/Page_OpenMRS Electronic Medical Record/h3_LATEST OBSERVATIONS"), "LATEST OBSERVATIONS"): Actual text and expected text of test object 'Object Repository/Page_OpenMRS Electronic Medical Record/h3_LATEST OBSERVATIONS' are matched.

13-04-2025T16:22:36 - [MESSAGE][PASSED] - Actual text and expected text of test object 'Object Repository/Page_OpenMRS Electronic Medical Record/h3_LATEST OBSERVATIONS' are matched.

13-04-2025T16:22:36 - [TEST_STEP][PASSED] - verifyElementText(findTestObject("Object Repository/Page_OpenMRS Electronic Medical Record/p_None in the last   30  days              _127cd3"), "None in the last 30 days None"): Actual text and expected text of test object 'Object Repository/Page_OpenMRS Electronic Medical Record/p_None in the last   30  days              _127cd3' are matched.

13-04-2025T16:22:36 - [MESSAGE][PASSED] - Actual text and expected text of test object 'Object Repository/Page_OpenMRS Electronic Medical Record/p_None in the last   30  days              _127cd3' are matched.

13-04-2025T16:22:36 - [TEST_STEP][PASSED] - verifyElementText(findTestObject("Object Repository/Page_OpenMRS Electronic Medical Record/h3_HEALTH TREND SUMMARY"), "HEALTH TREND SUMMARY"): Actual text and expected text of test object 'Object Repository/Page_OpenMRS Electronic Medical Record/h3_HEALTH TREND SUMMARY' are matched.

13-04-2025T16:22:37 - [MESSAGE][PASSED] - Actual text and expected text of test object 'Object Repository/Page_OpenMRS Electronic Medical Record/h3_HEALTH TREND SUMMARY' are matched.

13-04-2025T16:22:37 - [TEST_STEP][PASSED] - verifyElementText(findTestObject("Object Repository/Page_OpenMRS Electronic Medical Record/h3_WEIGHT GRAPH"), "WEIGHT GRAPH"): Actual text and expected text of test object 'Object Repository/Page_OpenMRS Electronic Medical Record/h3_WEIGHT GRAPH' are matched.

13-04-2025T16:22:37 - [MESSAGE][PASSED] - Actual text and expected text of test object 'Object Repository/Page_OpenMRS Electronic Medical Record/h3_WEIGHT GRAPH' are matched.

13-04-2025T16:22:37 - [TEST_STEP][PASSED] - verifyElementText(findTestObject("Object Repository/Page_OpenMRS Electronic Medical Record/strong_Weight (kg)"), "Weight (kg)"): Actual text and expected text of test object 'Object Repository/Page_OpenMRS Electronic Medical Record/strong_Weight (kg)' are matched.

13-04-2025T16:22:37 - [MESSAGE][PASSED] - Actual text and expected text of test object 'Object Repository/Page_OpenMRS Electronic Medical Record/strong_Weight (kg)' are matched.

13-04-2025T16:22:37 - [TEST_STEP][PASSED] - verifyElementText(findTestObject("Object Repository/Page_OpenMRS Electronic Medical Record/span_None in the last   365  days"), "None in the last 365 days"): Actual text and expected text of test object 'Object Repository/Page_OpenMRS Electronic Medical Record/span_None in the last   365  days' are matched.

13-04-2025T16:22:37 - [MESSAGE][PASSED] - Actual text and expected text of test object 'Object Repository/Page_OpenMRS Electronic Medical Record/span_None in the last   365  days' are matched.

13-04-2025T16:22:37 - [TEST_STEP][PASSED] - verifyElementText(findTestObject("Object Repository/Page_OpenMRS Electronic Medical Record/h3_VITALS"), "VITALS"): Actual text and expected text of test object 'Object Repository/Page_OpenMRS Electronic Medical Record/h3_VITALS' are matched.

13-04-2025T16:22:38 - [MESSAGE][PASSED] - Actual text and expected text of test object 'Object Repository/Page_OpenMRS Electronic Medical Record/h3_VITALS' are matched.

13-04-2025T16:22:38 - [TEST_STEP][PASSED] - verifyElementText(findTestObject("Object Repository/Page_OpenMRS Electronic Medical Record/div_None"), "None"): Actual text and expected text of test object 'Object Repository/Page_OpenMRS Electronic Medical Record/div_None' are matched.

13-04-2025T16:22:38 - [MESSAGE][PASSED] - Actual text and expected text of test object 'Object Repository/Page_OpenMRS Electronic Medical Record/div_None' are matched.

13-04-2025T16:22:38 - [TEST_STEP][PASSED] - verifyElementText(findTestObject("Object Repository/Page_OpenMRS Electronic Medical Record/h3_APPOINTMENTS"), "APPOINTMENTS"): Actual text and expected text of test object 'Object Repository/Page_OpenMRS Electronic Medical Record/h3_APPOINTMENTS' are matched.

13-04-2025T16:22:38 - [MESSAGE][PASSED] - Actual text and expected text of test object 'Object Repository/Page_OpenMRS Electronic Medical Record/h3_APPOINTMENTS' are matched.

13-04-2025T16:22:38 - [TEST_STEP][PASSED] - verifyElementText(findTestObject("Object Repository/Page_OpenMRS Electronic Medical Record/div_None_1"), "None"): Actual text and expected text of test object 'Object Repository/Page_OpenMRS Electronic Medical Record/div_None_1' are matched.

13-04-2025T16:22:38 - [MESSAGE][PASSED] - Actual text and expected text of test object 'Object Repository/Page_OpenMRS Electronic Medical Record/div_None_1' are matched.

13-04-2025T16:22:38 - [TEST_STEP][PASSED] - verifyElementText(findTestObject("Object Repository/Page_OpenMRS Electronic Medical Record/h3_RECENT VISITS"), "RECENT VISITS"): Actual text and expected text of test object 'Object Repository/Page_OpenMRS Electronic Medical Record/h3_RECENT VISITS' are matched.

13-04-2025T16:22:39 - [MESSAGE][PASSED] - Actual text and expected text of test object 'Object Repository/Page_OpenMRS Electronic Medical Record/h3_RECENT VISITS' are matched.

13-04-2025T16:22:39 - [TEST_STEP][PASSED] - verifyElementText(findTestObject("Object Repository/Page_OpenMRS Electronic Medical Record/p_None"), "None"): Actual text and expected text of test object 'Object Repository/Page_OpenMRS Electronic Medical Record/p_None' are matched.

13-04-2025T16:22:39 - [MESSAGE][PASSED] - Actual text and expected text of test object 'Object Repository/Page_OpenMRS Electronic Medical Record/p_None' are matched.

13-04-2025T16:22:39 - [TEST_STEP][PASSED] - verifyElementText(findTestObject("Object Repository/Page_OpenMRS Electronic Medical Record/h3_FAMILY"), "FAMILY"): Actual text and expected text of test object 'Object Repository/Page_OpenMRS Electronic Medical Record/h3_FAMILY' are matched.

13-04-2025T16:22:39 - [MESSAGE][PASSED] - Actual text and expected text of test object 'Object Repository/Page_OpenMRS Electronic Medical Record/h3_FAMILY' are matched.

13-04-2025T16:22:39 - [TEST_STEP][PASSED] - verifyElementText(findTestObject("Object Repository/Page_OpenMRS Electronic Medical Record/p_None_1"), "None"): Actual text and expected text of test object 'Object Repository/Page_OpenMRS Electronic Medical Record/p_None_1' are matched.

13-04-2025T16:22:40 - [MESSAGE][PASSED] - Actual text and expected text of test object 'Object Repository/Page_OpenMRS Electronic Medical Record/p_None_1' are matched.

13-04-2025T16:22:40 - [TEST_STEP][PASSED] - verifyElementText(findTestObject("Object Repository/Page_OpenMRS Electronic Medical Record/h3_CONDITIONS"), "CONDITIONS"): Actual text and expected text of test object 'Object Repository/Page_OpenMRS Electronic Medical Record/h3_CONDITIONS' are matched.

13-04-2025T16:22:40 - [MESSAGE][PASSED] - Actual text and expected text of test object 'Object Repository/Page_OpenMRS Electronic Medical Record/h3_CONDITIONS' are matched.

13-04-2025T16:22:40 - [TEST_STEP][PASSED] - verifyElementText(findTestObject("Object Repository/Page_OpenMRS Electronic Medical Record/p_None_1_2"), "None"): Actual text and expected text of test object 'Object Repository/Page_OpenMRS Electronic Medical Record/p_None_1_2' are matched.

13-04-2025T16:22:40 - [MESSAGE][PASSED] - Actual text and expected text of test object 'Object Repository/Page_OpenMRS Electronic Medical Record/p_None_1_2' are matched.

13-04-2025T16:22:40 - [TEST_STEP][PASSED] - verifyElementText(findTestObject("Object Repository/Page_OpenMRS Electronic Medical Record/h3_ATTACHMENTS"), "ATTACHMENTS"): Actual text and expected text of test object 'Object Repository/Page_OpenMRS Electronic Medical Record/h3_ATTACHMENTS' are matched.

13-04-2025T16:22:40 - [MESSAGE][PASSED] - Actual text and expected text of test object 'Object Repository/Page_OpenMRS Electronic Medical Record/h3_ATTACHMENTS' are matched.

13-04-2025T16:22:40 - [TEST_STEP][PASSED] - verifyElementText(findTestObject("Object Repository/Page_OpenMRS Electronic Medical Record/h3_ALLERGIES"), "ALLERGIES"): Actual text and expected text of test object 'Object Repository/Page_OpenMRS Electronic Medical Record/h3_ALLERGIES' are matched.

13-04-2025T16:22:40 - [MESSAGE][PASSED] - Actual text and expected text of test object 'Object Repository/Page_OpenMRS Electronic Medical Record/h3_ALLERGIES' are matched.

13-04-2025T16:22:40 - [TEST_STEP][PASSED] - verifyElementText(findTestObject("Object Repository/Page_OpenMRS Electronic Medical Record/div_Unknown"), "Unknown"): Actual text and expected text of test object 'Object Repository/Page_OpenMRS Electronic Medical Record/div_Unknown' are matched.

13-04-2025T16:22:41 - [MESSAGE][PASSED] - Actual text and expected text of test object 'Object Repository/Page_OpenMRS Electronic Medical Record/div_Unknown' are matched.

13-04-2025T16:22:41 - [TEST_STEP][PASSED] - verifyElementText(findTestObject("Object Repository/Page_OpenMRS Electronic Medical Record/h3_General Actions"), "General Actions"): Actual text and expected text of test object 'Object Repository/Page_OpenMRS Electronic Medical Record/h3_General Actions' are matched.

13-04-2025T16:22:41 - [MESSAGE][PASSED] - Actual text and expected text of test object 'Object Repository/Page_OpenMRS Electronic Medical Record/h3_General Actions' are matched.

13-04-2025T16:22:41 - [TEST_STEP][PASSED] - verifyElementText(findTestObject("Object Repository/Page_OpenMRS Electronic Medical Record/div_Start Visit"), "Start Visit"): Actual text and expected text of test object 'Object Repository/Page_OpenMRS Electronic Medical Record/div_Start Visit' are matched.

13-04-2025T16:22:41 - [MESSAGE][PASSED] - Actual text and expected text of test object 'Object Repository/Page_OpenMRS Electronic Medical Record/div_Start Visit' are matched.

13-04-2025T16:22:41 - [TEST_STEP][PASSED] - verifyElementText(findTestObject("Object Repository/Page_OpenMRS Electronic Medical Record/div_Add Past Visit"), "Add Past Visit"): Actual text and expected text of test object 'Object Repository/Page_OpenMRS Electronic Medical Record/div_Add Past Visit' are matched.

13-04-2025T16:22:42 - [MESSAGE][PASSED] - Actual text and expected text of test object 'Object Repository/Page_OpenMRS Electronic Medical Record/div_Add Past Visit' are matched.

13-04-2025T16:22:42 - [TEST_STEP][PASSED] - verifyElementText(findTestObject("Object Repository/Page_OpenMRS Electronic Medical Record/div_Schedule Appointment"), "Schedule Appointment"): Actual text and expected text of test object 'Object Repository/Page_OpenMRS Electronic Medical Record/div_Schedule Appointment' are matched.

13-04-2025T16:22:42 - [MESSAGE][PASSED] - Actual text and expected text of test object 'Object Repository/Page_OpenMRS Electronic Medical Record/div_Schedule Appointment' are matched.

13-04-2025T16:22:42 - [TEST_STEP][PASSED] - verifyElementText(findTestObject("Object Repository/Page_OpenMRS Electronic Medical Record/div_Request Appointment"), "Request Appointment"): Actual text and expected text of test object 'Object Repository/Page_OpenMRS Electronic Medical Record/div_Request Appointment' are matched.

13-04-2025T16:22:42 - [MESSAGE][PASSED] - Actual text and expected text of test object 'Object Repository/Page_OpenMRS Electronic Medical Record/div_Request Appointment' are matched.

13-04-2025T16:22:42 - [TEST_STEP][PASSED] - verifyElementText(findTestObject("Object Repository/Page_OpenMRS Electronic Medical Record/div_Mark Patient Deceased"), "Mark Patient Deceased"): Actual text and expected text of test object 'Object Repository/Page_OpenMRS Electronic Medical Record/div_Mark Patient Deceased' are matched.

13-04-2025T16:22:42 - [MESSAGE][PASSED] - Actual text and expected text of test object 'Object Repository/Page_OpenMRS Electronic Medical Record/div_Mark Patient Deceased' are matched.

13-04-2025T16:22:42 - [TEST_STEP][PASSED] - verifyElementText(findTestObject("Object Repository/Page_OpenMRS Electronic Medical Record/div_Edit Registration Information"), "Edit Registration Information"): Actual text and expected text of test object 'Object Repository/Page_OpenMRS Electronic Medical Record/div_Edit Registration Information' are matched.

13-04-2025T16:22:43 - [MESSAGE][PASSED] - Actual text and expected text of test object 'Object Repository/Page_OpenMRS Electronic Medical Record/div_Edit Registration Information' are matched.

13-04-2025T16:22:43 - [TEST_STEP][PASSED] - verifyElementText(findTestObject("Object Repository/Page_OpenMRS Electronic Medical Record/div_Delete Patient"), "Delete Patient"): Actual text and expected text of test object 'Object Repository/Page_OpenMRS Electronic Medical Record/div_Delete Patient' are matched.

13-04-2025T16:22:43 - [MESSAGE][PASSED] - Actual text and expected text of test object 'Object Repository/Page_OpenMRS Electronic Medical Record/div_Delete Patient' are matched.

13-04-2025T16:22:43 - [TEST_STEP][PASSED] - verifyElementText(findTestObject("Object Repository/Page_OpenMRS Electronic Medical Record/div_Attachments"), "Attachments"): Actual text and expected text of test object 'Object Repository/Page_OpenMRS Electronic Medical Record/div_Attachments' are matched.

13-04-2025T16:22:43 - [MESSAGE][PASSED] - Actual text and expected text of test object 'Object Repository/Page_OpenMRS Electronic Medical Record/div_Attachments' are matched.]]></system-out>
         <system-err><![CDATA[]]></system-err>
      </testcase>
      <system-out><![CDATA[13-04-2025T16:19:56 - [TEST_SUITE][PASSED] - 2.TS_RegisterPatient: Test Cases/2. Register Patient/1. Admin mandaftarkan pasien baru]]></system-out>
      <system-err><![CDATA[]]></system-err>
   </testsuite>
   <testsuite name="3.TS_Find_Patient_Record" tests="4" failures="0" errors="0" time="347.676" skipped="0" timestamp="13-04-2025T16:22:47" hostname="acer - 20.20.2.217" id="Test Suites/3.TS_Find_Patient_Record">
      <properties>
         <property name="deviceName" value=""/>
         <property name="devicePlatform"/>
         <property name="logFolder" value="C:\\Users\\acer\\OneDrive\\Documents\\Automation-openRMS\\Reports\\20250413_161708\\3.TS_Find_Patient_Record\\20250413_161713"/>
         <property name="logFiles" value="C:\\Users\\acer\\OneDrive\\Documents\\Automation-openRMS\\Reports\\20250413_161708\\3.TS_Find_Patient_Record\\20250413_161713\\execution0.log"/>
         <property name="attachments" value="C:\\Users\\acer\\OneDrive\\Documents\\Automation-openRMS\\Reports\\20250413_161708\\3.TS_Find_Patient_Record\\20250413_161713\\1744536318222.png, C:\\Users\\acer\\OneDrive\\Documents\\Automation-openRMS\\Reports\\20250413_161708\\3.TS_Find_Patient_Record\\20250413_161713\\1744536359376.png"/>
         <property name="hostName" value="acer - 20.20.2.217"/>
         <property name="os" value="Windows 11 64bit"/>
         <property name="katalonVersion" value="10.1.1.0"/>
         <property name="browser" value="Chrome 135.0.7049.42"/>
         <property name="hostAddress" value="20.20.2.217"/>
         <property name="sessionId" value="a4a0568c7c969995f2b08328077575e9"/>
         <property name="seleniumVersion" value="4.22.0"/>
         <property name="proxyInformation" value="ProxyInformation { proxyOption=NO_PROXY, proxyServerType=HTTP, username=, password=********, proxyServerAddress=, proxyServerPort=0, executionList=&quot;&quot;, isApplyToDesiredCapabilities=true }"/>
         <property name="platform" value="Windows 11"/>
      </properties>
      <testcase name="Test Cases/3. Find Patient Record/1. Search Patient by Name" time="43.69" classname="Test Cases/3. Find Patient Record/1. Search Patient by Name" status="PASSED">
         <system-out><![CDATA[13-04-2025T16:22:47 - [TEST_CASE][PASSED] - Test Cases/3. Find Patient Record/1. Search Patient by Name: Test Cases/3. Find Patient Record/1. Search Patient by Name

13-04-2025T16:22:47 - [TEST_STEP][PASSED] - Start listener action : sampleBeforeTestCase: Actual text and expected text of test object 'Object Repository/Dashboard/login_as' are matched.

13-04-2025T16:22:47 - [TEST_STEP][PASSED] - openBrowser(""): Browser is opened with url: ''

13-04-2025T16:22:47 - [MESSAGE][INFO] - Starting 'Chrome' driver

13-04-2025T16:22:48 - [MESSAGE][INFO] - Action delay is set to 0 milliseconds

13-04-2025T16:22:50 - [MESSAGE][PASSED] - Browser is opened with url: ''

13-04-2025T16:22:50 - [TEST_STEP][PASSED] - maximizeWindow(): Current window maximized

13-04-2025T16:22:50 - [MESSAGE][PASSED] - Current window maximized

13-04-2025T16:22:50 - [TEST_STEP][PASSED] - navigateToUrl(url): Navigate to 'https://o2.openmrs.org/openmrs/login.htm' successfully

13-04-2025T16:23:16 - [MESSAGE][PASSED] - Navigate to 'https://o2.openmrs.org/openmrs/login.htm' successfully

13-04-2025T16:23:16 - [TEST_STEP][PASSED] - setText(findTestObject("Object Repository/Page_Login/input_Username_username"), "admin"): Text 'admin' is set on object 'Object Repository/Page_Login/input_Username_username'

13-04-2025T16:23:16 - [MESSAGE][PASSED] - Text 'admin' is set on object 'Object Repository/Page_Login/input_Username_username'

13-04-2025T16:23:16 - [TEST_STEP][PASSED] - setEncryptedText(findTestObject("Object Repository/Page_Login/input_Password_password"), "/5S6MFFLcE4mlsixtc6/Tg=="): Text ****** has been set on object 'Object Repository/Page_Login/input_Password_password'

13-04-2025T16:23:17 - [MESSAGE][PASSED] - Text ****** has been set on object 'Object Repository/Page_Login/input_Password_password'

13-04-2025T16:23:17 - [TEST_STEP][PASSED] - click(findTestObject("Object Repository/Page_Login/li_Pharmacy")): Object: 'Object Repository/Page_Login/li_Pharmacy' is clicked on

13-04-2025T16:23:17 - [MESSAGE][PASSED] - Object: 'Object Repository/Page_Login/li_Pharmacy' is clicked on

13-04-2025T16:23:17 - [TEST_STEP][PASSED] - click(findTestObject("Object Repository/Page_Login/input_Registration Desk_loginButton")): Object: 'Object Repository/Page_Login/input_Registration Desk_loginButton' is clicked on

13-04-2025T16:23:21 - [MESSAGE][PASSED] - Object: 'Object Repository/Page_Login/input_Registration Desk_loginButton' is clicked on

13-04-2025T16:23:21 - [TEST_STEP][PASSED] - verifyElementText(findTestObject("Object Repository/Dashboard/login_as"), "Logged in as Super User (admin) at Pharmacy."): Actual text and expected text of test object 'Object Repository/Dashboard/login_as' are matched.

13-04-2025T16:23:21 - [MESSAGE][PASSED] - Actual text and expected text of test object 'Object Repository/Dashboard/login_as' are matched.

13-04-2025T16:23:21 - [TEST_STEP][PASSED] - click(findTestObject("Object Repository/Page_Home/a_Find Patient Record (1)")): Object: 'Object Repository/Page_Home/a_Find Patient Record (1)' is clicked on

13-04-2025T16:23:27 - [MESSAGE][PASSED] - Object: 'Object Repository/Page_Home/a_Find Patient Record (1)' is clicked on

13-04-2025T16:23:27 - [TEST_STEP][PASSED] - setText(findTestObject("Object Repository/Page_OpenMRS Electronic Medical Record/input_Find Patient Record_patient-search (1)"), "Nindy Silvi Kusumaningrum"): Text 'Nindy Silvi Kusumaningrum' is set on object 'Object Repository/Page_OpenMRS Electronic Medical Record/input_Find Patient Record_patient-search (1)'

13-04-2025T16:23:27 - [MESSAGE][PASSED] - Text 'Nindy Silvi Kusumaningrum' is set on object 'Object Repository/Page_OpenMRS Electronic Medical Record/input_Find Patient Record_patient-search (1)'

13-04-2025T16:23:27 - [TEST_STEP][PASSED] - verifyElementPresent(findTestObject("Object Repository/Page_OpenMRS Electronic Medical Record/td_100J27Recent"), 5): Object 'Object Repository/Page_OpenMRS Electronic Medical Record/td_100J27Recent' is present

13-04-2025T16:23:28 - [MESSAGE][PASSED] - Object 'Object Repository/Page_OpenMRS Electronic Medical Record/td_100J27Recent' is present

13-04-2025T16:23:28 - [TEST_STEP][PASSED] - verifyElementText(findTestObject("Object Repository/Page_OpenMRS Electronic Medical Record/td_irman ramadhan rama"), "Nindy Silvi Kusumaningrum"): Actual text and expected text of test object 'Object Repository/Page_OpenMRS Electronic Medical Record/td_irman ramadhan rama' are matched.

13-04-2025T16:23:28 - [MESSAGE][PASSED] - Actual text and expected text of test object 'Object Repository/Page_OpenMRS Electronic Medical Record/td_irman ramadhan rama' are matched.

13-04-2025T16:23:28 - [TEST_STEP][PASSED] - verifyElementText(findTestObject("Object Repository/Page_OpenMRS Electronic Medical Record/td_M"), "F"): Actual text and expected text of test object 'Object Repository/Page_OpenMRS Electronic Medical Record/td_M' are matched.

13-04-2025T16:23:29 - [MESSAGE][PASSED] - Actual text and expected text of test object 'Object Repository/Page_OpenMRS Electronic Medical Record/td_M' are matched.

13-04-2025T16:23:29 - [TEST_STEP][PASSED] - verifyElementText(findTestObject("Object Repository/Page_OpenMRS Electronic Medical Record/td_31"), "22"): Actual text and expected text of test object 'Object Repository/Page_OpenMRS Electronic Medical Record/td_31' are matched.

13-04-2025T16:23:29 - [MESSAGE][PASSED] - Actual text and expected text of test object 'Object Repository/Page_OpenMRS Electronic Medical Record/td_31' are matched.

13-04-2025T16:23:29 - [TEST_STEP][PASSED] - verifyElementText(findTestObject("Object Repository/Page_OpenMRS Electronic Medical Record/birthDate"), "   13 Sep 2002"): Actual text and expected text of test object 'Object Repository/Page_OpenMRS Electronic Medical Record/birthDate' are matched.

13-04-2025T16:23:29 - [MESSAGE][PASSED] - Actual text and expected text of test object 'Object Repository/Page_OpenMRS Electronic Medical Record/birthDate' are matched.

13-04-2025T16:23:29 - [TEST_STEP][PASSED] - verifyElementText(findTestObject("Object Repository/Page_OpenMRS Electronic Medical Record/div_Identifier"), "Identifier"): Actual text and expected text of test object 'Object Repository/Page_OpenMRS Electronic Medical Record/div_Identifier' are matched.

13-04-2025T16:23:29 - [MESSAGE][PASSED] - Actual text and expected text of test object 'Object Repository/Page_OpenMRS Electronic Medical Record/div_Identifier' are matched.

13-04-2025T16:23:29 - [TEST_STEP][PASSED] - verifyElementText(findTestObject("Object Repository/Page_OpenMRS Electronic Medical Record/div_Name"), "Name"): Actual text and expected text of test object 'Object Repository/Page_OpenMRS Electronic Medical Record/div_Name' are matched.

13-04-2025T16:23:30 - [MESSAGE][PASSED] - Actual text and expected text of test object 'Object Repository/Page_OpenMRS Electronic Medical Record/div_Name' are matched.

13-04-2025T16:23:30 - [TEST_STEP][PASSED] - verifyElementText(findTestObject("Object Repository/Page_OpenMRS Electronic Medical Record/div_Gender"), "Gender"): Actual text and expected text of test object 'Object Repository/Page_OpenMRS Electronic Medical Record/div_Gender' are matched.

13-04-2025T16:23:30 - [MESSAGE][PASSED] - Actual text and expected text of test object 'Object Repository/Page_OpenMRS Electronic Medical Record/div_Gender' are matched.

13-04-2025T16:23:30 - [TEST_STEP][PASSED] - verifyElementText(findTestObject("Object Repository/Page_OpenMRS Electronic Medical Record/div_Age"), "Age"): Actual text and expected text of test object 'Object Repository/Page_OpenMRS Electronic Medical Record/div_Age' are matched.

13-04-2025T16:23:30 - [MESSAGE][PASSED] - Actual text and expected text of test object 'Object Repository/Page_OpenMRS Electronic Medical Record/div_Age' are matched.

13-04-2025T16:23:30 - [TEST_STEP][PASSED] - verifyElementText(findTestObject("Object Repository/Page_OpenMRS Electronic Medical Record/div_Birthdate"), "Birthdate"): Actual text and expected text of test object 'Object Repository/Page_OpenMRS Electronic Medical Record/div_Birthdate' are matched.

13-04-2025T16:23:31 - [MESSAGE][PASSED] - Actual text and expected text of test object 'Object Repository/Page_OpenMRS Electronic Medical Record/div_Birthdate' are matched.

13-04-2025T16:23:31 - [TEST_STEP][PASSED] - verifyElementText(findTestObject("Object Repository/Page_OpenMRS Electronic Medical Record/h2_Find Patient Record"), "Find Patient Record"): Actual text and expected text of test object 'Object Repository/Page_OpenMRS Electronic Medical Record/h2_Find Patient Record' are matched.

13-04-2025T16:23:31 - [MESSAGE][PASSED] - Actual text and expected text of test object 'Object Repository/Page_OpenMRS Electronic Medical Record/h2_Find Patient Record' are matched.]]></system-out>
         <system-err><![CDATA[]]></system-err>
      </testcase>
      <testcase name="Test Cases/3. Find Patient Record/2. Patient Information" time="66.117" classname="Test Cases/3. Find Patient Record/2. Patient Information" status="PASSED">
         <system-out><![CDATA[13-04-2025T16:23:31 - [TEST_CASE][PASSED] - Test Cases/3. Find Patient Record/2. Patient Information: Test Cases/3. Find Patient Record/2. Patient Information

13-04-2025T16:23:31 - [TEST_STEP][PASSED] - Start listener action : sampleBeforeTestCase: Actual text and expected text of test object 'Object Repository/Dashboard/login_as' are matched.

13-04-2025T16:23:31 - [TEST_STEP][PASSED] - openBrowser(""): Browser is opened with url: ''

13-04-2025T16:23:31 - [MESSAGE][WARNING] - A browser is already opened. Closing browser and opening a new one

13-04-2025T16:23:31 - [MESSAGE][INFO] - Starting 'Chrome' driver

13-04-2025T16:23:31 - [MESSAGE][INFO] - Action delay is set to 0 milliseconds

13-04-2025T16:23:32 - [MESSAGE][PASSED] - Browser is opened with url: ''

13-04-2025T16:23:32 - [TEST_STEP][PASSED] - maximizeWindow(): Current window maximized

13-04-2025T16:23:32 - [MESSAGE][PASSED] - Current window maximized

13-04-2025T16:23:32 - [TEST_STEP][PASSED] - navigateToUrl(url): Navigate to 'https://o2.openmrs.org/openmrs/login.htm' successfully

13-04-2025T16:23:58 - [MESSAGE][PASSED] - Navigate to 'https://o2.openmrs.org/openmrs/login.htm' successfully

13-04-2025T16:23:58 - [TEST_STEP][PASSED] - setText(findTestObject("Object Repository/Page_Login/input_Username_username"), "admin"): Text 'admin' is set on object 'Object Repository/Page_Login/input_Username_username'

13-04-2025T16:23:58 - [MESSAGE][PASSED] - Text 'admin' is set on object 'Object Repository/Page_Login/input_Username_username'

13-04-2025T16:23:58 - [TEST_STEP][PASSED] - setEncryptedText(findTestObject("Object Repository/Page_Login/input_Password_password"), "/5S6MFFLcE4mlsixtc6/Tg=="): Text ****** has been set on object 'Object Repository/Page_Login/input_Password_password'

13-04-2025T16:23:59 - [MESSAGE][PASSED] - Text ****** has been set on object 'Object Repository/Page_Login/input_Password_password'

13-04-2025T16:23:59 - [TEST_STEP][PASSED] - click(findTestObject("Object Repository/Page_Login/li_Pharmacy")): Object: 'Object Repository/Page_Login/li_Pharmacy' is clicked on

13-04-2025T16:23:59 - [MESSAGE][PASSED] - Object: 'Object Repository/Page_Login/li_Pharmacy' is clicked on

13-04-2025T16:23:59 - [TEST_STEP][PASSED] - click(findTestObject("Object Repository/Page_Login/input_Registration Desk_loginButton")): Object: 'Object Repository/Page_Login/input_Registration Desk_loginButton' is clicked on

13-04-2025T16:23:59 - [MESSAGE][PASSED] - Object: 'Object Repository/Page_Login/input_Registration Desk_loginButton' is clicked on

13-04-2025T16:23:59 - [TEST_STEP][PASSED] - verifyElementText(findTestObject("Object Repository/Dashboard/login_as"), "Logged in as Super User (admin) at Pharmacy."): Actual text and expected text of test object 'Object Repository/Dashboard/login_as' are matched.

13-04-2025T16:24:02 - [MESSAGE][PASSED] - Actual text and expected text of test object 'Object Repository/Dashboard/login_as' are matched.

13-04-2025T16:24:02 - [TEST_STEP][PASSED] - click(findTestObject("Object Repository/Page_Home/a_Find Patient Record (2)")): Object: 'Object Repository/Page_Home/a_Find Patient Record (2)' is clicked on

13-04-2025T16:24:06 - [MESSAGE][PASSED] - Object: 'Object Repository/Page_Home/a_Find Patient Record (2)' is clicked on

13-04-2025T16:24:06 - [TEST_STEP][PASSED] - setText(findTestObject("Object Repository/Page_OpenMRS Electronic Medical Record/input_Find Patient Record_patient-search (2)"), "irman"): Text 'irman' is set on object 'Object Repository/Page_OpenMRS Electronic Medical Record/input_Find Patient Record_patient-search (2)'

13-04-2025T16:24:06 - [MESSAGE][PASSED] - Text 'irman' is set on object 'Object Repository/Page_OpenMRS Electronic Medical Record/input_Find Patient Record_patient-search (2)'

13-04-2025T16:24:06 - [TEST_STEP][PASSED] - waitForElementVisible(findTestObject("Object Repository/Page_OpenMRS Electronic Medical Record/td_irman ramadhan rama (1)"), 10): Object 'Object Repository/Page_OpenMRS Electronic Medical Record/td_irman ramadhan rama (1)' is visible

13-04-2025T16:24:07 - [MESSAGE][PASSED] - Object 'Object Repository/Page_OpenMRS Electronic Medical Record/td_irman ramadhan rama (1)' is visible

13-04-2025T16:24:07 - [TEST_STEP][PASSED] - click(findTestObject("Object Repository/Page_OpenMRS Electronic Medical Record/td_irman ramadhan rama (1)")): Object: 'Object Repository/Page_OpenMRS Electronic Medical Record/td_irman ramadhan rama (1)' is clicked on

13-04-2025T16:24:20 - [MESSAGE][PASSED] - Object: 'Object Repository/Page_OpenMRS Electronic Medical Record/td_irman ramadhan rama (1)' is clicked on

13-04-2025T16:24:20 - [TEST_STEP][PASSED] - verifyElementText(findTestObject("Object Repository/Page_OpenMRS Electronic Medical Record/span_irman (1)"), "irman"): Actual text and expected text of test object 'Object Repository/Page_OpenMRS Electronic Medical Record/span_irman (1)' are matched.

13-04-2025T16:24:26 - [MESSAGE][PASSED] - Actual text and expected text of test object 'Object Repository/Page_OpenMRS Electronic Medical Record/span_irman (1)' are matched.

13-04-2025T16:24:26 - [TEST_STEP][PASSED] - verifyElementText(findTestObject("Object Repository/Page_OpenMRS Electronic Medical Record/span_ramadhan (1)"), "ramadhan"): Actual text and expected text of test object 'Object Repository/Page_OpenMRS Electronic Medical Record/span_ramadhan (1)' are matched.

13-04-2025T16:24:27 - [MESSAGE][PASSED] - Actual text and expected text of test object 'Object Repository/Page_OpenMRS Electronic Medical Record/span_ramadhan (1)' are matched.

13-04-2025T16:24:27 - [TEST_STEP][PASSED] - verifyElementText(findTestObject("Object Repository/Page_OpenMRS Electronic Medical Record/em_Given (1)"), "Given"): Actual text and expected text of test object 'Object Repository/Page_OpenMRS Electronic Medical Record/em_Given (1)' are matched.

13-04-2025T16:24:27 - [MESSAGE][PASSED] - Actual text and expected text of test object 'Object Repository/Page_OpenMRS Electronic Medical Record/em_Given (1)' are matched.

13-04-2025T16:24:27 - [TEST_STEP][PASSED] - verifyElementText(findTestObject("Object Repository/Page_OpenMRS Electronic Medical Record/em_Middle (1)"), "Middle"): Actual text and expected text of test object 'Object Repository/Page_OpenMRS Electronic Medical Record/em_Middle (1)' are matched.

13-04-2025T16:24:27 - [MESSAGE][PASSED] - Actual text and expected text of test object 'Object Repository/Page_OpenMRS Electronic Medical Record/em_Middle (1)' are matched.

13-04-2025T16:24:27 - [TEST_STEP][PASSED] - verifyElementText(findTestObject("Object Repository/Page_OpenMRS Electronic Medical Record/em_Family Name (1)"), "Family Name"): Actual text and expected text of test object 'Object Repository/Page_OpenMRS Electronic Medical Record/em_Family Name (1)' are matched.

13-04-2025T16:24:27 - [MESSAGE][PASSED] - Actual text and expected text of test object 'Object Repository/Page_OpenMRS Electronic Medical Record/em_Family Name (1)' are matched.

13-04-2025T16:24:27 - [TEST_STEP][PASSED] - verifyElementText(findTestObject("Object Repository/Page_OpenMRS Electronic Medical Record/span_Male (1)"), "Male "): Actual text and expected text of test object 'Object Repository/Page_OpenMRS Electronic Medical Record/span_Male (1)' are matched.

13-04-2025T16:24:28 - [MESSAGE][PASSED] - Actual text and expected text of test object 'Object Repository/Page_OpenMRS Electronic Medical Record/span_Male (1)' are matched.

13-04-2025T16:24:28 - [TEST_STEP][PASSED] - verifyElementText(findTestObject("Object Repository/Page_OpenMRS Electronic Medical Record/span_31 year(s)                            _1191ad (1)"), "31 year(s) ( 04.Mar.1994)"): Actual text and expected text of test object 'Object Repository/Page_OpenMRS Electronic Medical Record/span_31 year(s)                            _1191ad (1)' are matched.

13-04-2025T16:24:28 - [MESSAGE][PASSED] - Actual text and expected text of test object 'Object Repository/Page_OpenMRS Electronic Medical Record/span_31 year(s)                            _1191ad (1)' are matched.

13-04-2025T16:24:28 - [TEST_STEP][PASSED] - verifyElementText(findTestObject("Object Repository/Page_OpenMRS Electronic Medical Record/em_Patient ID (1)"), "Patient ID"): Actual text and expected text of test object 'Object Repository/Page_OpenMRS Electronic Medical Record/em_Patient ID (1)' are matched.

13-04-2025T16:24:28 - [MESSAGE][PASSED] - Actual text and expected text of test object 'Object Repository/Page_OpenMRS Electronic Medical Record/em_Patient ID (1)' are matched.

13-04-2025T16:24:28 - [TEST_STEP][PASSED] - verifyElementPresent(findTestObject("Object Repository/Page_OpenMRS Electronic Medical Record/span_100LDG (1)"), 10): Object 'Object Repository/Page_OpenMRS Electronic Medical Record/span_100LDG (1)' is present

13-04-2025T16:24:29 - [MESSAGE][PASSED] - Object 'Object Repository/Page_OpenMRS Electronic Medical Record/span_100LDG (1)' is present

13-04-2025T16:24:29 - [TEST_STEP][PASSED] - verifyElementText(findTestObject("Object Repository/Page_OpenMRS Electronic Medical Record/h3_DIAGNOSES (1)"), "DIAGNOSES"): Actual text and expected text of test object 'Object Repository/Page_OpenMRS Electronic Medical Record/h3_DIAGNOSES (1)' are matched.

13-04-2025T16:24:29 - [MESSAGE][PASSED] - Actual text and expected text of test object 'Object Repository/Page_OpenMRS Electronic Medical Record/h3_DIAGNOSES (1)' are matched.

13-04-2025T16:24:29 - [TEST_STEP][PASSED] - verifyElementText(findTestObject("Object Repository/Page_OpenMRS Electronic Medical Record/div_None in the last 730 days (1)"), "None in the last 730 days"): Actual text and expected text of test object 'Object Repository/Page_OpenMRS Electronic Medical Record/div_None in the last 730 days (1)' are matched.

13-04-2025T16:24:29 - [MESSAGE][PASSED] - Actual text and expected text of test object 'Object Repository/Page_OpenMRS Electronic Medical Record/div_None in the last 730 days (1)' are matched.

13-04-2025T16:24:29 - [TEST_STEP][PASSED] - verifyElementText(findTestObject("Object Repository/Page_OpenMRS Electronic Medical Record/h3_LATEST OBSERVATIONS (1)"), "LATEST OBSERVATIONS"): Actual text and expected text of test object 'Object Repository/Page_OpenMRS Electronic Medical Record/h3_LATEST OBSERVATIONS (1)' are matched.

13-04-2025T16:24:29 - [MESSAGE][PASSED] - Actual text and expected text of test object 'Object Repository/Page_OpenMRS Electronic Medical Record/h3_LATEST OBSERVATIONS (1)' are matched.

13-04-2025T16:24:29 - [TEST_STEP][PASSED] - verifyElementText(findTestObject("Object Repository/Page_OpenMRS Electronic Medical Record/p_None in the last   30  days              _127cd3 (1)"), "None in the last 30 days None"): Actual text and expected text of test object 'Object Repository/Page_OpenMRS Electronic Medical Record/p_None in the last   30  days              _127cd3 (1)' are matched.

13-04-2025T16:24:30 - [MESSAGE][PASSED] - Actual text and expected text of test object 'Object Repository/Page_OpenMRS Electronic Medical Record/p_None in the last   30  days              _127cd3 (1)' are matched.

13-04-2025T16:24:30 - [TEST_STEP][PASSED] - verifyElementText(findTestObject("Object Repository/Page_OpenMRS Electronic Medical Record/h3_HEALTH TREND SUMMARY (1)"), "HEALTH TREND SUMMARY"): Actual text and expected text of test object 'Object Repository/Page_OpenMRS Electronic Medical Record/h3_HEALTH TREND SUMMARY (1)' are matched.

13-04-2025T16:24:30 - [MESSAGE][PASSED] - Actual text and expected text of test object 'Object Repository/Page_OpenMRS Electronic Medical Record/h3_HEALTH TREND SUMMARY (1)' are matched.

13-04-2025T16:24:30 - [TEST_STEP][PASSED] - verifyElementText(findTestObject("Object Repository/Page_OpenMRS Electronic Medical Record/h3_WEIGHT GRAPH (1)"), "WEIGHT GRAPH"): Actual text and expected text of test object 'Object Repository/Page_OpenMRS Electronic Medical Record/h3_WEIGHT GRAPH (1)' are matched.

13-04-2025T16:24:30 - [MESSAGE][PASSED] - Actual text and expected text of test object 'Object Repository/Page_OpenMRS Electronic Medical Record/h3_WEIGHT GRAPH (1)' are matched.

13-04-2025T16:24:30 - [TEST_STEP][PASSED] - verifyElementText(findTestObject("Object Repository/Page_OpenMRS Electronic Medical Record/strong_Weight (kg) (1)"), "Weight (kg)"): Actual text and expected text of test object 'Object Repository/Page_OpenMRS Electronic Medical Record/strong_Weight (kg) (1)' are matched.

13-04-2025T16:24:31 - [MESSAGE][PASSED] - Actual text and expected text of test object 'Object Repository/Page_OpenMRS Electronic Medical Record/strong_Weight (kg) (1)' are matched.

13-04-2025T16:24:31 - [TEST_STEP][PASSED] - verifyElementText(findTestObject("Object Repository/Page_OpenMRS Electronic Medical Record/span_None in the last   365  days (1)"), "None in the last 365 days"): Actual text and expected text of test object 'Object Repository/Page_OpenMRS Electronic Medical Record/span_None in the last   365  days (1)' are matched.

13-04-2025T16:24:31 - [MESSAGE][PASSED] - Actual text and expected text of test object 'Object Repository/Page_OpenMRS Electronic Medical Record/span_None in the last   365  days (1)' are matched.

13-04-2025T16:24:31 - [TEST_STEP][PASSED] - verifyElementText(findTestObject("Object Repository/Page_OpenMRS Electronic Medical Record/h3_VITALS (1)"), "VITALS"): Actual text and expected text of test object 'Object Repository/Page_OpenMRS Electronic Medical Record/h3_VITALS (1)' are matched.

13-04-2025T16:24:31 - [MESSAGE][PASSED] - Actual text and expected text of test object 'Object Repository/Page_OpenMRS Electronic Medical Record/h3_VITALS (1)' are matched.

13-04-2025T16:24:31 - [TEST_STEP][PASSED] - verifyElementText(findTestObject("Object Repository/Page_OpenMRS Electronic Medical Record/div_None (1)"), "None"): Actual text and expected text of test object 'Object Repository/Page_OpenMRS Electronic Medical Record/div_None (1)' are matched.

13-04-2025T16:24:31 - [MESSAGE][PASSED] - Actual text and expected text of test object 'Object Repository/Page_OpenMRS Electronic Medical Record/div_None (1)' are matched.

13-04-2025T16:24:31 - [TEST_STEP][PASSED] - verifyElementText(findTestObject("Object Repository/Page_OpenMRS Electronic Medical Record/h3_APPOINTMENTS (1)"), "APPOINTMENTS"): Actual text and expected text of test object 'Object Repository/Page_OpenMRS Electronic Medical Record/h3_APPOINTMENTS (1)' are matched.

13-04-2025T16:24:32 - [MESSAGE][PASSED] - Actual text and expected text of test object 'Object Repository/Page_OpenMRS Electronic Medical Record/h3_APPOINTMENTS (1)' are matched.

13-04-2025T16:24:32 - [TEST_STEP][PASSED] - verifyElementText(findTestObject("Object Repository/Page_OpenMRS Electronic Medical Record/div_None_1 (1)"), "None"): Actual text and expected text of test object 'Object Repository/Page_OpenMRS Electronic Medical Record/div_None_1 (1)' are matched.

13-04-2025T16:24:32 - [MESSAGE][PASSED] - Actual text and expected text of test object 'Object Repository/Page_OpenMRS Electronic Medical Record/div_None_1 (1)' are matched.

13-04-2025T16:24:32 - [TEST_STEP][PASSED] - verifyElementText(findTestObject("Object Repository/Page_OpenMRS Electronic Medical Record/h3_RECENT VISITS (1)"), "RECENT VISITS"): Actual text and expected text of test object 'Object Repository/Page_OpenMRS Electronic Medical Record/h3_RECENT VISITS (1)' are matched.

13-04-2025T16:24:32 - [MESSAGE][PASSED] - Actual text and expected text of test object 'Object Repository/Page_OpenMRS Electronic Medical Record/h3_RECENT VISITS (1)' are matched.

13-04-2025T16:24:32 - [TEST_STEP][PASSED] - verifyElementText(findTestObject("Object Repository/Page_OpenMRS Electronic Medical Record/p_None (1)"), "None"): Actual text and expected text of test object 'Object Repository/Page_OpenMRS Electronic Medical Record/p_None (1)' are matched.

13-04-2025T16:24:33 - [MESSAGE][PASSED] - Actual text and expected text of test object 'Object Repository/Page_OpenMRS Electronic Medical Record/p_None (1)' are matched.

13-04-2025T16:24:33 - [TEST_STEP][PASSED] - verifyElementText(findTestObject("Object Repository/Page_OpenMRS Electronic Medical Record/h3_FAMILY (1)"), "FAMILY"): Actual text and expected text of test object 'Object Repository/Page_OpenMRS Electronic Medical Record/h3_FAMILY (1)' are matched.

13-04-2025T16:24:33 - [MESSAGE][PASSED] - Actual text and expected text of test object 'Object Repository/Page_OpenMRS Electronic Medical Record/h3_FAMILY (1)' are matched.

13-04-2025T16:24:33 - [TEST_STEP][PASSED] - verifyElementText(findTestObject("Object Repository/Page_OpenMRS Electronic Medical Record/p_None_1 (1)"), "None"): Actual text and expected text of test object 'Object Repository/Page_OpenMRS Electronic Medical Record/p_None_1 (1)' are matched.

13-04-2025T16:24:33 - [MESSAGE][PASSED] - Actual text and expected text of test object 'Object Repository/Page_OpenMRS Electronic Medical Record/p_None_1 (1)' are matched.

13-04-2025T16:24:33 - [TEST_STEP][PASSED] - verifyElementText(findTestObject("Object Repository/Page_OpenMRS Electronic Medical Record/h3_CONDITIONS (1)"), "CONDITIONS"): Actual text and expected text of test object 'Object Repository/Page_OpenMRS Electronic Medical Record/h3_CONDITIONS (1)' are matched.

13-04-2025T16:24:33 - [MESSAGE][PASSED] - Actual text and expected text of test object 'Object Repository/Page_OpenMRS Electronic Medical Record/h3_CONDITIONS (1)' are matched.

13-04-2025T16:24:33 - [TEST_STEP][PASSED] - verifyElementText(findTestObject("Object Repository/Page_OpenMRS Electronic Medical Record/p_None_1_2 (1)"), "None"): Actual text and expected text of test object 'Object Repository/Page_OpenMRS Electronic Medical Record/p_None_1_2 (1)' are matched.

13-04-2025T16:24:34 - [MESSAGE][PASSED] - Actual text and expected text of test object 'Object Repository/Page_OpenMRS Electronic Medical Record/p_None_1_2 (1)' are matched.

13-04-2025T16:24:34 - [TEST_STEP][PASSED] - verifyElementText(findTestObject("Object Repository/Page_OpenMRS Electronic Medical Record/h3_ATTACHMENTS (1)"), "ATTACHMENTS"): Actual text and expected text of test object 'Object Repository/Page_OpenMRS Electronic Medical Record/h3_ATTACHMENTS (1)' are matched.

13-04-2025T16:24:34 - [MESSAGE][PASSED] - Actual text and expected text of test object 'Object Repository/Page_OpenMRS Electronic Medical Record/h3_ATTACHMENTS (1)' are matched.

13-04-2025T16:24:34 - [TEST_STEP][PASSED] - verifyElementText(findTestObject("Object Repository/Page_OpenMRS Electronic Medical Record/h3_ALLERGIES (1)"), "ALLERGIES"): Actual text and expected text of test object 'Object Repository/Page_OpenMRS Electronic Medical Record/h3_ALLERGIES (1)' are matched.

13-04-2025T16:24:34 - [MESSAGE][PASSED] - Actual text and expected text of test object 'Object Repository/Page_OpenMRS Electronic Medical Record/h3_ALLERGIES (1)' are matched.

13-04-2025T16:24:34 - [TEST_STEP][PASSED] - verifyElementText(findTestObject("Object Repository/Page_OpenMRS Electronic Medical Record/div_Unknown (1)"), "Unknown"): Actual text and expected text of test object 'Object Repository/Page_OpenMRS Electronic Medical Record/div_Unknown (1)' are matched.

13-04-2025T16:24:35 - [MESSAGE][PASSED] - Actual text and expected text of test object 'Object Repository/Page_OpenMRS Electronic Medical Record/div_Unknown (1)' are matched.

13-04-2025T16:24:35 - [TEST_STEP][PASSED] - verifyElementText(findTestObject("Object Repository/Page_OpenMRS Electronic Medical Record/h3_General Actions (1)"), "General Actions"): Actual text and expected text of test object 'Object Repository/Page_OpenMRS Electronic Medical Record/h3_General Actions (1)' are matched.

13-04-2025T16:24:35 - [MESSAGE][PASSED] - Actual text and expected text of test object 'Object Repository/Page_OpenMRS Electronic Medical Record/h3_General Actions (1)' are matched.

13-04-2025T16:24:35 - [TEST_STEP][PASSED] - verifyElementText(findTestObject("Object Repository/Page_OpenMRS Electronic Medical Record/div_Start Visit (2)"), "Start Visit"): Actual text and expected text of test object 'Object Repository/Page_OpenMRS Electronic Medical Record/div_Start Visit (2)' are matched.

13-04-2025T16:24:35 - [MESSAGE][PASSED] - Actual text and expected text of test object 'Object Repository/Page_OpenMRS Electronic Medical Record/div_Start Visit (2)' are matched.

13-04-2025T16:24:35 - [TEST_STEP][PASSED] - verifyElementText(findTestObject("Object Repository/Page_OpenMRS Electronic Medical Record/div_Add Past Visit (1)"), "Add Past Visit"): Actual text and expected text of test object 'Object Repository/Page_OpenMRS Electronic Medical Record/div_Add Past Visit (1)' are matched.

13-04-2025T16:24:35 - [MESSAGE][PASSED] - Actual text and expected text of test object 'Object Repository/Page_OpenMRS Electronic Medical Record/div_Add Past Visit (1)' are matched.

13-04-2025T16:24:35 - [TEST_STEP][PASSED] - verifyElementText(findTestObject("Object Repository/Page_OpenMRS Electronic Medical Record/div_Schedule Appointment (1)"), "Schedule Appointment"): Actual text and expected text of test object 'Object Repository/Page_OpenMRS Electronic Medical Record/div_Schedule Appointment (1)' are matched.

13-04-2025T16:24:36 - [MESSAGE][PASSED] - Actual text and expected text of test object 'Object Repository/Page_OpenMRS Electronic Medical Record/div_Schedule Appointment (1)' are matched.

13-04-2025T16:24:36 - [TEST_STEP][PASSED] - verifyElementText(findTestObject("Object Repository/Page_OpenMRS Electronic Medical Record/div_Request Appointment (1)"), "Request Appointment"): Actual text and expected text of test object 'Object Repository/Page_OpenMRS Electronic Medical Record/div_Request Appointment (1)' are matched.

13-04-2025T16:24:36 - [MESSAGE][PASSED] - Actual text and expected text of test object 'Object Repository/Page_OpenMRS Electronic Medical Record/div_Request Appointment (1)' are matched.

13-04-2025T16:24:36 - [TEST_STEP][PASSED] - verifyElementText(findTestObject("Object Repository/Page_OpenMRS Electronic Medical Record/div_Mark Patient Deceased (1)"), "Mark Patient Deceased"): Actual text and expected text of test object 'Object Repository/Page_OpenMRS Electronic Medical Record/div_Mark Patient Deceased (1)' are matched.

13-04-2025T16:24:36 - [MESSAGE][PASSED] - Actual text and expected text of test object 'Object Repository/Page_OpenMRS Electronic Medical Record/div_Mark Patient Deceased (1)' are matched.

13-04-2025T16:24:36 - [TEST_STEP][PASSED] - verifyElementText(findTestObject("Object Repository/Page_OpenMRS Electronic Medical Record/div_Edit Registration Information (1)"), "Edit Registration Information"): Actual text and expected text of test object 'Object Repository/Page_OpenMRS Electronic Medical Record/div_Edit Registration Information (1)' are matched.

13-04-2025T16:24:36 - [MESSAGE][PASSED] - Actual text and expected text of test object 'Object Repository/Page_OpenMRS Electronic Medical Record/div_Edit Registration Information (1)' are matched.

13-04-2025T16:24:36 - [TEST_STEP][PASSED] - verifyElementText(findTestObject("Object Repository/Page_OpenMRS Electronic Medical Record/div_Delete Patient (1)"), "Delete Patient"): Actual text and expected text of test object 'Object Repository/Page_OpenMRS Electronic Medical Record/div_Delete Patient (1)' are matched.

13-04-2025T16:24:37 - [MESSAGE][PASSED] - Actual text and expected text of test object 'Object Repository/Page_OpenMRS Electronic Medical Record/div_Delete Patient (1)' are matched.

13-04-2025T16:24:37 - [TEST_STEP][PASSED] - verifyElementText(findTestObject("Object Repository/Page_OpenMRS Electronic Medical Record/div_Attachments (1)"), "Attachments"): Actual text and expected text of test object 'Object Repository/Page_OpenMRS Electronic Medical Record/div_Attachments (1)' are matched.

13-04-2025T16:24:37 - [MESSAGE][PASSED] - Actual text and expected text of test object 'Object Repository/Page_OpenMRS Electronic Medical Record/div_Attachments (1)' are matched.]]></system-out>
         <system-err><![CDATA[]]></system-err>
      </testcase>
      <testcase name="Test Cases/3. Find Patient Record/3. Admin melakukan Start Visit Pasien" time="62.161" classname="Test Cases/3. Find Patient Record/3. Admin melakukan Start Visit Pasien" status="PASSED">
         <system-out><![CDATA[13-04-2025T16:25:59 - [TEST_CASE][PASSED] - Test Cases/3. Find Patient Record/3. Admin melakukan Start Visit Pasien: Test Cases/3. Find Patient Record/3. Admin melakukan Start Visit Pasien

13-04-2025T16:25:59 - [TEST_STEP][PASSED] - Start listener action : sampleBeforeTestCase: Actual text and expected text of test object 'Object Repository/Dashboard/login_as' are matched.

13-04-2025T16:25:59 - [TEST_STEP][PASSED] - openBrowser(""): Browser is opened with url: ''

13-04-2025T16:25:59 - [MESSAGE][WARNING] - A browser is already opened. Closing browser and opening a new one

13-04-2025T16:25:59 - [MESSAGE][INFO] - Starting 'Chrome' driver

13-04-2025T16:25:59 - [MESSAGE][INFO] - Action delay is set to 0 milliseconds

13-04-2025T16:26:00 - [MESSAGE][PASSED] - Browser is opened with url: ''

13-04-2025T16:26:00 - [TEST_STEP][PASSED] - maximizeWindow(): Current window maximized

13-04-2025T16:26:00 - [MESSAGE][PASSED] - Current window maximized

13-04-2025T16:26:00 - [TEST_STEP][PASSED] - navigateToUrl(url): Navigate to 'https://o2.openmrs.org/openmrs/login.htm' successfully

13-04-2025T16:26:33 - [MESSAGE][PASSED] - Navigate to 'https://o2.openmrs.org/openmrs/login.htm' successfully

13-04-2025T16:26:33 - [TEST_STEP][PASSED] - setText(findTestObject("Object Repository/Page_Login/input_Username_username"), "admin"): Text 'admin' is set on object 'Object Repository/Page_Login/input_Username_username'

13-04-2025T16:26:34 - [MESSAGE][PASSED] - Text 'admin' is set on object 'Object Repository/Page_Login/input_Username_username'

13-04-2025T16:26:34 - [TEST_STEP][PASSED] - setEncryptedText(findTestObject("Object Repository/Page_Login/input_Password_password"), "/5S6MFFLcE4mlsixtc6/Tg=="): Text ****** has been set on object 'Object Repository/Page_Login/input_Password_password'

13-04-2025T16:26:34 - [MESSAGE][PASSED] - Text ****** has been set on object 'Object Repository/Page_Login/input_Password_password'

13-04-2025T16:26:34 - [TEST_STEP][PASSED] - click(findTestObject("Object Repository/Page_Login/li_Pharmacy")): Object: 'Object Repository/Page_Login/li_Pharmacy' is clicked on

13-04-2025T16:26:34 - [MESSAGE][PASSED] - Object: 'Object Repository/Page_Login/li_Pharmacy' is clicked on

13-04-2025T16:26:34 - [TEST_STEP][PASSED] - click(findTestObject("Object Repository/Page_Login/input_Registration Desk_loginButton")): Object: 'Object Repository/Page_Login/input_Registration Desk_loginButton' is clicked on

13-04-2025T16:26:36 - [MESSAGE][PASSED] - Object: 'Object Repository/Page_Login/input_Registration Desk_loginButton' is clicked on

13-04-2025T16:26:36 - [TEST_STEP][PASSED] - verifyElementText(findTestObject("Object Repository/Dashboard/login_as"), "Logged in as Super User (admin) at Pharmacy."): Actual text and expected text of test object 'Object Repository/Dashboard/login_as' are matched.

13-04-2025T16:26:37 - [MESSAGE][PASSED] - Actual text and expected text of test object 'Object Repository/Dashboard/login_as' are matched.

13-04-2025T16:26:37 - [TEST_STEP][PASSED] - click(findTestObject("Object Repository/Page_Home/a_Find Patient Record")): Object: 'Object Repository/Page_Home/a_Find Patient Record' is clicked on

13-04-2025T16:26:40 - [MESSAGE][PASSED] - Object: 'Object Repository/Page_Home/a_Find Patient Record' is clicked on

13-04-2025T16:26:40 - [TEST_STEP][PASSED] - setText(findTestObject("Object Repository/Page_OpenMRS Electronic Medical Record/input_Find Patient Record_patient-search"), "irman"): Text 'irman' is set on object 'Object Repository/Page_OpenMRS Electronic Medical Record/input_Find Patient Record_patient-search'

13-04-2025T16:26:40 - [MESSAGE][PASSED] - Text 'irman' is set on object 'Object Repository/Page_OpenMRS Electronic Medical Record/input_Find Patient Record_patient-search'

13-04-2025T16:26:40 - [TEST_STEP][PASSED] - waitForElementVisible(findTestObject("Object Repository/Page_OpenMRS Electronic Medical Record/td_irman ramadhan QVIqva4U"), 0): Object 'Object Repository/Page_OpenMRS Electronic Medical Record/td_irman ramadhan QVIqva4U' is visible

13-04-2025T16:26:40 - [MESSAGE][WARNING] - Timeout '0' is invalid. Using default page load timeout: '30'

13-04-2025T16:26:41 - [MESSAGE][PASSED] - Object 'Object Repository/Page_OpenMRS Electronic Medical Record/td_irman ramadhan QVIqva4U' is visible

13-04-2025T16:26:41 - [TEST_STEP][PASSED] - click(findTestObject("Object Repository/Page_OpenMRS Electronic Medical Record/td_irman ramadhan QVIqva4U")): Object: 'Object Repository/Page_OpenMRS Electronic Medical Record/td_irman ramadhan QVIqva4U' is clicked on

13-04-2025T16:26:49 - [MESSAGE][PASSED] - Object: 'Object Repository/Page_OpenMRS Electronic Medical Record/td_irman ramadhan QVIqva4U' is clicked on

13-04-2025T16:26:49 - [TEST_STEP][PASSED] - click(findTestObject("Object Repository/Page_OpenMRS Electronic Medical Record/div_Start Visit (1)")): Object: 'Object Repository/Page_OpenMRS Electronic Medical Record/div_Start Visit (1)' is clicked on

13-04-2025T16:26:54 - [MESSAGE][PASSED] - Object: 'Object Repository/Page_OpenMRS Electronic Medical Record/div_Start Visit (1)' is clicked on

13-04-2025T16:26:54 - [TEST_STEP][PASSED] - click(findTestObject("Object Repository/Page_OpenMRS Electronic Medical Record/button_Confirm")): Object: 'Object Repository/Page_OpenMRS Electronic Medical Record/button_Confirm' is clicked on

13-04-2025T16:26:55 - [MESSAGE][PASSED] - Object: 'Object Repository/Page_OpenMRS Electronic Medical Record/button_Confirm' is clicked on

13-04-2025T16:26:55 - [TEST_STEP][PASSED] - verifyElementText(findTestObject("Object Repository/Page_OpenMRS Electronic Medical Record/div_Outpatient"), "Outpatient"): Actual text and expected text of test object 'Object Repository/Page_OpenMRS Electronic Medical Record/div_Outpatient' are matched.

13-04-2025T16:27:00 - [MESSAGE][PASSED] - Actual text and expected text of test object 'Object Repository/Page_OpenMRS Electronic Medical Record/div_Outpatient' are matched.

13-04-2025T16:27:00 - [TEST_STEP][PASSED] - verifyElementText(findTestObject("Object Repository/Page_OpenMRS Electronic Medical Record/li_Visits"), "Visits"): Actual text and expected text of test object 'Object Repository/Page_OpenMRS Electronic Medical Record/li_Visits' are matched.

13-04-2025T16:27:00 - [MESSAGE][PASSED] - Actual text and expected text of test object 'Object Repository/Page_OpenMRS Electronic Medical Record/li_Visits' are matched.

13-04-2025T16:27:00 - [TEST_STEP][PASSED] - verifyElementText(findTestObject("Object Repository/Page_OpenMRS Electronic Medical Record/a_End Visit"), "End Visit"): Actual text and expected text of test object 'Object Repository/Page_OpenMRS Electronic Medical Record/a_End Visit' are matched.

13-04-2025T16:27:00 - [MESSAGE][PASSED] - Actual text and expected text of test object 'Object Repository/Page_OpenMRS Electronic Medical Record/a_End Visit' are matched.

13-04-2025T16:27:00 - [TEST_STEP][PASSED] - verifyElementText(findTestObject("Object Repository/Page_OpenMRS Electronic Medical Record/a_Visit Note"), "Visit Note"): Actual text and expected text of test object 'Object Repository/Page_OpenMRS Electronic Medical Record/a_Visit Note' are matched.

13-04-2025T16:27:00 - [MESSAGE][PASSED] - Actual text and expected text of test object 'Object Repository/Page_OpenMRS Electronic Medical Record/a_Visit Note' are matched.

13-04-2025T16:27:00 - [TEST_STEP][PASSED] - verifyElementText(findTestObject("Object Repository/Page_OpenMRS Electronic Medical Record/a_Admit to Inpatient"), "Admit to Inpatient"): Actual text and expected text of test object 'Object Repository/Page_OpenMRS Electronic Medical Record/a_Admit to Inpatient' are matched.

13-04-2025T16:27:01 - [MESSAGE][PASSED] - Actual text and expected text of test object 'Object Repository/Page_OpenMRS Electronic Medical Record/a_Admit to Inpatient' are matched.

13-04-2025T16:27:01 - [TEST_STEP][PASSED] - verifyElementText(findTestObject("Object Repository/Page_OpenMRS Electronic Medical Record/a_Capture Vitals"), "Capture Vitals"): Actual text and expected text of test object 'Object Repository/Page_OpenMRS Electronic Medical Record/a_Capture Vitals' are matched.

13-04-2025T16:27:01 - [MESSAGE][PASSED] - Actual text and expected text of test object 'Object Repository/Page_OpenMRS Electronic Medical Record/a_Capture Vitals' are matched.

13-04-2025T16:27:01 - [TEST_STEP][PASSED] - verifyElementText(findTestObject("Object Repository/Page_OpenMRS Electronic Medical Record/a_Attachments"), "Attachments"): Actual text and expected text of test object 'Object Repository/Page_OpenMRS Electronic Medical Record/a_Attachments' are matched.

13-04-2025T16:27:01 - [MESSAGE][PASSED] - Actual text and expected text of test object 'Object Repository/Page_OpenMRS Electronic Medical Record/a_Attachments' are matched.]]></system-out>
         <system-err><![CDATA[]]></system-err>
      </testcase>
      <testcase name="Test Cases/3. Find Patient Record/4. User dapat edit demographics pasien" time="93.433" classname="Test Cases/3. Find Patient Record/4. User dapat edit demographics pasien" status="PASSED">
         <system-out><![CDATA[13-04-2025T16:27:01 - [TEST_CASE][PASSED] - Test Cases/3. Find Patient Record/4. User dapat edit demographics pasien: Test Cases/3. Find Patient Record/4. User dapat edit demographics pasien

13-04-2025T16:27:01 - [TEST_STEP][PASSED] - Start listener action : sampleBeforeTestCase: Actual text and expected text of test object 'Object Repository/Dashboard/login_as' are matched.

13-04-2025T16:27:01 - [TEST_STEP][PASSED] - openBrowser(""): Browser is opened with url: ''

13-04-2025T16:27:01 - [MESSAGE][WARNING] - A browser is already opened. Closing browser and opening a new one

13-04-2025T16:27:01 - [MESSAGE][INFO] - Starting 'Chrome' driver

13-04-2025T16:27:01 - [MESSAGE][INFO] - Action delay is set to 0 milliseconds

13-04-2025T16:27:02 - [MESSAGE][PASSED] - Browser is opened with url: ''

13-04-2025T16:27:02 - [TEST_STEP][PASSED] - maximizeWindow(): Current window maximized

13-04-2025T16:27:03 - [MESSAGE][PASSED] - Current window maximized

13-04-2025T16:27:03 - [TEST_STEP][PASSED] - navigateToUrl(url): Navigate to 'https://o2.openmrs.org/openmrs/login.htm' successfully

13-04-2025T16:27:37 - [MESSAGE][PASSED] - Navigate to 'https://o2.openmrs.org/openmrs/login.htm' successfully

13-04-2025T16:27:37 - [TEST_STEP][PASSED] - setText(findTestObject("Object Repository/Page_Login/input_Username_username"), "admin"): Text 'admin' is set on object 'Object Repository/Page_Login/input_Username_username'

13-04-2025T16:27:38 - [MESSAGE][PASSED] - Text 'admin' is set on object 'Object Repository/Page_Login/input_Username_username'

13-04-2025T16:27:38 - [TEST_STEP][PASSED] - setEncryptedText(findTestObject("Object Repository/Page_Login/input_Password_password"), "/5S6MFFLcE4mlsixtc6/Tg=="): Text ****** has been set on object 'Object Repository/Page_Login/input_Password_password'

13-04-2025T16:27:38 - [MESSAGE][PASSED] - Text ****** has been set on object 'Object Repository/Page_Login/input_Password_password'

13-04-2025T16:27:38 - [TEST_STEP][PASSED] - click(findTestObject("Object Repository/Page_Login/li_Pharmacy")): Object: 'Object Repository/Page_Login/li_Pharmacy' is clicked on

13-04-2025T16:27:38 - [MESSAGE][PASSED] - Object: 'Object Repository/Page_Login/li_Pharmacy' is clicked on

13-04-2025T16:27:38 - [TEST_STEP][PASSED] - click(findTestObject("Object Repository/Page_Login/input_Registration Desk_loginButton")): Object: 'Object Repository/Page_Login/input_Registration Desk_loginButton' is clicked on

13-04-2025T16:27:40 - [MESSAGE][PASSED] - Object: 'Object Repository/Page_Login/input_Registration Desk_loginButton' is clicked on

13-04-2025T16:27:40 - [TEST_STEP][PASSED] - verifyElementText(findTestObject("Object Repository/Dashboard/login_as"), "Logged in as Super User (admin) at Pharmacy."): Actual text and expected text of test object 'Object Repository/Dashboard/login_as' are matched.

13-04-2025T16:27:41 - [MESSAGE][PASSED] - Actual text and expected text of test object 'Object Repository/Dashboard/login_as' are matched.

13-04-2025T16:27:41 - [TEST_STEP][PASSED] - click(findTestObject("Object Repository/Page_Home/a_Find Patient Record")): Object: 'Object Repository/Page_Home/a_Find Patient Record' is clicked on

13-04-2025T16:27:43 - [MESSAGE][PASSED] - Object: 'Object Repository/Page_Home/a_Find Patient Record' is clicked on

13-04-2025T16:27:43 - [TEST_STEP][PASSED] - setText(findTestObject("Object Repository/Page_OpenMRS Electronic Medical Record/input_Find Patient Record_patient-search"), "irman"): Text 'irman' is set on object 'Object Repository/Page_OpenMRS Electronic Medical Record/input_Find Patient Record_patient-search'

13-04-2025T16:27:44 - [MESSAGE][PASSED] - Text 'irman' is set on object 'Object Repository/Page_OpenMRS Electronic Medical Record/input_Find Patient Record_patient-search'

13-04-2025T16:27:44 - [TEST_STEP][PASSED] - delay(5): Delayed 5 second(s)

13-04-2025T16:27:49 - [MESSAGE][PASSED] - Delayed 5 second(s)

13-04-2025T16:27:49 - [TEST_STEP][PASSED] - click(findTestObject("Object Repository/Page_OpenMRS Electronic Medical Record/td_irman ramadhan QVIqva4U")): Object: 'Object Repository/Page_OpenMRS Electronic Medical Record/td_irman ramadhan QVIqva4U' is clicked on

13-04-2025T16:27:57 - [MESSAGE][PASSED] - Object: 'Object Repository/Page_OpenMRS Electronic Medical Record/td_irman ramadhan QVIqva4U' is clicked on

13-04-2025T16:27:57 - [TEST_STEP][PASSED] - click(findTestObject("Object Repository/Page_OpenMRS Electronic Medical Record/a_Edit")): Object: 'Object Repository/Page_OpenMRS Electronic Medical Record/a_Edit' is clicked on

13-04-2025T16:28:02 - [MESSAGE][PASSED] - Object: 'Object Repository/Page_OpenMRS Electronic Medical Record/a_Edit' is clicked on

13-04-2025T16:28:02 - [TEST_STEP][PASSED] - waitForElementVisible(findTestObject("Object Repository/Page_OpenMRS Electronic Medical Record/input_Middle_middleName (1)"), 10): Object 'Object Repository/Page_OpenMRS Electronic Medical Record/input_Middle_middleName (1)' is visible

13-04-2025T16:28:02 - [MESSAGE][PASSED] - Object 'Object Repository/Page_OpenMRS Electronic Medical Record/input_Middle_middleName (1)' is visible

13-04-2025T16:28:02 - [TEST_STEP][PASSED] - clearText(findTestObject("Object Repository/Page_OpenMRS Electronic Medical Record/input_Middle_middleName (1)")): Text of object 'Object Repository/Page_OpenMRS Electronic Medical Record/input_Middle_middleName (1)' is cleared

13-04-2025T16:28:03 - [MESSAGE][PASSED] - Text of object 'Object Repository/Page_OpenMRS Electronic Medical Record/input_Middle_middleName (1)' is cleared

13-04-2025T16:28:03 - [TEST_STEP][PASSED] - setText(findTestObject("Object Repository/Page_OpenMRS Electronic Medical Record/input_Middle_middleName (1)"), "edited"): Text 'edited' is set on object 'Object Repository/Page_OpenMRS Electronic Medical Record/input_Middle_middleName (1)'

13-04-2025T16:28:03 - [MESSAGE][PASSED] - Text 'edited' is set on object 'Object Repository/Page_OpenMRS Electronic Medical Record/input_Middle_middleName (1)'

13-04-2025T16:28:03 - [TEST_STEP][PASSED] - click(findTestObject("Object Repository/Page_OpenMRS Electronic Medical Record/button_Cancel_next-button")): Object: 'Object Repository/Page_OpenMRS Electronic Medical Record/button_Cancel_next-button' is clicked on

13-04-2025T16:28:04 - [MESSAGE][PASSED] - Object: 'Object Repository/Page_OpenMRS Electronic Medical Record/button_Cancel_next-button' is clicked on

13-04-2025T16:28:04 - [TEST_STEP][PASSED] - selectOptionByValue(findTestObject("Object Repository/Page_OpenMRS Electronic Medical Record/select_Male                    Female (1)"), "F", true): All options with value 'F' are selected in object 'Object Repository/Page_OpenMRS Electronic Medical Record/select_Male                    Female (1)'  using regular expression

13-04-2025T16:28:04 - [MESSAGE][PASSED] - All options with value 'F' are selected in object 'Object Repository/Page_OpenMRS Electronic Medical Record/select_Male                    Female (1)'  using regular expression

13-04-2025T16:28:04 - [TEST_STEP][PASSED] - click(findTestObject("Object Repository/Page_OpenMRS Electronic Medical Record/button_Cancel_next-button")): Object: 'Object Repository/Page_OpenMRS Electronic Medical Record/button_Cancel_next-button' is clicked on

13-04-2025T16:28:05 - [MESSAGE][PASSED] - Object: 'Object Repository/Page_OpenMRS Electronic Medical Record/button_Cancel_next-button' is clicked on

13-04-2025T16:28:05 - [TEST_STEP][PASSED] - click(findTestObject("Object Repository/Page_OpenMRS Electronic Medical Record/input_Day_birthdateDay")): Object: 'Object Repository/Page_OpenMRS Electronic Medical Record/input_Day_birthdateDay' is clicked on

13-04-2025T16:28:05 - [MESSAGE][PASSED] - Object: 'Object Repository/Page_OpenMRS Electronic Medical Record/input_Day_birthdateDay' is clicked on

13-04-2025T16:28:05 - [TEST_STEP][PASSED] - doubleClick(findTestObject("Object Repository/Page_OpenMRS Electronic Medical Record/input_Day_birthdateDay")): Object: 'Object Repository/Page_OpenMRS Electronic Medical Record/input_Day_birthdateDay' is double clicked on

13-04-2025T16:28:05 - [MESSAGE][PASSED] - Object: 'Object Repository/Page_OpenMRS Electronic Medical Record/input_Day_birthdateDay' is double clicked on

13-04-2025T16:28:05 - [TEST_STEP][PASSED] - setText(findTestObject("Object Repository/Page_OpenMRS Electronic Medical Record/input_Day_birthdateDay"), "5"): Text '5' is set on object 'Object Repository/Page_OpenMRS Electronic Medical Record/input_Day_birthdateDay'

13-04-2025T16:28:06 - [MESSAGE][PASSED] - Text '5' is set on object 'Object Repository/Page_OpenMRS Electronic Medical Record/input_Day_birthdateDay'

13-04-2025T16:28:06 - [TEST_STEP][PASSED] - click(findTestObject("Object Repository/Page_OpenMRS Electronic Medical Record/button_Cancel_next-button")): Object: 'Object Repository/Page_OpenMRS Electronic Medical Record/button_Cancel_next-button' is clicked on

13-04-2025T16:28:06 - [MESSAGE][PASSED] - Object: 'Object Repository/Page_OpenMRS Electronic Medical Record/button_Cancel_next-button' is clicked on

13-04-2025T16:28:06 - [TEST_STEP][PASSED] - verifyElementText(findTestObject("Object Repository/Page_OpenMRS Electronic Medical Record/p_Gender Female"), "Gender: Female"): Actual text and expected text of test object 'Object Repository/Page_OpenMRS Electronic Medical Record/p_Gender Female' are matched.

13-04-2025T16:28:07 - [MESSAGE][PASSED] - Actual text and expected text of test object 'Object Repository/Page_OpenMRS Electronic Medical Record/p_Gender Female' are matched.

13-04-2025T16:28:07 - [TEST_STEP][PASSED] - verifyElementText(findTestObject("Object Repository/Page_OpenMRS Electronic Medical Record/p_Birthdate 5, March, 1994"), "Birthdate: 5, March, 1994"): Actual text and expected text of test object 'Object Repository/Page_OpenMRS Electronic Medical Record/p_Birthdate 5, March, 1994' are matched.

13-04-2025T16:28:07 - [MESSAGE][PASSED] - Actual text and expected text of test object 'Object Repository/Page_OpenMRS Electronic Medical Record/p_Birthdate 5, March, 1994' are matched.

13-04-2025T16:28:07 - [TEST_STEP][PASSED] - verifyElementText(findTestObject("Object Repository/Page_OpenMRS Electronic Medical Record/h2_Demographics"), "Demographics"): Actual text and expected text of test object 'Object Repository/Page_OpenMRS Electronic Medical Record/h2_Demographics' are matched.

13-04-2025T16:28:07 - [MESSAGE][PASSED] - Actual text and expected text of test object 'Object Repository/Page_OpenMRS Electronic Medical Record/h2_Demographics' are matched.

13-04-2025T16:28:07 - [TEST_STEP][PASSED] - click(findTestObject("Object Repository/Page_OpenMRS Electronic Medical Record/button_Cancel")): Object: 'Object Repository/Page_OpenMRS Electronic Medical Record/button_Cancel' is clicked on

13-04-2025T16:28:10 - [MESSAGE][PASSED] - Object: 'Object Repository/Page_OpenMRS Electronic Medical Record/button_Cancel' is clicked on

13-04-2025T16:28:10 - [TEST_STEP][PASSED] - verifyElementText(findTestObject("Object Repository/Page_OpenMRS Electronic Medical Record/span_irman (2)"), "irman"): Actual text and expected text of test object 'Object Repository/Page_OpenMRS Electronic Medical Record/span_irman (2)' are matched.

13-04-2025T16:28:12 - [MESSAGE][PASSED] - Actual text and expected text of test object 'Object Repository/Page_OpenMRS Electronic Medical Record/span_irman (2)' are matched.

13-04-2025T16:28:12 - [TEST_STEP][PASSED] - verifyElementText(findTestObject("Object Repository/Page_OpenMRS Electronic Medical Record/span_ramadhan (2)"), "ramadhan"): Actual text and expected text of test object 'Object Repository/Page_OpenMRS Electronic Medical Record/span_ramadhan (2)' are matched.

13-04-2025T16:28:12 - [MESSAGE][PASSED] - Actual text and expected text of test object 'Object Repository/Page_OpenMRS Electronic Medical Record/span_ramadhan (2)' are matched.

13-04-2025T16:28:12 - [TEST_STEP][PASSED] - verifyElementText(findTestObject("Object Repository/Page_OpenMRS Electronic Medical Record/div_Male                                   _7b49c2"), "Male  31 year(s) ( 04.Mar.1994) Edit"): Actual text and expected text of test object 'Object Repository/Page_OpenMRS Electronic Medical Record/div_Male                                   _7b49c2' are matched.

13-04-2025T16:28:13 - [MESSAGE][PASSED] - Actual text and expected text of test object 'Object Repository/Page_OpenMRS Electronic Medical Record/div_Male                                   _7b49c2' are matched.

13-04-2025T16:28:13 - [TEST_STEP][PASSED] - click(findTestObject("Object Repository/Page_OpenMRS Electronic Medical Record/a_Edit")): Object: 'Object Repository/Page_OpenMRS Electronic Medical Record/a_Edit' is clicked on

13-04-2025T16:28:14 - [MESSAGE][PASSED] - Object: 'Object Repository/Page_OpenMRS Electronic Medical Record/a_Edit' is clicked on

13-04-2025T16:28:14 - [TEST_STEP][PASSED] - waitForElementVisible(findTestObject("Object Repository/Page_OpenMRS Electronic Medical Record/input_Middle_middleName_1"), 10): Object 'Object Repository/Page_OpenMRS Electronic Medical Record/input_Middle_middleName_1' is visible

13-04-2025T16:28:15 - [MESSAGE][PASSED] - Object 'Object Repository/Page_OpenMRS Electronic Medical Record/input_Middle_middleName_1' is visible

13-04-2025T16:28:15 - [TEST_STEP][PASSED] - clearText(findTestObject("Object Repository/Page_OpenMRS Electronic Medical Record/input_Middle_middleName_1")): Text of object 'Object Repository/Page_OpenMRS Electronic Medical Record/input_Middle_middleName_1' is cleared

13-04-2025T16:28:15 - [MESSAGE][PASSED] - Text of object 'Object Repository/Page_OpenMRS Electronic Medical Record/input_Middle_middleName_1' is cleared

13-04-2025T16:28:15 - [TEST_STEP][PASSED] - setText(findTestObject("Object Repository/Page_OpenMRS Electronic Medical Record/input_Middle_middleName_1"), "edited"): Text 'edited' is set on object 'Object Repository/Page_OpenMRS Electronic Medical Record/input_Middle_middleName_1'

13-04-2025T16:28:15 - [MESSAGE][PASSED] - Text 'edited' is set on object 'Object Repository/Page_OpenMRS Electronic Medical Record/input_Middle_middleName_1'

13-04-2025T16:28:15 - [TEST_STEP][PASSED] - click(findTestObject("Object Repository/Page_OpenMRS Electronic Medical Record/button_Cancel_next-button")): Object: 'Object Repository/Page_OpenMRS Electronic Medical Record/button_Cancel_next-button' is clicked on

13-04-2025T16:28:16 - [MESSAGE][PASSED] - Object: 'Object Repository/Page_OpenMRS Electronic Medical Record/button_Cancel_next-button' is clicked on

13-04-2025T16:28:16 - [TEST_STEP][PASSED] - waitForElementVisible(findTestObject("Object Repository/Page_OpenMRS Electronic Medical Record/select_Male                    Female_1"), 10, STOP_ON_FAILURE): Object 'Object Repository/Page_OpenMRS Electronic Medical Record/select_Male                    Female_1' is visible

13-04-2025T16:28:16 - [MESSAGE][PASSED] - Object 'Object Repository/Page_OpenMRS Electronic Medical Record/select_Male                    Female_1' is visible

13-04-2025T16:28:16 - [TEST_STEP][PASSED] - click(findTestObject("Object Repository/Page_OpenMRS Electronic Medical Record/select_Male                    Female_1")): Object: 'Object Repository/Page_OpenMRS Electronic Medical Record/select_Male                    Female_1' is clicked on

13-04-2025T16:28:16 - [MESSAGE][PASSED] - Object: 'Object Repository/Page_OpenMRS Electronic Medical Record/select_Male                    Female_1' is clicked on

13-04-2025T16:28:16 - [TEST_STEP][PASSED] - selectOptionByValue(findTestObject("Object Repository/Page_OpenMRS Electronic Medical Record/select_Male                    Female_1"), "F", true): All options with value 'F' are selected in object 'Object Repository/Page_OpenMRS Electronic Medical Record/select_Male                    Female_1'  using regular expression

13-04-2025T16:28:17 - [MESSAGE][PASSED] - All options with value 'F' are selected in object 'Object Repository/Page_OpenMRS Electronic Medical Record/select_Male                    Female_1'  using regular expression

13-04-2025T16:28:17 - [TEST_STEP][PASSED] - click(findTestObject("Object Repository/Page_OpenMRS Electronic Medical Record/button_Cancel_next-button")): Object: 'Object Repository/Page_OpenMRS Electronic Medical Record/button_Cancel_next-button' is clicked on

13-04-2025T16:28:17 - [MESSAGE][PASSED] - Object: 'Object Repository/Page_OpenMRS Electronic Medical Record/button_Cancel_next-button' is clicked on

13-04-2025T16:28:17 - [TEST_STEP][PASSED] - click(findTestObject("Object Repository/Page_OpenMRS Electronic Medical Record/input_Day_birthdateDay")): Object: 'Object Repository/Page_OpenMRS Electronic Medical Record/input_Day_birthdateDay' is clicked on

13-04-2025T16:28:17 - [MESSAGE][PASSED] - Object: 'Object Repository/Page_OpenMRS Electronic Medical Record/input_Day_birthdateDay' is clicked on

13-04-2025T16:28:17 - [TEST_STEP][PASSED] - setText(findTestObject("Object Repository/Page_OpenMRS Electronic Medical Record/input_Day_birthdateDay"), "5"): Text '5' is set on object 'Object Repository/Page_OpenMRS Electronic Medical Record/input_Day_birthdateDay'

13-04-2025T16:28:18 - [MESSAGE][PASSED] - Text '5' is set on object 'Object Repository/Page_OpenMRS Electronic Medical Record/input_Day_birthdateDay'

13-04-2025T16:28:18 - [TEST_STEP][PASSED] - click(findTestObject("Object Repository/Page_OpenMRS Electronic Medical Record/button_Cancel_next-button")): Object: 'Object Repository/Page_OpenMRS Electronic Medical Record/button_Cancel_next-button' is clicked on

13-04-2025T16:28:18 - [MESSAGE][PASSED] - Object: 'Object Repository/Page_OpenMRS Electronic Medical Record/button_Cancel_next-button' is clicked on

13-04-2025T16:28:18 - [TEST_STEP][PASSED] - click(findTestObject("Object Repository/Page_OpenMRS Electronic Medical Record/button_Confirm (1)")): Object: 'Object Repository/Page_OpenMRS Electronic Medical Record/button_Confirm (1)' is clicked on

13-04-2025T16:28:21 - [MESSAGE][PASSED] - Object: 'Object Repository/Page_OpenMRS Electronic Medical Record/button_Confirm (1)' is clicked on

13-04-2025T16:28:21 - [TEST_STEP][PASSED] - verifyElementText(findTestObject("Object Repository/Page_OpenMRS Electronic Medical Record/span_irman (2)"), "irman"): Actual text and expected text of test object 'Object Repository/Page_OpenMRS Electronic Medical Record/span_irman (2)' are matched.

13-04-2025T16:28:23 - [MESSAGE][PASSED] - Actual text and expected text of test object 'Object Repository/Page_OpenMRS Electronic Medical Record/span_irman (2)' are matched.

13-04-2025T16:28:23 - [TEST_STEP][PASSED] - verifyElementText(findTestObject("Object Repository/Page_OpenMRS Electronic Medical Record/span_edited"), "edited"): Actual text and expected text of test object 'Object Repository/Page_OpenMRS Electronic Medical Record/span_edited' are matched.

13-04-2025T16:28:23 - [MESSAGE][PASSED] - Actual text and expected text of test object 'Object Repository/Page_OpenMRS Electronic Medical Record/span_edited' are matched.

13-04-2025T16:28:23 - [TEST_STEP][PASSED] - verifyElementText(findTestObject("Object Repository/Page_OpenMRS Electronic Medical Record/span_Female"), "Female "): Actual text and expected text of test object 'Object Repository/Page_OpenMRS Electronic Medical Record/span_Female' are matched.

13-04-2025T16:28:23 - [MESSAGE][PASSED] - Actual text and expected text of test object 'Object Repository/Page_OpenMRS Electronic Medical Record/span_Female' are matched.

13-04-2025T16:28:23 - [TEST_STEP][PASSED] - verifyElementText(findTestObject("Object Repository/Page_OpenMRS Electronic Medical Record/span_31 year(s)                            _27b454"), "31 year(s) ( 05.Mar.1994)"): Actual text and expected text of test object 'Object Repository/Page_OpenMRS Electronic Medical Record/span_31 year(s)                            _27b454' are matched.

13-04-2025T16:28:24 - [MESSAGE][PASSED] - Actual text and expected text of test object 'Object Repository/Page_OpenMRS Electronic Medical Record/span_31 year(s)                            _27b454' are matched.

13-04-2025T16:28:24 - [TEST_STEP][PASSED] - click(findTestObject("Object Repository/Page_OpenMRS Electronic Medical Record/a_Edit")): Object: 'Object Repository/Page_OpenMRS Electronic Medical Record/a_Edit' is clicked on

13-04-2025T16:28:25 - [MESSAGE][PASSED] - Object: 'Object Repository/Page_OpenMRS Electronic Medical Record/a_Edit' is clicked on

13-04-2025T16:28:25 - [TEST_STEP][PASSED] - waitForElementVisible(findTestObject("Object Repository/Page_OpenMRS Electronic Medical Record/input_Middle_middleName_1_2"), 10): Object 'Object Repository/Page_OpenMRS Electronic Medical Record/input_Middle_middleName_1_2' is visible

13-04-2025T16:28:25 - [MESSAGE][PASSED] - Object 'Object Repository/Page_OpenMRS Electronic Medical Record/input_Middle_middleName_1_2' is visible

13-04-2025T16:28:25 - [TEST_STEP][PASSED] - clearText(findTestObject("Object Repository/Page_OpenMRS Electronic Medical Record/input_Middle_middleName_1_2")): Text of object 'Object Repository/Page_OpenMRS Electronic Medical Record/input_Middle_middleName_1_2' is cleared

13-04-2025T16:28:26 - [MESSAGE][PASSED] - Text of object 'Object Repository/Page_OpenMRS Electronic Medical Record/input_Middle_middleName_1_2' is cleared

13-04-2025T16:28:26 - [TEST_STEP][PASSED] - click(findTestObject("Object Repository/Page_OpenMRS Electronic Medical Record/input_(required)_givenName (1)")): Object: 'Object Repository/Page_OpenMRS Electronic Medical Record/input_(required)_givenName (1)' is clicked on

13-04-2025T16:28:26 - [MESSAGE][PASSED] - Object: 'Object Repository/Page_OpenMRS Electronic Medical Record/input_(required)_givenName (1)' is clicked on

13-04-2025T16:28:26 - [TEST_STEP][PASSED] - setText(findTestObject("Object Repository/Page_OpenMRS Electronic Medical Record/input_Middle_middleName_1_2"), "ramadhan"): Text 'ramadhan' is set on object 'Object Repository/Page_OpenMRS Electronic Medical Record/input_Middle_middleName_1_2'

13-04-2025T16:28:26 - [MESSAGE][PASSED] - Text 'ramadhan' is set on object 'Object Repository/Page_OpenMRS Electronic Medical Record/input_Middle_middleName_1_2'

13-04-2025T16:28:26 - [TEST_STEP][PASSED] - click(findTestObject("Object Repository/Page_OpenMRS Electronic Medical Record/button_Cancel_next-button")): Object: 'Object Repository/Page_OpenMRS Electronic Medical Record/button_Cancel_next-button' is clicked on

13-04-2025T16:28:27 - [MESSAGE][PASSED] - Object: 'Object Repository/Page_OpenMRS Electronic Medical Record/button_Cancel_next-button' is clicked on

13-04-2025T16:28:27 - [TEST_STEP][PASSED] - selectOptionByValue(findTestObject("Object Repository/Page_OpenMRS Electronic Medical Record/select_Male                    Female_1_2"), "M", true): All options with value 'M' are selected in object 'Object Repository/Page_OpenMRS Electronic Medical Record/select_Male                    Female_1_2'  using regular expression

13-04-2025T16:28:28 - [MESSAGE][PASSED] - All options with value 'M' are selected in object 'Object Repository/Page_OpenMRS Electronic Medical Record/select_Male                    Female_1_2'  using regular expression

13-04-2025T16:28:28 - [TEST_STEP][PASSED] - click(findTestObject("Object Repository/Page_OpenMRS Electronic Medical Record/button_Cancel_next-button")): Object: 'Object Repository/Page_OpenMRS Electronic Medical Record/button_Cancel_next-button' is clicked on

13-04-2025T16:28:28 - [MESSAGE][PASSED] - Object: 'Object Repository/Page_OpenMRS Electronic Medical Record/button_Cancel_next-button' is clicked on

13-04-2025T16:28:28 - [TEST_STEP][PASSED] - click(findTestObject("Object Repository/Page_OpenMRS Electronic Medical Record/input_Day_birthdateDay")): Object: 'Object Repository/Page_OpenMRS Electronic Medical Record/input_Day_birthdateDay' is clicked on

13-04-2025T16:28:28 - [MESSAGE][PASSED] - Object: 'Object Repository/Page_OpenMRS Electronic Medical Record/input_Day_birthdateDay' is clicked on

13-04-2025T16:28:28 - [TEST_STEP][PASSED] - setText(findTestObject("Object Repository/Page_OpenMRS Electronic Medical Record/input_Day_birthdateDay"), "4"): Text '4' is set on object 'Object Repository/Page_OpenMRS Electronic Medical Record/input_Day_birthdateDay'

13-04-2025T16:28:29 - [MESSAGE][PASSED] - Text '4' is set on object 'Object Repository/Page_OpenMRS Electronic Medical Record/input_Day_birthdateDay'

13-04-2025T16:28:29 - [TEST_STEP][PASSED] - click(findTestObject("Object Repository/Page_OpenMRS Electronic Medical Record/button_Cancel_next-button")): Object: 'Object Repository/Page_OpenMRS Electronic Medical Record/button_Cancel_next-button' is clicked on

13-04-2025T16:28:29 - [MESSAGE][PASSED] - Object: 'Object Repository/Page_OpenMRS Electronic Medical Record/button_Cancel_next-button' is clicked on

13-04-2025T16:28:29 - [TEST_STEP][PASSED] - click(findTestObject("Object Repository/Page_OpenMRS Electronic Medical Record/button_Confirm (1)")): Object: 'Object Repository/Page_OpenMRS Electronic Medical Record/button_Confirm (1)' is clicked on

13-04-2025T16:28:32 - [MESSAGE][PASSED] - Object: 'Object Repository/Page_OpenMRS Electronic Medical Record/button_Confirm (1)' is clicked on

13-04-2025T16:28:32 - [TEST_STEP][PASSED] - verifyElementText(findTestObject("Object Repository/Page_OpenMRS Electronic Medical Record/span_irman (2)"), "irman"): Actual text and expected text of test object 'Object Repository/Page_OpenMRS Electronic Medical Record/span_irman (2)' are matched.

13-04-2025T16:28:34 - [MESSAGE][PASSED] - Actual text and expected text of test object 'Object Repository/Page_OpenMRS Electronic Medical Record/span_irman (2)' are matched.

13-04-2025T16:28:34 - [TEST_STEP][PASSED] - verifyElementText(findTestObject("Object Repository/Page_OpenMRS Electronic Medical Record/span_ramadhan (2)"), "ramadhan"): Actual text and expected text of test object 'Object Repository/Page_OpenMRS Electronic Medical Record/span_ramadhan (2)' are matched.

13-04-2025T16:28:34 - [MESSAGE][PASSED] - Actual text and expected text of test object 'Object Repository/Page_OpenMRS Electronic Medical Record/span_ramadhan (2)' are matched.

13-04-2025T16:28:34 - [TEST_STEP][PASSED] - verifyElementText(findTestObject("Object Repository/Page_OpenMRS Electronic Medical Record/span_Male (2)"), "Male "): Actual text and expected text of test object 'Object Repository/Page_OpenMRS Electronic Medical Record/span_Male (2)' are matched.

13-04-2025T16:28:34 - [MESSAGE][PASSED] - Actual text and expected text of test object 'Object Repository/Page_OpenMRS Electronic Medical Record/span_Male (2)' are matched.

13-04-2025T16:28:34 - [TEST_STEP][PASSED] - verifyElementText(findTestObject("Object Repository/Page_OpenMRS Electronic Medical Record/span_31 year(s)                            _1191ad (2)"), "31 year(s) ( 04.Mar.1994)"): Actual text and expected text of test object 'Object Repository/Page_OpenMRS Electronic Medical Record/span_31 year(s)                            _1191ad (2)' are matched.

13-04-2025T16:28:35 - [MESSAGE][PASSED] - Actual text and expected text of test object 'Object Repository/Page_OpenMRS Electronic Medical Record/span_31 year(s)                            _1191ad (2)' are matched.]]></system-out>
         <system-err><![CDATA[]]></system-err>
      </testcase>
      <system-out><![CDATA[13-04-2025T16:22:47 - [TEST_SUITE][FAILED] - 3.TS_Find_Patient_Record: Test Cases/3. Find Patient Record/3. Admin melakukan Start Visit Pasien FAILED.
Reason:
com.kms.katalon.core.exception.StepFailedException: Unable to wait for object 'Object Repository/Page_OpenMRS Electronic Medical Record/td_irman ramadhan QVIqva4U' to be visible
	at com.kms.katalon.core.webui.keyword.internal.WebUIKeywordMain.stepFailed(WebUIKeywordMain.groovy:117)
	at com.kms.katalon.core.webui.keyword.internal.WebUIKeywordMain.runKeyword(WebUIKeywordMain.groovy:43)
	at com.kms.katalon.core.webui.keyword.internal.WebUIKeywordMain$runKeyword.call(Unknown Source)
	at com.kms.katalon.core.webui.keyword.builtin.WaitForElementVisibleKeyword.waitForElementVisible(WaitForElementVisibleKeyword.groovy:99)
	at com.kms.katalon.core.webui.keyword.builtin.WaitForElementVisibleKeyword.execute(WaitForElementVisibleKeyword.groovy:69)
	at com.kms.katalon.core.keyword.internal.KeywordExecutor.executeKeywordForPlatform(KeywordExecutor.groovy:74)
	at com.kms.katalon.core.webui.keyword.WebUiBuiltInKeywords.waitForElementVisible(WebUiBuiltInKeywords.groovy:514)
	at 3. Admin melakukan Start Visit Pasien.run(3. Admin melakukan Start Visit Pasien:25)
	at com.kms.katalon.core.main.ScriptEngine.run(ScriptEngine.java:194)
	at com.kms.katalon.core.main.ScriptEngine.runScriptAsRawText(ScriptEngine.java:119)
	at com.kms.katalon.core.main.TestCaseExecutor.runScript(TestCaseExecutor.java:448)
	at com.kms.katalon.core.main.TestCaseExecutor.doExecute(TestCaseExecutor.java:439)
	at com.kms.katalon.core.main.TestCaseExecutor.processExecutionPhase(TestCaseExecutor.java:418)
	at com.kms.katalon.core.main.TestCaseExecutor.accessMainPhase(TestCaseExecutor.java:410)
	at com.kms.katalon.core.main.TestCaseExecutor.execute(TestCaseExecutor.java:285)
	at com.kms.katalon.core.common.CommonExecutor.accessTestCaseMainPhase(CommonExecutor.java:71)
	at com.kms.katalon.core.main.TestSuiteExecutor.accessTestSuiteMainPhase(TestSuiteExecutor.java:160)
	at com.kms.katalon.core.main.TestSuiteExecutor.execute(TestSuiteExecutor.java:107)
	at com.kms.katalon.core.main.TestCaseMain.startTestSuite(TestCaseMain.java:180)
	at TempTestSuite1744535833129.run(TempTestSuite1744535833129.groovy:35)
	at java.base/jdk.internal.reflect.NativeMethodAccessorImpl.invoke0(Native Method)
	at java.base/jdk.internal.reflect.NativeMethodAccessorImpl.invoke(NativeMethodAccessorImpl.java:77)
	at java.base/jdk.internal.reflect.DelegatingMethodAccessorImpl.invoke(DelegatingMethodAccessorImpl.java:43)
Caused by: org.openqa.selenium.StaleElementReferenceException: stale element reference: stale element not found in the current frame
  (Session info: chrome=135.0.7049.42)
For documentation on this error, please visit: https://www.selenium.dev/documentation/webdriver/troubleshooting/errors#stale-element-reference-exception
Build info: version: '4.22.0', revision: 'c5f3146703'
System info: os.name: 'Windows 11', os.arch: 'amd64', os.version: '10.0', java.version: '17.0.14'
Driver info: com.kms.katalon.selenium.driver.CChromeDriver
Command: [3acb0188b3aa827ab2bcd2f651d01f50, isElementDisplayed {id=f.D98F3E8D79829D8AB3992A9F7388D5CF.d.671BDC7E4B861EA6B531E9F6D01B1ABE.e.49}]
Capabilities {acceptInsecureCerts: false, browserName: chrome, browserVersion: 135.0.7049.42, chrome: {chromedriverVersion: 134.0.6998.35 (ea6ef4c2ac15..., userDataDir: C:\Users\acer\AppData\Local...}, fedcm:accounts: true, goog:chromeOptions: {debuggerAddress: localhost:64299}, networkConnectionEnabled: false, pageLoadStrategy: normal, platformName: windows, proxy: Proxy(), se:cdp: ws://localhost:64299/devtoo..., se:cdpVersion: 135.0.7049.42, setWindowRect: true, strictFileInteractability: false, timeouts: {implicit: 0, pageLoad: 300000, script: 30000}, unhandledPromptBehavior: ignore, webSocketUrl: ws://localhost:11923/sessio..., webauthn:extension:credBlob: true, webauthn:extension:largeBlob: true, webauthn:extension:minPinLength: true, webauthn:extension:prf: true, webauthn:virtualAuthenticators: true}
Element: [[CChromeDriver: chrome on windows (3acb0188b3aa827ab2bcd2f651d01f50)] -> xpath: //table[@id='patient-search-results-table']/tbody/tr/td[2]]
Session ID: 3acb0188b3aa827ab2bcd2f651d01f50
	at java.base/jdk.internal.reflect.NativeConstructorAccessorImpl.newInstance0(Native Method)
	at java.base/jdk.internal.reflect.NativeConstructorAccessorImpl.newInstance(NativeConstructorAccessorImpl.java:77)
	at java.base/jdk.internal.reflect.DelegatingConstructorAccessorImpl.newInstance(DelegatingConstructorAccessorImpl.java:45)
	at org.openqa.selenium.remote.ErrorCodec.decode(ErrorCodec.java:167)
	at org.openqa.selenium.remote.codec.w3c.W3CHttpResponseCodec.decode(W3CHttpResponseCodec.java:138)
	at org.openqa.selenium.remote.codec.w3c.W3CHttpResponseCodec.decode(W3CHttpResponseCodec.java:50)
	at org.openqa.selenium.remote.HttpCommandExecutor.execute(HttpCommandExecutor.java:190)
	at org.openqa.selenium.remote.service.DriverCommandExecutor.invokeExecute(DriverCommandExecutor.java:216)
	at org.openqa.selenium.remote.service.DriverCommandExecutor.execute(DriverCommandExecutor.java:174)
	at org.openqa.selenium.remote.RemoteWebDriver.execute(RemoteWebDriver.java:518)
	at org.openqa.selenium.remote.RemoteWebElement.execute(RemoteWebElement.java:223)
	at org.openqa.selenium.remote.RemoteWebElement.isDisplayed(RemoteWebElement.java:282)
	at java.base/jdk.internal.reflect.NativeMethodAccessorImpl.invoke0(Native Method)
	at java.base/jdk.internal.reflect.NativeMethodAccessorImpl.invoke(NativeMethodAccessorImpl.java:77)
	at java.base/jdk.internal.reflect.DelegatingMethodAccessorImpl.invoke(DelegatingMethodAccessorImpl.java:43)
	at org.openqa.selenium.support.decorators.WebDriverDecorator.call(WebDriverDecorator.java:249)
	at org.openqa.selenium.support.decorators.DefaultDecorated.call(DefaultDecorated.java:48)
	at org.openqa.selenium.support.decorators.WebDriverDecorator.lambda$createProxy$2(WebDriverDecorator.java:321)
	at net.bytebuddy.renamed.java.lang.Object$ByteBuddy$TZS9CBcz.isDisplayed(Unknown Source)
	at org.openqa.selenium.support.ui.ExpectedConditions.elementIfVisible(ExpectedConditions.java:304)
	at org.openqa.selenium.support.ui.ExpectedConditions$10.apply(ExpectedConditions.java:290)
	at org.openqa.selenium.support.ui.ExpectedConditions$10.apply(ExpectedConditions.java:287)
	at org.openqa.selenium.support.ui.FluentWait.until(FluentWait.java:203)
	at org.openqa.selenium.support.ui.Wait$until.call(Unknown Source)
	at com.kms.katalon.core.webui.keyword.builtin.WaitForElementVisibleKeyword$_waitForElementVisible_closure1.doCall(WaitForElementVisibleKeyword.groovy:82)
	at com.kms.katalon.core.webui.keyword.builtin.WaitForElementVisibleKeyword$_waitForElementVisible_closure1.doCall(WaitForElementVisibleKeyword.groovy)
	at java.base/jdk.internal.reflect.NativeMethodAccessorImpl.invoke0(Native Method)
	at java.base/jdk.internal.reflect.NativeMethodAccessorImpl.invoke(NativeMethodAccessorImpl.java:77)
	at java.base/jdk.internal.reflect.DelegatingMethodAccessorImpl.invoke(DelegatingMethodAccessorImpl.java:43)
	at com.kms.katalon.core.webui.keyword.internal.WebUIKeywordMain.runKeyword(WebUIKeywordMain.groovy:35)
	... 21 more]]></system-out>
      <system-err><![CDATA[13-04-2025T16:22:47 - [TEST_SUITE][FAILED] - 3.TS_Find_Patient_Record: Test Cases/3. Find Patient Record/3. Admin melakukan Start Visit Pasien FAILED.
Reason:
com.kms.katalon.core.exception.StepFailedException: Unable to wait for object 'Object Repository/Page_OpenMRS Electronic Medical Record/td_irman ramadhan QVIqva4U' to be visible
	at com.kms.katalon.core.webui.keyword.internal.WebUIKeywordMain.stepFailed(WebUIKeywordMain.groovy:117)
	at com.kms.katalon.core.webui.keyword.internal.WebUIKeywordMain.runKeyword(WebUIKeywordMain.groovy:43)
	at com.kms.katalon.core.webui.keyword.internal.WebUIKeywordMain$runKeyword.call(Unknown Source)
	at com.kms.katalon.core.webui.keyword.builtin.WaitForElementVisibleKeyword.waitForElementVisible(WaitForElementVisibleKeyword.groovy:99)
	at com.kms.katalon.core.webui.keyword.builtin.WaitForElementVisibleKeyword.execute(WaitForElementVisibleKeyword.groovy:69)
	at com.kms.katalon.core.keyword.internal.KeywordExecutor.executeKeywordForPlatform(KeywordExecutor.groovy:74)
	at com.kms.katalon.core.webui.keyword.WebUiBuiltInKeywords.waitForElementVisible(WebUiBuiltInKeywords.groovy:514)
	at 3. Admin melakukan Start Visit Pasien.run(3. Admin melakukan Start Visit Pasien:25)
	at com.kms.katalon.core.main.ScriptEngine.run(ScriptEngine.java:194)
	at com.kms.katalon.core.main.ScriptEngine.runScriptAsRawText(ScriptEngine.java:119)
	at com.kms.katalon.core.main.TestCaseExecutor.runScript(TestCaseExecutor.java:448)
	at com.kms.katalon.core.main.TestCaseExecutor.doExecute(TestCaseExecutor.java:439)
	at com.kms.katalon.core.main.TestCaseExecutor.processExecutionPhase(TestCaseExecutor.java:418)
	at com.kms.katalon.core.main.TestCaseExecutor.accessMainPhase(TestCaseExecutor.java:410)
	at com.kms.katalon.core.main.TestCaseExecutor.execute(TestCaseExecutor.java:285)
	at com.kms.katalon.core.common.CommonExecutor.accessTestCaseMainPhase(CommonExecutor.java:71)
	at com.kms.katalon.core.main.TestSuiteExecutor.accessTestSuiteMainPhase(TestSuiteExecutor.java:160)
	at com.kms.katalon.core.main.TestSuiteExecutor.execute(TestSuiteExecutor.java:107)
	at com.kms.katalon.core.main.TestCaseMain.startTestSuite(TestCaseMain.java:180)
	at TempTestSuite1744535833129.run(TempTestSuite1744535833129.groovy:35)
	at java.base/jdk.internal.reflect.NativeMethodAccessorImpl.invoke0(Native Method)
	at java.base/jdk.internal.reflect.NativeMethodAccessorImpl.invoke(NativeMethodAccessorImpl.java:77)
	at java.base/jdk.internal.reflect.DelegatingMethodAccessorImpl.invoke(DelegatingMethodAccessorImpl.java:43)
Caused by: org.openqa.selenium.StaleElementReferenceException: stale element reference: stale element not found in the current frame
  (Session info: chrome=135.0.7049.42)
For documentation on this error, please visit: https://www.selenium.dev/documentation/webdriver/troubleshooting/errors#stale-element-reference-exception
Build info: version: '4.22.0', revision: 'c5f3146703'
System info: os.name: 'Windows 11', os.arch: 'amd64', os.version: '10.0', java.version: '17.0.14'
Driver info: com.kms.katalon.selenium.driver.CChromeDriver
Command: [3acb0188b3aa827ab2bcd2f651d01f50, isElementDisplayed {id=f.D98F3E8D79829D8AB3992A9F7388D5CF.d.671BDC7E4B861EA6B531E9F6D01B1ABE.e.49}]
Capabilities {acceptInsecureCerts: false, browserName: chrome, browserVersion: 135.0.7049.42, chrome: {chromedriverVersion: 134.0.6998.35 (ea6ef4c2ac15..., userDataDir: C:\Users\acer\AppData\Local...}, fedcm:accounts: true, goog:chromeOptions: {debuggerAddress: localhost:64299}, networkConnectionEnabled: false, pageLoadStrategy: normal, platformName: windows, proxy: Proxy(), se:cdp: ws://localhost:64299/devtoo..., se:cdpVersion: 135.0.7049.42, setWindowRect: true, strictFileInteractability: false, timeouts: {implicit: 0, pageLoad: 300000, script: 30000}, unhandledPromptBehavior: ignore, webSocketUrl: ws://localhost:11923/sessio..., webauthn:extension:credBlob: true, webauthn:extension:largeBlob: true, webauthn:extension:minPinLength: true, webauthn:extension:prf: true, webauthn:virtualAuthenticators: true}
Element: [[CChromeDriver: chrome on windows (3acb0188b3aa827ab2bcd2f651d01f50)] -> xpath: //table[@id='patient-search-results-table']/tbody/tr/td[2]]
Session ID: 3acb0188b3aa827ab2bcd2f651d01f50
	at java.base/jdk.internal.reflect.NativeConstructorAccessorImpl.newInstance0(Native Method)
	at java.base/jdk.internal.reflect.NativeConstructorAccessorImpl.newInstance(NativeConstructorAccessorImpl.java:77)
	at java.base/jdk.internal.reflect.DelegatingConstructorAccessorImpl.newInstance(DelegatingConstructorAccessorImpl.java:45)
	at org.openqa.selenium.remote.ErrorCodec.decode(ErrorCodec.java:167)
	at org.openqa.selenium.remote.codec.w3c.W3CHttpResponseCodec.decode(W3CHttpResponseCodec.java:138)
	at org.openqa.selenium.remote.codec.w3c.W3CHttpResponseCodec.decode(W3CHttpResponseCodec.java:50)
	at org.openqa.selenium.remote.HttpCommandExecutor.execute(HttpCommandExecutor.java:190)
	at org.openqa.selenium.remote.service.DriverCommandExecutor.invokeExecute(DriverCommandExecutor.java:216)
	at org.openqa.selenium.remote.service.DriverCommandExecutor.execute(DriverCommandExecutor.java:174)
	at org.openqa.selenium.remote.RemoteWebDriver.execute(RemoteWebDriver.java:518)
	at org.openqa.selenium.remote.RemoteWebElement.execute(RemoteWebElement.java:223)
	at org.openqa.selenium.remote.RemoteWebElement.isDisplayed(RemoteWebElement.java:282)
	at java.base/jdk.internal.reflect.NativeMethodAccessorImpl.invoke0(Native Method)
	at java.base/jdk.internal.reflect.NativeMethodAccessorImpl.invoke(NativeMethodAccessorImpl.java:77)
	at java.base/jdk.internal.reflect.DelegatingMethodAccessorImpl.invoke(DelegatingMethodAccessorImpl.java:43)
	at org.openqa.selenium.support.decorators.WebDriverDecorator.call(WebDriverDecorator.java:249)
	at org.openqa.selenium.support.decorators.DefaultDecorated.call(DefaultDecorated.java:48)
	at org.openqa.selenium.support.decorators.WebDriverDecorator.lambda$createProxy$2(WebDriverDecorator.java:321)
	at net.bytebuddy.renamed.java.lang.Object$ByteBuddy$TZS9CBcz.isDisplayed(Unknown Source)
	at org.openqa.selenium.support.ui.ExpectedConditions.elementIfVisible(ExpectedConditions.java:304)
	at org.openqa.selenium.support.ui.ExpectedConditions$10.apply(ExpectedConditions.java:290)
	at org.openqa.selenium.support.ui.ExpectedConditions$10.apply(ExpectedConditions.java:287)
	at org.openqa.selenium.support.ui.FluentWait.until(FluentWait.java:203)
	at org.openqa.selenium.support.ui.Wait$until.call(Unknown Source)
	at com.kms.katalon.core.webui.keyword.builtin.WaitForElementVisibleKeyword$_waitForElementVisible_closure1.doCall(WaitForElementVisibleKeyword.groovy:82)
	at com.kms.katalon.core.webui.keyword.builtin.WaitForElementVisibleKeyword$_waitForElementVisible_closure1.doCall(WaitForElementVisibleKeyword.groovy)
	at java.base/jdk.internal.reflect.NativeMethodAccessorImpl.invoke0(Native Method)
	at java.base/jdk.internal.reflect.NativeMethodAccessorImpl.invoke(NativeMethodAccessorImpl.java:77)
	at java.base/jdk.internal.reflect.DelegatingMethodAccessorImpl.invoke(DelegatingMethodAccessorImpl.java:43)
	at com.kms.katalon.core.webui.keyword.internal.WebUIKeywordMain.runKeyword(WebUIKeywordMain.groovy:35)
	... 21 more]]></system-err>
   </testsuite>
   <testsuite name="4.TS_Active_Visits" tests="2" failures="2" errors="0" time="538.592" skipped="0" timestamp="13-04-2025T16:28:39" hostname="acer - 20.20.2.217" id="Test Suites/4.TS_Active_Visits">
      <properties>
         <property name="deviceName" value=""/>
         <property name="devicePlatform"/>
         <property name="logFolder" value="C:\\Users\\acer\\OneDrive\\Documents\\Automation-openRMS\\Reports\\20250413_161708\\4.TS_Active_Visits\\20250413_161715"/>
         <property name="logFiles" value="C:\\Users\\acer\\OneDrive\\Documents\\Automation-openRMS\\Reports\\20250413_161708\\4.TS_Active_Visits\\20250413_161715\\execution0.log"/>
         <property name="attachments" value="C:\\Users\\acer\\OneDrive\\Documents\\Automation-openRMS\\Reports\\20250413_161708\\4.TS_Active_Visits\\20250413_161715\\1744536589552.png, C:\\Users\\acer\\OneDrive\\Documents\\Automation-openRMS\\Reports\\20250413_161708\\4.TS_Active_Visits\\20250413_161715\\1744536589756.png, C:\\Users\\acer\\OneDrive\\Documents\\Automation-openRMS\\Reports\\20250413_161708\\4.TS_Active_Visits\\20250413_161715\\1744536668079.png, C:\\Users\\acer\\OneDrive\\Documents\\Automation-openRMS\\Reports\\20250413_161708\\4.TS_Active_Visits\\20250413_161715\\1744536668260.png, C:\\Users\\acer\\OneDrive\\Documents\\Automation-openRMS\\Reports\\20250413_161708\\4.TS_Active_Visits\\20250413_161715\\1744536736283.png, C:\\Users\\acer\\OneDrive\\Documents\\Automation-openRMS\\Reports\\20250413_161708\\4.TS_Active_Visits\\20250413_161715\\1744536736426.png, C:\\Users\\acer\\OneDrive\\Documents\\Automation-openRMS\\Reports\\20250413_161708\\4.TS_Active_Visits\\20250413_161715\\1744536803891.png, C:\\Users\\acer\\OneDrive\\Documents\\Automation-openRMS\\Reports\\20250413_161708\\4.TS_Active_Visits\\20250413_161715\\1744536804045.png, C:\\Users\\acer\\OneDrive\\Documents\\Automation-openRMS\\Reports\\20250413_161708\\4.TS_Active_Visits\\20250413_161715\\1744536854397.png, C:\\Users\\acer\\OneDrive\\Documents\\Automation-openRMS\\Reports\\20250413_161708\\4.TS_Active_Visits\\20250413_161715\\1744536854554.png, C:\\Users\\acer\\OneDrive\\Documents\\Automation-openRMS\\Reports\\20250413_161708\\4.TS_Active_Visits\\20250413_161715\\1744536914025.png, C:\\Users\\acer\\OneDrive\\Documents\\Automation-openRMS\\Reports\\20250413_161708\\4.TS_Active_Visits\\20250413_161715\\1744536914215.png, C:\\Users\\acer\\OneDrive\\Documents\\Automation-openRMS\\Reports\\20250413_161708\\4.TS_Active_Visits\\20250413_161715\\1744536985682.png, C:\\Users\\acer\\OneDrive\\Documents\\Automation-openRMS\\Reports\\20250413_161708\\4.TS_Active_Visits\\20250413_161715\\1744536985870.png, C:\\Users\\acer\\OneDrive\\Documents\\Automation-openRMS\\Reports\\20250413_161708\\4.TS_Active_Visits\\20250413_161715\\1744537057533.png, C:\\Users\\acer\\OneDrive\\Documents\\Automation-openRMS\\Reports\\20250413_161708\\4.TS_Active_Visits\\20250413_161715\\1744537057690.png"/>
         <property name="hostName" value="acer - 20.20.2.217"/>
         <property name="os" value="Windows 11 64bit"/>
         <property name="katalonVersion" value="10.1.1.0"/>
         <property name="browser" value="Chrome 135.0.7049.42"/>
         <property name="hostAddress" value="20.20.2.217"/>
         <property name="sessionId" value="c2248839ec8c8e5672a790761a0fe0dd"/>
         <property name="seleniumVersion" value="4.22.0"/>
         <property name="proxyInformation" value="ProxyInformation { proxyOption=NO_PROXY, proxyServerType=HTTP, username=, password=********, proxyServerAddress=, proxyServerPort=0, executionList=&quot;&quot;, isApplyToDesiredCapabilities=true }"/>
         <property name="platform" value="Windows 11"/>
      </properties>
      <testcase name="Test Cases/4. Active Visits/1. Search Active Visits by Patient Id, Name, Last Seen" time="67.618" classname="Test Cases/4. Active Visits/1. Search Active Visits by Patient Id, Name, Last Seen" status="FAILED">
         <failure type="FAILED" message="Test Cases/4. Active Visits/1. Search Active Visits by Patient Id, Name, Last Seen FAILED.&#xa;Reason:&#xa;com.kms.katalon.core.exception.StepFailedException: Verify element text of test object 'Object Repository/Page_OpenMRS Electronic Medical Record/a_irman ramadhan ZPNWq2sg' FAILED.&#xa;	at com.kms.katalon.core.webui.keyword.internal.WebUIKeywordMain.stepFailed(WebUIKeywordMain.groovy:117)&#xa;	at com.kms.katalon.core.webui.keyword.internal.WebUIKeywordMain.runKeyword(WebUIKeywordMain.groovy:43)&#xa;	at com.kms.katalon.core.webui.keyword.builtin.VerifyElementTextKeyword.verifyElementText(VerifyElementTextKeyword.groovy:72)&#xa;	at com.kms.katalon.core.webui.keyword.builtin.VerifyElementTextKeyword.execute(VerifyElementTextKeyword.groovy:40)&#xa;	at com.kms.katalon.core.keyword.internal.KeywordExecutor.executeKeywordForPlatform(KeywordExecutor.groovy:74)&#xa;	at com.kms.katalon.core.webui.keyword.WebUiBuiltInKeywords.verifyElementText(WebUiBuiltInKeywords.groovy:4994)&#xa;	at 1. Search Active Visits by Patient Id, Name, Last Seen.run(1. Search Active Visits by Patient Id, Name, Last Seen:24)&#xa;	at com.kms.katalon.core.main.ScriptEngine.run(ScriptEngine.java:194)&#xa;	at com.kms.katalon.core.main.ScriptEngine.runScriptAsRawText(ScriptEngine.java:119)&#xa;	at com.kms.katalon.core.main.TestCaseExecutor.runScript(TestCaseExecutor.java:448)&#xa;	at com.kms.katalon.core.main.TestCaseExecutor.doExecute(TestCaseExecutor.java:439)&#xa;	at com.kms.katalon.core.main.TestCaseExecutor.processExecutionPhase(TestCaseExecutor.java:418)&#xa;	at com.kms.katalon.core.main.TestCaseExecutor.accessMainPhase(TestCaseExecutor.java:410)&#xa;	at com.kms.katalon.core.main.TestCaseExecutor.execute(TestCaseExecutor.java:285)&#xa;	at com.kms.katalon.core.main.TestCaseExecutor.execute(TestCaseExecutor.java:369)&#xa;	at com.kms.katalon.core.main.TestCaseExecutor.execute(TestCaseExecutor.java:369)&#xa;	at com.kms.katalon.core.main.TestCaseExecutor.execute(TestCaseExecutor.java:369)&#xa;	at com.kms.katalon.core.common.CommonExecutor.accessTestCaseMainPhase(CommonExecutor.java:71)&#xa;	at com.kms.katalon.core.main.TestSuiteExecutor.accessTestSuiteMainPhase(TestSuiteExecutor.java:160)&#xa;	at com.kms.katalon.core.main.TestSuiteExecutor.execute(TestSuiteExecutor.java:107)&#xa;	at com.kms.katalon.core.main.TestCaseMain.startTestSuite(TestCaseMain.java:180)&#xa;	at TempTestSuite1744535835378.run(TempTestSuite1744535835378.groovy:35)&#xa;	at java.base/jdk.internal.reflect.NativeMethodAccessorImpl.invoke0(Native Method)&#xa;	at java.base/jdk.internal.reflect.NativeMethodAccessorImpl.invoke(NativeMethodAccessorImpl.java:77)&#xa;	at java.base/jdk.internal.reflect.DelegatingMethodAccessorImpl.invoke(DelegatingMethodAccessorImpl.java:43)&#xa;Caused by: com.kms.katalon.core.exception.StepFailedException: Actual text 'irman ramadhan nhf4lZF9' and expected text 'irman ramadhan ZPNWq2sg' of test object 'Object Repository/Page_OpenMRS Electronic Medical Record/a_irman ramadhan ZPNWq2sg' are NOT matched.&#xa;	at com.kms.katalon.core.webui.keyword.internal.WebUIKeywordMain.stepFailed(WebUIKeywordMain.groovy:117)&#xa;	at com.kms.katalon.core.webui.keyword.builtin.VerifyElementTextKeyword$_verifyElementText_closure1.doCall(VerifyElementTextKeyword.groovy:57)&#xa;	at com.kms.katalon.core.webui.keyword.builtin.VerifyElementTextKeyword$_verifyElementText_closure1.call(VerifyElementTextKeyword.groovy)&#xa;	at com.kms.katalon.core.webui.keyword.internal.WebUIKeywordMain.runKeyword(WebUIKeywordMain.groovy:35)&#xa;	... 23 more&#xa;"/>
         <system-out><![CDATA[13-04-2025T16:32:16 - [TEST_CASE][FAILED] - Test Cases/4. Active Visits/1. Search Active Visits by Patient Id, Name, Last Seen: Test Cases/4. Active Visits/1. Search Active Visits by Patient Id, Name, Last Seen FAILED.
Reason:
com.kms.katalon.core.exception.StepFailedException: Verify element text of test object 'Object Repository/Page_OpenMRS Electronic Medical Record/a_irman ramadhan ZPNWq2sg' FAILED.
	at com.kms.katalon.core.webui.keyword.internal.WebUIKeywordMain.stepFailed(WebUIKeywordMain.groovy:117)
	at com.kms.katalon.core.webui.keyword.internal.WebUIKeywordMain.runKeyword(WebUIKeywordMain.groovy:43)
	at com.kms.katalon.core.webui.keyword.builtin.VerifyElementTextKeyword.verifyElementText(VerifyElementTextKeyword.groovy:72)
	at com.kms.katalon.core.webui.keyword.builtin.VerifyElementTextKeyword.execute(VerifyElementTextKeyword.groovy:40)
	at com.kms.katalon.core.keyword.internal.KeywordExecutor.executeKeywordForPlatform(KeywordExecutor.groovy:74)
	at com.kms.katalon.core.webui.keyword.WebUiBuiltInKeywords.verifyElementText(WebUiBuiltInKeywords.groovy:4994)
	at 1. Search Active Visits by Patient Id, Name, Last Seen.run(1. Search Active Visits by Patient Id, Name, Last Seen:24)
	at com.kms.katalon.core.main.ScriptEngine.run(ScriptEngine.java:194)
	at com.kms.katalon.core.main.ScriptEngine.runScriptAsRawText(ScriptEngine.java:119)
	at com.kms.katalon.core.main.TestCaseExecutor.runScript(TestCaseExecutor.java:448)
	at com.kms.katalon.core.main.TestCaseExecutor.doExecute(TestCaseExecutor.java:439)
	at com.kms.katalon.core.main.TestCaseExecutor.processExecutionPhase(TestCaseExecutor.java:418)
	at com.kms.katalon.core.main.TestCaseExecutor.accessMainPhase(TestCaseExecutor.java:410)
	at com.kms.katalon.core.main.TestCaseExecutor.execute(TestCaseExecutor.java:285)
	at com.kms.katalon.core.main.TestCaseExecutor.execute(TestCaseExecutor.java:369)
	at com.kms.katalon.core.main.TestCaseExecutor.execute(TestCaseExecutor.java:369)
	at com.kms.katalon.core.main.TestCaseExecutor.execute(TestCaseExecutor.java:369)
	at com.kms.katalon.core.common.CommonExecutor.accessTestCaseMainPhase(CommonExecutor.java:71)
	at com.kms.katalon.core.main.TestSuiteExecutor.accessTestSuiteMainPhase(TestSuiteExecutor.java:160)
	at com.kms.katalon.core.main.TestSuiteExecutor.execute(TestSuiteExecutor.java:107)
	at com.kms.katalon.core.main.TestCaseMain.startTestSuite(TestCaseMain.java:180)
	at TempTestSuite1744535835378.run(TempTestSuite1744535835378.groovy:35)
	at java.base/jdk.internal.reflect.NativeMethodAccessorImpl.invoke0(Native Method)
	at java.base/jdk.internal.reflect.NativeMethodAccessorImpl.invoke(NativeMethodAccessorImpl.java:77)
	at java.base/jdk.internal.reflect.DelegatingMethodAccessorImpl.invoke(DelegatingMethodAccessorImpl.java:43)
Caused by: com.kms.katalon.core.exception.StepFailedException: Actual text 'irman ramadhan nhf4lZF9' and expected text 'irman ramadhan ZPNWq2sg' of test object 'Object Repository/Page_OpenMRS Electronic Medical Record/a_irman ramadhan ZPNWq2sg' are NOT matched.
	at com.kms.katalon.core.webui.keyword.internal.WebUIKeywordMain.stepFailed(WebUIKeywordMain.groovy:117)
	at com.kms.katalon.core.webui.keyword.builtin.VerifyElementTextKeyword$_verifyElementText_closure1.doCall(VerifyElementTextKeyword.groovy:57)
	at com.kms.katalon.core.webui.keyword.builtin.VerifyElementTextKeyword$_verifyElementText_closure1.call(VerifyElementTextKeyword.groovy)
	at com.kms.katalon.core.webui.keyword.internal.WebUIKeywordMain.runKeyword(WebUIKeywordMain.groovy:35)
	... 23 more


13-04-2025T16:32:16 - [TEST_STEP][PASSED] - Start listener action : sampleBeforeTestCase: Actual text and expected text of test object 'Object Repository/Dashboard/login_as' are matched.

13-04-2025T16:32:16 - [TEST_STEP][PASSED] - openBrowser(""): Browser is opened with url: ''

13-04-2025T16:32:16 - [MESSAGE][WARNING] - A browser is already opened. Closing browser and opening a new one

13-04-2025T16:32:16 - [MESSAGE][INFO] - Starting 'Chrome' driver

13-04-2025T16:32:16 - [MESSAGE][INFO] - Action delay is set to 0 milliseconds

13-04-2025T16:32:17 - [MESSAGE][PASSED] - Browser is opened with url: ''

13-04-2025T16:32:17 - [TEST_STEP][PASSED] - maximizeWindow(): Current window maximized

13-04-2025T16:32:17 - [MESSAGE][PASSED] - Current window maximized

13-04-2025T16:32:17 - [TEST_STEP][PASSED] - navigateToUrl(url): Navigate to 'https://o2.openmrs.org/openmrs/login.htm' successfully

13-04-2025T16:32:43 - [MESSAGE][PASSED] - Navigate to 'https://o2.openmrs.org/openmrs/login.htm' successfully

13-04-2025T16:32:43 - [TEST_STEP][PASSED] - setText(findTestObject("Object Repository/Page_Login/input_Username_username"), "admin"): Text 'admin' is set on object 'Object Repository/Page_Login/input_Username_username'

13-04-2025T16:32:44 - [MESSAGE][PASSED] - Text 'admin' is set on object 'Object Repository/Page_Login/input_Username_username'

13-04-2025T16:32:44 - [TEST_STEP][PASSED] - setEncryptedText(findTestObject("Object Repository/Page_Login/input_Password_password"), "/5S6MFFLcE4mlsixtc6/Tg=="): Text ****** has been set on object 'Object Repository/Page_Login/input_Password_password'

13-04-2025T16:32:44 - [MESSAGE][PASSED] - Text ****** has been set on object 'Object Repository/Page_Login/input_Password_password'

13-04-2025T16:32:44 - [TEST_STEP][PASSED] - click(findTestObject("Object Repository/Page_Login/li_Pharmacy")): Object: 'Object Repository/Page_Login/li_Pharmacy' is clicked on

13-04-2025T16:32:45 - [MESSAGE][PASSED] - Object: 'Object Repository/Page_Login/li_Pharmacy' is clicked on

13-04-2025T16:32:45 - [TEST_STEP][PASSED] - click(findTestObject("Object Repository/Page_Login/input_Registration Desk_loginButton")): Object: 'Object Repository/Page_Login/input_Registration Desk_loginButton' is clicked on

13-04-2025T16:32:47 - [MESSAGE][PASSED] - Object: 'Object Repository/Page_Login/input_Registration Desk_loginButton' is clicked on

13-04-2025T16:32:47 - [TEST_STEP][PASSED] - verifyElementText(findTestObject("Object Repository/Dashboard/login_as"), "Logged in as Super User (admin) at Pharmacy."): Actual text and expected text of test object 'Object Repository/Dashboard/login_as' are matched.

13-04-2025T16:32:47 - [MESSAGE][PASSED] - Actual text and expected text of test object 'Object Repository/Dashboard/login_as' are matched.

13-04-2025T16:32:47 - [TEST_STEP][PASSED] - click(findTestObject("Object Repository/Page_Home/a_Active Visits")): Object: 'Object Repository/Page_Home/a_Active Visits' is clicked on

13-04-2025T16:32:51 - [MESSAGE][PASSED] - Object: 'Object Repository/Page_Home/a_Active Visits' is clicked on

13-04-2025T16:32:51 - [TEST_STEP][PASSED] - setText(findTestObject("Object Repository/Page_OpenMRS Electronic Medical Record/input_search"), "irman ramadhan"): Text 'irman ramadhan' is set on object 'Object Repository/Page_OpenMRS Electronic Medical Record/input_search'

13-04-2025T16:32:52 - [MESSAGE][PASSED] - Text 'irman ramadhan' is set on object 'Object Repository/Page_OpenMRS Electronic Medical Record/input_search'

13-04-2025T16:32:52 - [TEST_STEP][FAILED] - verifyElementText(findTestObject("Object Repository/Page_OpenMRS Electronic Medical Record/a_irman ramadhan ZPNWq2sg"), "irman ramadhan ZPNWq2sg"): Verify element text of test object 'Object Repository/Page_OpenMRS Electronic Medical Record/a_irman ramadhan ZPNWq2sg' FAILED. (Root cause: com.kms.katalon.core.exception.StepFailedException: Verify element text of test object 'Object Repository/Page_OpenMRS Electronic Medical Record/a_irman ramadhan ZPNWq2sg' FAILED.
	at com.kms.katalon.core.webui.keyword.internal.WebUIKeywordMain.stepFailed(WebUIKeywordMain.groovy:117)
	at com.kms.katalon.core.webui.keyword.internal.WebUIKeywordMain.runKeyword(WebUIKeywordMain.groovy:43)
	at com.kms.katalon.core.webui.keyword.builtin.VerifyElementTextKeyword.verifyElementText(VerifyElementTextKeyword.groovy:72)
	at com.kms.katalon.core.webui.keyword.builtin.VerifyElementTextKeyword.execute(VerifyElementTextKeyword.groovy:40)
	at com.kms.katalon.core.keyword.internal.KeywordExecutor.executeKeywordForPlatform(KeywordExecutor.groovy:74)
	at com.kms.katalon.core.webui.keyword.WebUiBuiltInKeywords.verifyElementText(WebUiBuiltInKeywords.groovy:4994)
	at 1. Search Active Visits by Patient Id, Name, Last Seen.run(1. Search Active Visits by Patient Id, Name, Last Seen:24)
	at com.kms.katalon.core.main.ScriptEngine.run(ScriptEngine.java:194)
	at com.kms.katalon.core.main.ScriptEngine.runScriptAsRawText(ScriptEngine.java:119)
	at com.kms.katalon.core.main.TestCaseExecutor.runScript(TestCaseExecutor.java:448)
	at com.kms.katalon.core.main.TestCaseExecutor.doExecute(TestCaseExecutor.java:439)
	at com.kms.katalon.core.main.TestCaseExecutor.processExecutionPhase(TestCaseExecutor.java:418)
	at com.kms.katalon.core.main.TestCaseExecutor.accessMainPhase(TestCaseExecutor.java:410)
	at com.kms.katalon.core.main.TestCaseExecutor.execute(TestCaseExecutor.java:285)
	at com.kms.katalon.core.main.TestCaseExecutor.execute(TestCaseExecutor.java:369)
	at com.kms.katalon.core.main.TestCaseExecutor.execute(TestCaseExecutor.java:369)
	at com.kms.katalon.core.main.TestCaseExecutor.execute(TestCaseExecutor.java:369)
	at com.kms.katalon.core.common.CommonExecutor.accessTestCaseMainPhase(CommonExecutor.java:71)
	at com.kms.katalon.core.main.TestSuiteExecutor.accessTestSuiteMainPhase(TestSuiteExecutor.java:160)
	at com.kms.katalon.core.main.TestSuiteExecutor.execute(TestSuiteExecutor.java:107)
	at com.kms.katalon.core.main.TestCaseMain.startTestSuite(TestCaseMain.java:180)
	at TempTestSuite1744535835378.run(TempTestSuite1744535835378.groovy:35)
	at java.base/jdk.internal.reflect.NativeMethodAccessorImpl.invoke0(Native Method)
	at java.base/jdk.internal.reflect.NativeMethodAccessorImpl.invoke(NativeMethodAccessorImpl.java:77)
	at java.base/jdk.internal.reflect.DelegatingMethodAccessorImpl.invoke(DelegatingMethodAccessorImpl.java:43)
Caused by: com.kms.katalon.core.exception.StepFailedException: Actual text 'irman ramadhan nhf4lZF9' and expected text 'irman ramadhan ZPNWq2sg' of test object 'Object Repository/Page_OpenMRS Electronic Medical Record/a_irman ramadhan ZPNWq2sg' are NOT matched.
	at com.kms.katalon.core.webui.keyword.internal.WebUIKeywordMain.stepFailed(WebUIKeywordMain.groovy:117)
	at com.kms.katalon.core.webui.keyword.builtin.VerifyElementTextKeyword$_verifyElementText_closure1.doCall(VerifyElementTextKeyword.groovy:57)
	at com.kms.katalon.core.webui.keyword.builtin.VerifyElementTextKeyword$_verifyElementText_closure1.call(VerifyElementTextKeyword.groovy)
	at com.kms.katalon.core.webui.keyword.internal.WebUIKeywordMain.runKeyword(WebUIKeywordMain.groovy:35)
	... 23 more
)

13-04-2025T16:33:23 - [MESSAGE][INFO] - Unable to find the element located by 'By.xpath: //tr[@id='visit-2419']/td[2]/a'. Please recheck the objects properties to make sure the desired element is located. 

13-04-2025T16:33:23 - [MESSAGE][WARNING] - [SELF-HEALING] Failed to find element with id 'Object Repository/Page_OpenMRS Electronic Medical Record/a_irman ramadhan ZPNWq2sg'. Try using Self-healing.

13-04-2025T16:33:23 - [MESSAGE][WARNING] - [SELF-HEALING] The current locator of test object 'Object Repository/Page_OpenMRS Electronic Medical Record/a_irman ramadhan ZPNWq2sg' was broken. Propose an alternative one: '(.//*[normalize-space(text()) and normalize-space(.)='Type of visit'])[1]/following::a[1]'.

13-04-2025T16:33:24 - [MESSAGE][FAILED] - Actual text 'irman ramadhan nhf4lZF9' and expected text 'irman ramadhan ZPNWq2sg' of test object 'Object Repository/Page_OpenMRS Electronic Medical Record/a_irman ramadhan ZPNWq2sg' are NOT matched. (Root cause: com.kms.katalon.core.exception.StepFailedException: Actual text 'irman ramadhan nhf4lZF9' and expected text 'irman ramadhan ZPNWq2sg' of test object 'Object Repository/Page_OpenMRS Electronic Medical Record/a_irman ramadhan ZPNWq2sg' are NOT matched.
	at com.kms.katalon.core.webui.keyword.internal.WebUIKeywordMain.stepFailed(WebUIKeywordMain.groovy:117)
	at com.kms.katalon.core.webui.keyword.builtin.VerifyElementTextKeyword$_verifyElementText_closure1.doCall(VerifyElementTextKeyword.groovy:57)
	at com.kms.katalon.core.webui.keyword.builtin.VerifyElementTextKeyword$_verifyElementText_closure1.call(VerifyElementTextKeyword.groovy)
	at com.kms.katalon.core.webui.keyword.internal.WebUIKeywordMain.runKeyword(WebUIKeywordMain.groovy:35)
	at com.kms.katalon.core.webui.keyword.builtin.VerifyElementTextKeyword.verifyElementText(VerifyElementTextKeyword.groovy:72)
	at com.kms.katalon.core.webui.keyword.builtin.VerifyElementTextKeyword.execute(VerifyElementTextKeyword.groovy:40)
	at com.kms.katalon.core.keyword.internal.KeywordExecutor.executeKeywordForPlatform(KeywordExecutor.groovy:74)
	at com.kms.katalon.core.webui.keyword.WebUiBuiltInKeywords.verifyElementText(WebUiBuiltInKeywords.groovy:4994)
	at 1. Search Active Visits by Patient Id, Name, Last Seen.run(1. Search Active Visits by Patient Id, Name, Last Seen:24)
	at com.kms.katalon.core.main.ScriptEngine.run(ScriptEngine.java:194)
	at com.kms.katalon.core.main.ScriptEngine.runScriptAsRawText(ScriptEngine.java:119)
	at com.kms.katalon.core.main.TestCaseExecutor.runScript(TestCaseExecutor.java:448)
	at com.kms.katalon.core.main.TestCaseExecutor.doExecute(TestCaseExecutor.java:439)
	at com.kms.katalon.core.main.TestCaseExecutor.processExecutionPhase(TestCaseExecutor.java:418)
	at com.kms.katalon.core.main.TestCaseExecutor.accessMainPhase(TestCaseExecutor.java:410)
	at com.kms.katalon.core.main.TestCaseExecutor.execute(TestCaseExecutor.java:285)
	at com.kms.katalon.core.main.TestCaseExecutor.execute(TestCaseExecutor.java:369)
	at com.kms.katalon.core.main.TestCaseExecutor.execute(TestCaseExecutor.java:369)
	at com.kms.katalon.core.main.TestCaseExecutor.execute(TestCaseExecutor.java:369)
	at com.kms.katalon.core.common.CommonExecutor.accessTestCaseMainPhase(CommonExecutor.java:71)
	at com.kms.katalon.core.main.TestSuiteExecutor.accessTestSuiteMainPhase(TestSuiteExecutor.java:160)
	at com.kms.katalon.core.main.TestSuiteExecutor.execute(TestSuiteExecutor.java:107)
	at com.kms.katalon.core.main.TestCaseMain.startTestSuite(TestCaseMain.java:180)
	at TempTestSuite1744535835378.run(TempTestSuite1744535835378.groovy:35)
	at java.base/jdk.internal.reflect.NativeMethodAccessorImpl.invoke0(Native Method)
	at java.base/jdk.internal.reflect.NativeMethodAccessorImpl.invoke(NativeMethodAccessorImpl.java:77)
	at java.base/jdk.internal.reflect.DelegatingMethodAccessorImpl.invoke(DelegatingMethodAccessorImpl.java:43)
)
[[ATTACHMENT|C:\\Users\\acer\\OneDrive\\Documents\\Automation-openRMS\\Reports\\20250413_161708\\4.TS_Active_Visits\\20250413_161715\\1744536803891.png]]

13-04-2025T16:33:24 - [MESSAGE][FAILED] - Verify element text of test object 'Object Repository/Page_OpenMRS Electronic Medical Record/a_irman ramadhan ZPNWq2sg' FAILED. (Root cause: com.kms.katalon.core.exception.StepFailedException: Verify element text of test object 'Object Repository/Page_OpenMRS Electronic Medical Record/a_irman ramadhan ZPNWq2sg' FAILED.
	at com.kms.katalon.core.webui.keyword.internal.WebUIKeywordMain.stepFailed(WebUIKeywordMain.groovy:117)
	at com.kms.katalon.core.webui.keyword.internal.WebUIKeywordMain.runKeyword(WebUIKeywordMain.groovy:43)
	at com.kms.katalon.core.webui.keyword.builtin.VerifyElementTextKeyword.verifyElementText(VerifyElementTextKeyword.groovy:72)
	at com.kms.katalon.core.webui.keyword.builtin.VerifyElementTextKeyword.execute(VerifyElementTextKeyword.groovy:40)
	at com.kms.katalon.core.keyword.internal.KeywordExecutor.executeKeywordForPlatform(KeywordExecutor.groovy:74)
	at com.kms.katalon.core.webui.keyword.WebUiBuiltInKeywords.verifyElementText(WebUiBuiltInKeywords.groovy:4994)
	at 1. Search Active Visits by Patient Id, Name, Last Seen.run(1. Search Active Visits by Patient Id, Name, Last Seen:24)
	at com.kms.katalon.core.main.ScriptEngine.run(ScriptEngine.java:194)
	at com.kms.katalon.core.main.ScriptEngine.runScriptAsRawText(ScriptEngine.java:119)
	at com.kms.katalon.core.main.TestCaseExecutor.runScript(TestCaseExecutor.java:448)
	at com.kms.katalon.core.main.TestCaseExecutor.doExecute(TestCaseExecutor.java:439)
	at com.kms.katalon.core.main.TestCaseExecutor.processExecutionPhase(TestCaseExecutor.java:418)
	at com.kms.katalon.core.main.TestCaseExecutor.accessMainPhase(TestCaseExecutor.java:410)
	at com.kms.katalon.core.main.TestCaseExecutor.execute(TestCaseExecutor.java:285)
	at com.kms.katalon.core.main.TestCaseExecutor.execute(TestCaseExecutor.java:369)
	at com.kms.katalon.core.main.TestCaseExecutor.execute(TestCaseExecutor.java:369)
	at com.kms.katalon.core.main.TestCaseExecutor.execute(TestCaseExecutor.java:369)
	at com.kms.katalon.core.common.CommonExecutor.accessTestCaseMainPhase(CommonExecutor.java:71)
	at com.kms.katalon.core.main.TestSuiteExecutor.accessTestSuiteMainPhase(TestSuiteExecutor.java:160)
	at com.kms.katalon.core.main.TestSuiteExecutor.execute(TestSuiteExecutor.java:107)
	at com.kms.katalon.core.main.TestCaseMain.startTestSuite(TestCaseMain.java:180)
	at TempTestSuite1744535835378.run(TempTestSuite1744535835378.groovy:35)
	at java.base/jdk.internal.reflect.NativeMethodAccessorImpl.invoke0(Native Method)
	at java.base/jdk.internal.reflect.NativeMethodAccessorImpl.invoke(NativeMethodAccessorImpl.java:77)
	at java.base/jdk.internal.reflect.DelegatingMethodAccessorImpl.invoke(DelegatingMethodAccessorImpl.java:43)
Caused by: com.kms.katalon.core.exception.StepFailedException: Actual text 'irman ramadhan nhf4lZF9' and expected text 'irman ramadhan ZPNWq2sg' of test object 'Object Repository/Page_OpenMRS Electronic Medical Record/a_irman ramadhan ZPNWq2sg' are NOT matched.
	at com.kms.katalon.core.webui.keyword.internal.WebUIKeywordMain.stepFailed(WebUIKeywordMain.groovy:117)
	at com.kms.katalon.core.webui.keyword.builtin.VerifyElementTextKeyword$_verifyElementText_closure1.doCall(VerifyElementTextKeyword.groovy:57)
	at com.kms.katalon.core.webui.keyword.builtin.VerifyElementTextKeyword$_verifyElementText_closure1.call(VerifyElementTextKeyword.groovy)
	at com.kms.katalon.core.webui.keyword.internal.WebUIKeywordMain.runKeyword(WebUIKeywordMain.groovy:35)
	... 23 more
)
[[ATTACHMENT|C:\\Users\\acer\\OneDrive\\Documents\\Automation-openRMS\\Reports\\20250413_161708\\4.TS_Active_Visits\\20250413_161715\\1744536804045.png]]]]></system-out>
         <system-err><![CDATA[13-04-2025T16:32:16 - [TEST_CASE][FAILED] - Test Cases/4. Active Visits/1. Search Active Visits by Patient Id, Name, Last Seen: Test Cases/4. Active Visits/1. Search Active Visits by Patient Id, Name, Last Seen FAILED.
Reason:
com.kms.katalon.core.exception.StepFailedException: Verify element text of test object 'Object Repository/Page_OpenMRS Electronic Medical Record/a_irman ramadhan ZPNWq2sg' FAILED.
	at com.kms.katalon.core.webui.keyword.internal.WebUIKeywordMain.stepFailed(WebUIKeywordMain.groovy:117)
	at com.kms.katalon.core.webui.keyword.internal.WebUIKeywordMain.runKeyword(WebUIKeywordMain.groovy:43)
	at com.kms.katalon.core.webui.keyword.builtin.VerifyElementTextKeyword.verifyElementText(VerifyElementTextKeyword.groovy:72)
	at com.kms.katalon.core.webui.keyword.builtin.VerifyElementTextKeyword.execute(VerifyElementTextKeyword.groovy:40)
	at com.kms.katalon.core.keyword.internal.KeywordExecutor.executeKeywordForPlatform(KeywordExecutor.groovy:74)
	at com.kms.katalon.core.webui.keyword.WebUiBuiltInKeywords.verifyElementText(WebUiBuiltInKeywords.groovy:4994)
	at 1. Search Active Visits by Patient Id, Name, Last Seen.run(1. Search Active Visits by Patient Id, Name, Last Seen:24)
	at com.kms.katalon.core.main.ScriptEngine.run(ScriptEngine.java:194)
	at com.kms.katalon.core.main.ScriptEngine.runScriptAsRawText(ScriptEngine.java:119)
	at com.kms.katalon.core.main.TestCaseExecutor.runScript(TestCaseExecutor.java:448)
	at com.kms.katalon.core.main.TestCaseExecutor.doExecute(TestCaseExecutor.java:439)
	at com.kms.katalon.core.main.TestCaseExecutor.processExecutionPhase(TestCaseExecutor.java:418)
	at com.kms.katalon.core.main.TestCaseExecutor.accessMainPhase(TestCaseExecutor.java:410)
	at com.kms.katalon.core.main.TestCaseExecutor.execute(TestCaseExecutor.java:285)
	at com.kms.katalon.core.main.TestCaseExecutor.execute(TestCaseExecutor.java:369)
	at com.kms.katalon.core.main.TestCaseExecutor.execute(TestCaseExecutor.java:369)
	at com.kms.katalon.core.main.TestCaseExecutor.execute(TestCaseExecutor.java:369)
	at com.kms.katalon.core.common.CommonExecutor.accessTestCaseMainPhase(CommonExecutor.java:71)
	at com.kms.katalon.core.main.TestSuiteExecutor.accessTestSuiteMainPhase(TestSuiteExecutor.java:160)
	at com.kms.katalon.core.main.TestSuiteExecutor.execute(TestSuiteExecutor.java:107)
	at com.kms.katalon.core.main.TestCaseMain.startTestSuite(TestCaseMain.java:180)
	at TempTestSuite1744535835378.run(TempTestSuite1744535835378.groovy:35)
	at java.base/jdk.internal.reflect.NativeMethodAccessorImpl.invoke0(Native Method)
	at java.base/jdk.internal.reflect.NativeMethodAccessorImpl.invoke(NativeMethodAccessorImpl.java:77)
	at java.base/jdk.internal.reflect.DelegatingMethodAccessorImpl.invoke(DelegatingMethodAccessorImpl.java:43)
Caused by: com.kms.katalon.core.exception.StepFailedException: Actual text 'irman ramadhan nhf4lZF9' and expected text 'irman ramadhan ZPNWq2sg' of test object 'Object Repository/Page_OpenMRS Electronic Medical Record/a_irman ramadhan ZPNWq2sg' are NOT matched.
	at com.kms.katalon.core.webui.keyword.internal.WebUIKeywordMain.stepFailed(WebUIKeywordMain.groovy:117)
	at com.kms.katalon.core.webui.keyword.builtin.VerifyElementTextKeyword$_verifyElementText_closure1.doCall(VerifyElementTextKeyword.groovy:57)
	at com.kms.katalon.core.webui.keyword.builtin.VerifyElementTextKeyword$_verifyElementText_closure1.call(VerifyElementTextKeyword.groovy)
	at com.kms.katalon.core.webui.keyword.internal.WebUIKeywordMain.runKeyword(WebUIKeywordMain.groovy:35)
	... 23 more]]></system-err>
      </testcase>
      <testcase name="Test Cases/4. Active Visits/2. Admin dapat melihat Active Visits Pasien" time="71.792" classname="Test Cases/4. Active Visits/2. Admin dapat melihat Active Visits Pasien" status="FAILED">
         <failure type="FAILED" message="Test Cases/4. Active Visits/2. Admin dapat melihat Active Visits Pasien FAILED.&#xa;Reason:&#xa;com.kms.katalon.core.exception.StepFailedException: Verify element text of test object 'Object Repository/Page_ActiveVisits/CurrentVisitActions' FAILED.&#xa;	at com.kms.katalon.core.webui.keyword.internal.WebUIKeywordMain.stepFailed(WebUIKeywordMain.groovy:117)&#xa;	at com.kms.katalon.core.webui.keyword.internal.WebUIKeywordMain.runKeyword(WebUIKeywordMain.groovy:43)&#xa;	at com.kms.katalon.core.webui.keyword.builtin.VerifyElementTextKeyword.verifyElementText(VerifyElementTextKeyword.groovy:72)&#xa;	at com.kms.katalon.core.webui.keyword.builtin.VerifyElementTextKeyword.execute(VerifyElementTextKeyword.groovy:40)&#xa;	at com.kms.katalon.core.keyword.internal.KeywordExecutor.executeKeywordForPlatform(KeywordExecutor.groovy:74)&#xa;	at com.kms.katalon.core.webui.keyword.WebUiBuiltInKeywords.verifyElementText(WebUiBuiltInKeywords.groovy:4994)&#xa;	at 2. Admin dapat melihat Active Visits Pasien.run(2. Admin dapat melihat Active Visits Pasien:98)&#xa;	at com.kms.katalon.core.main.ScriptEngine.run(ScriptEngine.java:194)&#xa;	at com.kms.katalon.core.main.ScriptEngine.runScriptAsRawText(ScriptEngine.java:119)&#xa;	at com.kms.katalon.core.main.TestCaseExecutor.runScript(TestCaseExecutor.java:448)&#xa;	at com.kms.katalon.core.main.TestCaseExecutor.doExecute(TestCaseExecutor.java:439)&#xa;	at com.kms.katalon.core.main.TestCaseExecutor.processExecutionPhase(TestCaseExecutor.java:418)&#xa;	at com.kms.katalon.core.main.TestCaseExecutor.accessMainPhase(TestCaseExecutor.java:410)&#xa;	at com.kms.katalon.core.main.TestCaseExecutor.execute(TestCaseExecutor.java:285)&#xa;	at com.kms.katalon.core.main.TestCaseExecutor.execute(TestCaseExecutor.java:369)&#xa;	at com.kms.katalon.core.main.TestCaseExecutor.execute(TestCaseExecutor.java:369)&#xa;	at com.kms.katalon.core.main.TestCaseExecutor.execute(TestCaseExecutor.java:369)&#xa;	at com.kms.katalon.core.common.CommonExecutor.accessTestCaseMainPhase(CommonExecutor.java:71)&#xa;	at com.kms.katalon.core.main.TestSuiteExecutor.accessTestSuiteMainPhase(TestSuiteExecutor.java:160)&#xa;	at com.kms.katalon.core.main.TestSuiteExecutor.execute(TestSuiteExecutor.java:107)&#xa;	at com.kms.katalon.core.main.TestCaseMain.startTestSuite(TestCaseMain.java:180)&#xa;	at TempTestSuite1744535835378.run(TempTestSuite1744535835378.groovy:35)&#xa;	at java.base/jdk.internal.reflect.NativeMethodAccessorImpl.invoke0(Native Method)&#xa;	at java.base/jdk.internal.reflect.NativeMethodAccessorImpl.invoke(NativeMethodAccessorImpl.java:77)&#xa;	at java.base/jdk.internal.reflect.DelegatingMethodAccessorImpl.invoke(DelegatingMethodAccessorImpl.java:43)&#xa;Caused by: com.kms.katalon.core.exception.StepFailedException: Actual text '' and expected text 'Current Visit Actions' of test object 'Object Repository/Page_ActiveVisits/CurrentVisitActions' are NOT matched.&#xa;	at com.kms.katalon.core.webui.keyword.internal.WebUIKeywordMain.stepFailed(WebUIKeywordMain.groovy:117)&#xa;	at com.kms.katalon.core.webui.keyword.builtin.VerifyElementTextKeyword$_verifyElementText_closure1.doCall(VerifyElementTextKeyword.groovy:57)&#xa;	at com.kms.katalon.core.webui.keyword.builtin.VerifyElementTextKeyword$_verifyElementText_closure1.call(VerifyElementTextKeyword.groovy)&#xa;	at com.kms.katalon.core.webui.keyword.internal.WebUIKeywordMain.runKeyword(WebUIKeywordMain.groovy:35)&#xa;	... 23 more&#xa;"/>
         <system-out><![CDATA[13-04-2025T16:36:26 - [TEST_CASE][FAILED] - Test Cases/4. Active Visits/2. Admin dapat melihat Active Visits Pasien: Test Cases/4. Active Visits/2. Admin dapat melihat Active Visits Pasien FAILED.
Reason:
com.kms.katalon.core.exception.StepFailedException: Verify element text of test object 'Object Repository/Page_ActiveVisits/CurrentVisitActions' FAILED.
	at com.kms.katalon.core.webui.keyword.internal.WebUIKeywordMain.stepFailed(WebUIKeywordMain.groovy:117)
	at com.kms.katalon.core.webui.keyword.internal.WebUIKeywordMain.runKeyword(WebUIKeywordMain.groovy:43)
	at com.kms.katalon.core.webui.keyword.builtin.VerifyElementTextKeyword.verifyElementText(VerifyElementTextKeyword.groovy:72)
	at com.kms.katalon.core.webui.keyword.builtin.VerifyElementTextKeyword.execute(VerifyElementTextKeyword.groovy:40)
	at com.kms.katalon.core.keyword.internal.KeywordExecutor.executeKeywordForPlatform(KeywordExecutor.groovy:74)
	at com.kms.katalon.core.webui.keyword.WebUiBuiltInKeywords.verifyElementText(WebUiBuiltInKeywords.groovy:4994)
	at 2. Admin dapat melihat Active Visits Pasien.run(2. Admin dapat melihat Active Visits Pasien:98)
	at com.kms.katalon.core.main.ScriptEngine.run(ScriptEngine.java:194)
	at com.kms.katalon.core.main.ScriptEngine.runScriptAsRawText(ScriptEngine.java:119)
	at com.kms.katalon.core.main.TestCaseExecutor.runScript(TestCaseExecutor.java:448)
	at com.kms.katalon.core.main.TestCaseExecutor.doExecute(TestCaseExecutor.java:439)
	at com.kms.katalon.core.main.TestCaseExecutor.processExecutionPhase(TestCaseExecutor.java:418)
	at com.kms.katalon.core.main.TestCaseExecutor.accessMainPhase(TestCaseExecutor.java:410)
	at com.kms.katalon.core.main.TestCaseExecutor.execute(TestCaseExecutor.java:285)
	at com.kms.katalon.core.main.TestCaseExecutor.execute(TestCaseExecutor.java:369)
	at com.kms.katalon.core.main.TestCaseExecutor.execute(TestCaseExecutor.java:369)
	at com.kms.katalon.core.main.TestCaseExecutor.execute(TestCaseExecutor.java:369)
	at com.kms.katalon.core.common.CommonExecutor.accessTestCaseMainPhase(CommonExecutor.java:71)
	at com.kms.katalon.core.main.TestSuiteExecutor.accessTestSuiteMainPhase(TestSuiteExecutor.java:160)
	at com.kms.katalon.core.main.TestSuiteExecutor.execute(TestSuiteExecutor.java:107)
	at com.kms.katalon.core.main.TestCaseMain.startTestSuite(TestCaseMain.java:180)
	at TempTestSuite1744535835378.run(TempTestSuite1744535835378.groovy:35)
	at java.base/jdk.internal.reflect.NativeMethodAccessorImpl.invoke0(Native Method)
	at java.base/jdk.internal.reflect.NativeMethodAccessorImpl.invoke(NativeMethodAccessorImpl.java:77)
	at java.base/jdk.internal.reflect.DelegatingMethodAccessorImpl.invoke(DelegatingMethodAccessorImpl.java:43)
Caused by: com.kms.katalon.core.exception.StepFailedException: Actual text '' and expected text 'Current Visit Actions' of test object 'Object Repository/Page_ActiveVisits/CurrentVisitActions' are NOT matched.
	at com.kms.katalon.core.webui.keyword.internal.WebUIKeywordMain.stepFailed(WebUIKeywordMain.groovy:117)
	at com.kms.katalon.core.webui.keyword.builtin.VerifyElementTextKeyword$_verifyElementText_closure1.doCall(VerifyElementTextKeyword.groovy:57)
	at com.kms.katalon.core.webui.keyword.builtin.VerifyElementTextKeyword$_verifyElementText_closure1.call(VerifyElementTextKeyword.groovy)
	at com.kms.katalon.core.webui.keyword.internal.WebUIKeywordMain.runKeyword(WebUIKeywordMain.groovy:35)
	... 23 more


13-04-2025T16:36:26 - [TEST_STEP][PASSED] - Start listener action : sampleBeforeTestCase: Actual text and expected text of test object 'Object Repository/Dashboard/login_as' are matched.

13-04-2025T16:36:26 - [TEST_STEP][PASSED] - openBrowser(""): Browser is opened with url: ''

13-04-2025T16:36:26 - [MESSAGE][WARNING] - A browser is already opened. Closing browser and opening a new one

13-04-2025T16:36:26 - [MESSAGE][INFO] - Starting 'Chrome' driver

13-04-2025T16:36:26 - [MESSAGE][INFO] - Action delay is set to 0 milliseconds

13-04-2025T16:36:27 - [MESSAGE][PASSED] - Browser is opened with url: ''

13-04-2025T16:36:27 - [TEST_STEP][PASSED] - maximizeWindow(): Current window maximized

13-04-2025T16:36:27 - [MESSAGE][PASSED] - Current window maximized

13-04-2025T16:36:27 - [TEST_STEP][PASSED] - navigateToUrl(url): Navigate to 'https://o2.openmrs.org/openmrs/login.htm' successfully

13-04-2025T16:36:56 - [MESSAGE][PASSED] - Navigate to 'https://o2.openmrs.org/openmrs/login.htm' successfully

13-04-2025T16:36:56 - [TEST_STEP][PASSED] - setText(findTestObject("Object Repository/Page_Login/input_Username_username"), "admin"): Text 'admin' is set on object 'Object Repository/Page_Login/input_Username_username'

13-04-2025T16:36:57 - [MESSAGE][PASSED] - Text 'admin' is set on object 'Object Repository/Page_Login/input_Username_username'

13-04-2025T16:36:57 - [TEST_STEP][PASSED] - setEncryptedText(findTestObject("Object Repository/Page_Login/input_Password_password"), "/5S6MFFLcE4mlsixtc6/Tg=="): Text ****** has been set on object 'Object Repository/Page_Login/input_Password_password'

13-04-2025T16:36:57 - [MESSAGE][PASSED] - Text ****** has been set on object 'Object Repository/Page_Login/input_Password_password'

13-04-2025T16:36:57 - [TEST_STEP][PASSED] - click(findTestObject("Object Repository/Page_Login/li_Pharmacy")): Object: 'Object Repository/Page_Login/li_Pharmacy' is clicked on

13-04-2025T16:36:58 - [MESSAGE][PASSED] - Object: 'Object Repository/Page_Login/li_Pharmacy' is clicked on

13-04-2025T16:36:58 - [TEST_STEP][PASSED] - click(findTestObject("Object Repository/Page_Login/input_Registration Desk_loginButton")): Object: 'Object Repository/Page_Login/input_Registration Desk_loginButton' is clicked on

13-04-2025T16:37:00 - [MESSAGE][PASSED] - Object: 'Object Repository/Page_Login/input_Registration Desk_loginButton' is clicked on

13-04-2025T16:37:00 - [TEST_STEP][PASSED] - verifyElementText(findTestObject("Object Repository/Dashboard/login_as"), "Logged in as Super User (admin) at Pharmacy."): Actual text and expected text of test object 'Object Repository/Dashboard/login_as' are matched.

13-04-2025T16:37:01 - [MESSAGE][PASSED] - Actual text and expected text of test object 'Object Repository/Dashboard/login_as' are matched.

13-04-2025T16:37:01 - [TEST_STEP][PASSED] - click(findTestObject("Object Repository/Page_Home/a_Active Visits (1)")): Object: 'Object Repository/Page_Home/a_Active Visits (1)' is clicked on

13-04-2025T16:37:08 - [MESSAGE][PASSED] - Object: 'Object Repository/Page_Home/a_Active Visits (1)' is clicked on

13-04-2025T16:37:08 - [TEST_STEP][PASSED] - navigateToUrl("https://o2.openmrs.org/openmrs/coreapps/activeVisits.page?app=coreapps.activeVisits"): Navigate to 'https://o2.openmrs.org/openmrs/coreapps/activeVisits.page?app=coreapps.activeVisits' successfully

13-04-2025T16:37:09 - [MESSAGE][PASSED] - Navigate to 'https://o2.openmrs.org/openmrs/coreapps/activeVisits.page?app=coreapps.activeVisits' successfully

13-04-2025T16:37:09 - [TEST_STEP][PASSED] - setText(findTestObject("Object Repository/Page_OpenMRS Electronic Medical Record/input_search (1)"), "irman ramadhan"): Text 'irman ramadhan' is set on object 'Object Repository/Page_OpenMRS Electronic Medical Record/input_search (1)'

13-04-2025T16:37:10 - [MESSAGE][PASSED] - Text 'irman ramadhan' is set on object 'Object Repository/Page_OpenMRS Electronic Medical Record/input_search (1)'

13-04-2025T16:37:10 - [TEST_STEP][PASSED] - click(findTestObject("Object Repository/Page_OpenMRS Electronic Medical Record/a_irman ramadhan ZPNWq2sg (1)")): Object: 'Object Repository/Page_OpenMRS Electronic Medical Record/a_irman ramadhan ZPNWq2sg (1)' is clicked on

13-04-2025T16:37:25 - [MESSAGE][PASSED] - Object: 'Object Repository/Page_OpenMRS Electronic Medical Record/a_irman ramadhan ZPNWq2sg (1)' is clicked on

13-04-2025T16:37:25 - [TEST_STEP][PASSED] - verifyElementText(findTestObject("Object Repository/Page_OpenMRS Electronic Medical Record/span_irman (1)"), "irman"): Actual text and expected text of test object 'Object Repository/Page_OpenMRS Electronic Medical Record/span_irman (1)' are matched.

13-04-2025T16:37:29 - [MESSAGE][PASSED] - Actual text and expected text of test object 'Object Repository/Page_OpenMRS Electronic Medical Record/span_irman (1)' are matched.

13-04-2025T16:37:29 - [TEST_STEP][PASSED] - verifyElementText(findTestObject("Object Repository/Page_OpenMRS Electronic Medical Record/span_ramadhan (1)"), "ramadhan"): Actual text and expected text of test object 'Object Repository/Page_OpenMRS Electronic Medical Record/span_ramadhan (1)' are matched.

13-04-2025T16:37:29 - [MESSAGE][PASSED] - Actual text and expected text of test object 'Object Repository/Page_OpenMRS Electronic Medical Record/span_ramadhan (1)' are matched.

13-04-2025T16:37:29 - [TEST_STEP][PASSED] - verifyElementText(findTestObject("Object Repository/Page_OpenMRS Electronic Medical Record/em_Given (1)"), "Given"): Actual text and expected text of test object 'Object Repository/Page_OpenMRS Electronic Medical Record/em_Given (1)' are matched.

13-04-2025T16:37:30 - [MESSAGE][PASSED] - Actual text and expected text of test object 'Object Repository/Page_OpenMRS Electronic Medical Record/em_Given (1)' are matched.

13-04-2025T16:37:30 - [TEST_STEP][PASSED] - verifyElementText(findTestObject("Object Repository/Page_OpenMRS Electronic Medical Record/em_Middle (1)"), "Middle"): Actual text and expected text of test object 'Object Repository/Page_OpenMRS Electronic Medical Record/em_Middle (1)' are matched.

13-04-2025T16:37:30 - [MESSAGE][PASSED] - Actual text and expected text of test object 'Object Repository/Page_OpenMRS Electronic Medical Record/em_Middle (1)' are matched.

13-04-2025T16:37:30 - [TEST_STEP][PASSED] - verifyElementText(findTestObject("Object Repository/Page_OpenMRS Electronic Medical Record/em_Family Name (1)"), "Family Name"): Actual text and expected text of test object 'Object Repository/Page_OpenMRS Electronic Medical Record/em_Family Name (1)' are matched.

13-04-2025T16:37:30 - [MESSAGE][PASSED] - Actual text and expected text of test object 'Object Repository/Page_OpenMRS Electronic Medical Record/em_Family Name (1)' are matched.

13-04-2025T16:37:30 - [TEST_STEP][PASSED] - verifyElementText(findTestObject("Object Repository/Page_OpenMRS Electronic Medical Record/span_Male (1)"), "Male "): Actual text and expected text of test object 'Object Repository/Page_OpenMRS Electronic Medical Record/span_Male (1)' are matched.

13-04-2025T16:37:31 - [MESSAGE][PASSED] - Actual text and expected text of test object 'Object Repository/Page_OpenMRS Electronic Medical Record/span_Male (1)' are matched.

13-04-2025T16:37:31 - [TEST_STEP][PASSED] - verifyElementText(findTestObject("Object Repository/Page_OpenMRS Electronic Medical Record/span_31 year(s)                            _1191ad (1)"), "31 year(s) ( 04.Mar.1994)"): Actual text and expected text of test object 'Object Repository/Page_OpenMRS Electronic Medical Record/span_31 year(s)                            _1191ad (1)' are matched.

13-04-2025T16:37:31 - [MESSAGE][PASSED] - Actual text and expected text of test object 'Object Repository/Page_OpenMRS Electronic Medical Record/span_31 year(s)                            _1191ad (1)' are matched.

13-04-2025T16:37:31 - [TEST_STEP][PASSED] - verifyElementText(findTestObject("Object Repository/Page_OpenMRS Electronic Medical Record/em_Patient ID (1)"), "Patient ID"): Actual text and expected text of test object 'Object Repository/Page_OpenMRS Electronic Medical Record/em_Patient ID (1)' are matched.

13-04-2025T16:37:31 - [MESSAGE][PASSED] - Actual text and expected text of test object 'Object Repository/Page_OpenMRS Electronic Medical Record/em_Patient ID (1)' are matched.

13-04-2025T16:37:31 - [TEST_STEP][PASSED] - verifyElementPresent(findTestObject("Object Repository/Page_OpenMRS Electronic Medical Record/span_100LDG (1)"), 10): Object 'Object Repository/Page_OpenMRS Electronic Medical Record/span_100LDG (1)' is present

13-04-2025T16:37:31 - [MESSAGE][PASSED] - Object 'Object Repository/Page_OpenMRS Electronic Medical Record/span_100LDG (1)' is present

13-04-2025T16:37:31 - [TEST_STEP][PASSED] - verifyElementText(findTestObject("Object Repository/Page_OpenMRS Electronic Medical Record/h3_DIAGNOSES (1)"), "DIAGNOSES"): Actual text and expected text of test object 'Object Repository/Page_OpenMRS Electronic Medical Record/h3_DIAGNOSES (1)' are matched.

13-04-2025T16:37:32 - [MESSAGE][PASSED] - Actual text and expected text of test object 'Object Repository/Page_OpenMRS Electronic Medical Record/h3_DIAGNOSES (1)' are matched.

13-04-2025T16:37:32 - [TEST_STEP][PASSED] - verifyElementText(findTestObject("Object Repository/Page_OpenMRS Electronic Medical Record/div_None in the last 730 days (1)"), "None in the last 730 days"): Actual text and expected text of test object 'Object Repository/Page_OpenMRS Electronic Medical Record/div_None in the last 730 days (1)' are matched.

13-04-2025T16:37:32 - [MESSAGE][PASSED] - Actual text and expected text of test object 'Object Repository/Page_OpenMRS Electronic Medical Record/div_None in the last 730 days (1)' are matched.

13-04-2025T16:37:32 - [TEST_STEP][PASSED] - verifyElementText(findTestObject("Object Repository/Page_OpenMRS Electronic Medical Record/h3_LATEST OBSERVATIONS (1)"), "LATEST OBSERVATIONS"): Actual text and expected text of test object 'Object Repository/Page_OpenMRS Electronic Medical Record/h3_LATEST OBSERVATIONS (1)' are matched.

13-04-2025T16:37:32 - [MESSAGE][PASSED] - Actual text and expected text of test object 'Object Repository/Page_OpenMRS Electronic Medical Record/h3_LATEST OBSERVATIONS (1)' are matched.

13-04-2025T16:37:32 - [TEST_STEP][PASSED] - verifyElementText(findTestObject("Object Repository/Page_OpenMRS Electronic Medical Record/p_None in the last   30  days              _127cd3 (1)"), "None in the last 30 days None"): Actual text and expected text of test object 'Object Repository/Page_OpenMRS Electronic Medical Record/p_None in the last   30  days              _127cd3 (1)' are matched.

13-04-2025T16:37:32 - [MESSAGE][PASSED] - Actual text and expected text of test object 'Object Repository/Page_OpenMRS Electronic Medical Record/p_None in the last   30  days              _127cd3 (1)' are matched.

13-04-2025T16:37:32 - [TEST_STEP][PASSED] - verifyElementText(findTestObject("Object Repository/Page_OpenMRS Electronic Medical Record/h3_HEALTH TREND SUMMARY (1)"), "HEALTH TREND SUMMARY"): Actual text and expected text of test object 'Object Repository/Page_OpenMRS Electronic Medical Record/h3_HEALTH TREND SUMMARY (1)' are matched.

13-04-2025T16:37:33 - [MESSAGE][PASSED] - Actual text and expected text of test object 'Object Repository/Page_OpenMRS Electronic Medical Record/h3_HEALTH TREND SUMMARY (1)' are matched.

13-04-2025T16:37:33 - [TEST_STEP][PASSED] - verifyElementText(findTestObject("Object Repository/Page_OpenMRS Electronic Medical Record/h3_WEIGHT GRAPH (1)"), "WEIGHT GRAPH"): Actual text and expected text of test object 'Object Repository/Page_OpenMRS Electronic Medical Record/h3_WEIGHT GRAPH (1)' are matched.

13-04-2025T16:37:33 - [MESSAGE][PASSED] - Actual text and expected text of test object 'Object Repository/Page_OpenMRS Electronic Medical Record/h3_WEIGHT GRAPH (1)' are matched.

13-04-2025T16:37:33 - [TEST_STEP][PASSED] - verifyElementText(findTestObject("Object Repository/Page_OpenMRS Electronic Medical Record/strong_Weight (kg) (1)"), "Weight (kg)"): Actual text and expected text of test object 'Object Repository/Page_OpenMRS Electronic Medical Record/strong_Weight (kg) (1)' are matched.

13-04-2025T16:37:33 - [MESSAGE][PASSED] - Actual text and expected text of test object 'Object Repository/Page_OpenMRS Electronic Medical Record/strong_Weight (kg) (1)' are matched.

13-04-2025T16:37:33 - [TEST_STEP][PASSED] - verifyElementText(findTestObject("Object Repository/Page_OpenMRS Electronic Medical Record/span_None in the last   365  days (1)"), "None in the last 365 days"): Actual text and expected text of test object 'Object Repository/Page_OpenMRS Electronic Medical Record/span_None in the last   365  days (1)' are matched.

13-04-2025T16:37:34 - [MESSAGE][PASSED] - Actual text and expected text of test object 'Object Repository/Page_OpenMRS Electronic Medical Record/span_None in the last   365  days (1)' are matched.

13-04-2025T16:37:34 - [TEST_STEP][PASSED] - verifyElementText(findTestObject("Object Repository/Page_OpenMRS Electronic Medical Record/h3_VITALS (1)"), "VITALS"): Actual text and expected text of test object 'Object Repository/Page_OpenMRS Electronic Medical Record/h3_VITALS (1)' are matched.

13-04-2025T16:37:34 - [MESSAGE][PASSED] - Actual text and expected text of test object 'Object Repository/Page_OpenMRS Electronic Medical Record/h3_VITALS (1)' are matched.

13-04-2025T16:37:34 - [TEST_STEP][PASSED] - verifyElementText(findTestObject("Object Repository/Page_OpenMRS Electronic Medical Record/div_None (1)"), "None"): Actual text and expected text of test object 'Object Repository/Page_OpenMRS Electronic Medical Record/div_None (1)' are matched.

13-04-2025T16:37:34 - [MESSAGE][PASSED] - Actual text and expected text of test object 'Object Repository/Page_OpenMRS Electronic Medical Record/div_None (1)' are matched.

13-04-2025T16:37:34 - [TEST_STEP][PASSED] - verifyElementText(findTestObject("Object Repository/Page_OpenMRS Electronic Medical Record/h3_APPOINTMENTS (1)"), "APPOINTMENTS"): Actual text and expected text of test object 'Object Repository/Page_OpenMRS Electronic Medical Record/h3_APPOINTMENTS (1)' are matched.

13-04-2025T16:37:34 - [MESSAGE][PASSED] - Actual text and expected text of test object 'Object Repository/Page_OpenMRS Electronic Medical Record/h3_APPOINTMENTS (1)' are matched.

13-04-2025T16:37:34 - [TEST_STEP][PASSED] - verifyElementText(findTestObject("Object Repository/Page_OpenMRS Electronic Medical Record/div_None_1 (1)"), "None"): Actual text and expected text of test object 'Object Repository/Page_OpenMRS Electronic Medical Record/div_None_1 (1)' are matched.

13-04-2025T16:37:35 - [MESSAGE][PASSED] - Actual text and expected text of test object 'Object Repository/Page_OpenMRS Electronic Medical Record/div_None_1 (1)' are matched.

13-04-2025T16:37:35 - [TEST_STEP][PASSED] - verifyElementText(findTestObject("Object Repository/Page_OpenMRS Electronic Medical Record/h3_RECENT VISITS (1)"), "RECENT VISITS"): Actual text and expected text of test object 'Object Repository/Page_OpenMRS Electronic Medical Record/h3_RECENT VISITS (1)' are matched.

13-04-2025T16:37:35 - [MESSAGE][PASSED] - Actual text and expected text of test object 'Object Repository/Page_OpenMRS Electronic Medical Record/h3_RECENT VISITS (1)' are matched.

13-04-2025T16:37:35 - [TEST_STEP][PASSED] - verifyElementText(findTestObject("Object Repository/Page_OpenMRS Electronic Medical Record/p_None (1)"), "None"): Actual text and expected text of test object 'Object Repository/Page_OpenMRS Electronic Medical Record/p_None (1)' are matched.

13-04-2025T16:37:35 - [MESSAGE][PASSED] - Actual text and expected text of test object 'Object Repository/Page_OpenMRS Electronic Medical Record/p_None (1)' are matched.

13-04-2025T16:37:35 - [TEST_STEP][PASSED] - verifyElementText(findTestObject("Object Repository/Page_OpenMRS Electronic Medical Record/h3_FAMILY (1)"), "FAMILY"): Actual text and expected text of test object 'Object Repository/Page_OpenMRS Electronic Medical Record/h3_FAMILY (1)' are matched.

13-04-2025T16:37:35 - [MESSAGE][PASSED] - Actual text and expected text of test object 'Object Repository/Page_OpenMRS Electronic Medical Record/h3_FAMILY (1)' are matched.

13-04-2025T16:37:35 - [TEST_STEP][PASSED] - verifyElementText(findTestObject("Object Repository/Page_OpenMRS Electronic Medical Record/p_None_1 (1)"), "None"): Actual text and expected text of test object 'Object Repository/Page_OpenMRS Electronic Medical Record/p_None_1 (1)' are matched.

13-04-2025T16:37:36 - [MESSAGE][PASSED] - Actual text and expected text of test object 'Object Repository/Page_OpenMRS Electronic Medical Record/p_None_1 (1)' are matched.

13-04-2025T16:37:36 - [TEST_STEP][PASSED] - verifyElementText(findTestObject("Object Repository/Page_OpenMRS Electronic Medical Record/h3_CONDITIONS (1)"), "CONDITIONS"): Actual text and expected text of test object 'Object Repository/Page_OpenMRS Electronic Medical Record/h3_CONDITIONS (1)' are matched.

13-04-2025T16:37:36 - [MESSAGE][PASSED] - Actual text and expected text of test object 'Object Repository/Page_OpenMRS Electronic Medical Record/h3_CONDITIONS (1)' are matched.

13-04-2025T16:37:36 - [TEST_STEP][PASSED] - verifyElementText(findTestObject("Object Repository/Page_OpenMRS Electronic Medical Record/p_None_1_2 (1)"), "None"): Actual text and expected text of test object 'Object Repository/Page_OpenMRS Electronic Medical Record/p_None_1_2 (1)' are matched.

13-04-2025T16:37:36 - [MESSAGE][PASSED] - Actual text and expected text of test object 'Object Repository/Page_OpenMRS Electronic Medical Record/p_None_1_2 (1)' are matched.

13-04-2025T16:37:36 - [TEST_STEP][PASSED] - verifyElementText(findTestObject("Object Repository/Page_OpenMRS Electronic Medical Record/h3_ATTACHMENTS (1)"), "ATTACHMENTS"): Actual text and expected text of test object 'Object Repository/Page_OpenMRS Electronic Medical Record/h3_ATTACHMENTS (1)' are matched.

13-04-2025T16:37:36 - [MESSAGE][PASSED] - Actual text and expected text of test object 'Object Repository/Page_OpenMRS Electronic Medical Record/h3_ATTACHMENTS (1)' are matched.

13-04-2025T16:37:36 - [TEST_STEP][PASSED] - verifyElementText(findTestObject("Object Repository/Page_OpenMRS Electronic Medical Record/h3_ALLERGIES (1)"), "ALLERGIES"): Actual text and expected text of test object 'Object Repository/Page_OpenMRS Electronic Medical Record/h3_ALLERGIES (1)' are matched.

13-04-2025T16:37:37 - [MESSAGE][PASSED] - Actual text and expected text of test object 'Object Repository/Page_OpenMRS Electronic Medical Record/h3_ALLERGIES (1)' are matched.

13-04-2025T16:37:37 - [TEST_STEP][PASSED] - verifyElementText(findTestObject("Object Repository/Page_OpenMRS Electronic Medical Record/div_Unknown (1)"), "Unknown"): Actual text and expected text of test object 'Object Repository/Page_OpenMRS Electronic Medical Record/div_Unknown (1)' are matched.

13-04-2025T16:37:37 - [MESSAGE][PASSED] - Actual text and expected text of test object 'Object Repository/Page_OpenMRS Electronic Medical Record/div_Unknown (1)' are matched.

13-04-2025T16:37:37 - [TEST_STEP][FAILED] - verifyElementText(findTestObject("Page_ActiveVisits/CurrentVisitActions"), "Current Visit Actions"): Verify element text of test object 'Object Repository/Page_ActiveVisits/CurrentVisitActions' FAILED. (Root cause: com.kms.katalon.core.exception.StepFailedException: Verify element text of test object 'Object Repository/Page_ActiveVisits/CurrentVisitActions' FAILED.
	at com.kms.katalon.core.webui.keyword.internal.WebUIKeywordMain.stepFailed(WebUIKeywordMain.groovy:117)
	at com.kms.katalon.core.webui.keyword.internal.WebUIKeywordMain.runKeyword(WebUIKeywordMain.groovy:43)
	at com.kms.katalon.core.webui.keyword.builtin.VerifyElementTextKeyword.verifyElementText(VerifyElementTextKeyword.groovy:72)
	at com.kms.katalon.core.webui.keyword.builtin.VerifyElementTextKeyword.execute(VerifyElementTextKeyword.groovy:40)
	at com.kms.katalon.core.keyword.internal.KeywordExecutor.executeKeywordForPlatform(KeywordExecutor.groovy:74)
	at com.kms.katalon.core.webui.keyword.WebUiBuiltInKeywords.verifyElementText(WebUiBuiltInKeywords.groovy:4994)
	at 2. Admin dapat melihat Active Visits Pasien.run(2. Admin dapat melihat Active Visits Pasien:98)
	at com.kms.katalon.core.main.ScriptEngine.run(ScriptEngine.java:194)
	at com.kms.katalon.core.main.ScriptEngine.runScriptAsRawText(ScriptEngine.java:119)
	at com.kms.katalon.core.main.TestCaseExecutor.runScript(TestCaseExecutor.java:448)
	at com.kms.katalon.core.main.TestCaseExecutor.doExecute(TestCaseExecutor.java:439)
	at com.kms.katalon.core.main.TestCaseExecutor.processExecutionPhase(TestCaseExecutor.java:418)
	at com.kms.katalon.core.main.TestCaseExecutor.accessMainPhase(TestCaseExecutor.java:410)
	at com.kms.katalon.core.main.TestCaseExecutor.execute(TestCaseExecutor.java:285)
	at com.kms.katalon.core.main.TestCaseExecutor.execute(TestCaseExecutor.java:369)
	at com.kms.katalon.core.main.TestCaseExecutor.execute(TestCaseExecutor.java:369)
	at com.kms.katalon.core.main.TestCaseExecutor.execute(TestCaseExecutor.java:369)
	at com.kms.katalon.core.common.CommonExecutor.accessTestCaseMainPhase(CommonExecutor.java:71)
	at com.kms.katalon.core.main.TestSuiteExecutor.accessTestSuiteMainPhase(TestSuiteExecutor.java:160)
	at com.kms.katalon.core.main.TestSuiteExecutor.execute(TestSuiteExecutor.java:107)
	at com.kms.katalon.core.main.TestCaseMain.startTestSuite(TestCaseMain.java:180)
	at TempTestSuite1744535835378.run(TempTestSuite1744535835378.groovy:35)
	at java.base/jdk.internal.reflect.NativeMethodAccessorImpl.invoke0(Native Method)
	at java.base/jdk.internal.reflect.NativeMethodAccessorImpl.invoke(NativeMethodAccessorImpl.java:77)
	at java.base/jdk.internal.reflect.DelegatingMethodAccessorImpl.invoke(DelegatingMethodAccessorImpl.java:43)
Caused by: com.kms.katalon.core.exception.StepFailedException: Actual text '' and expected text 'Current Visit Actions' of test object 'Object Repository/Page_ActiveVisits/CurrentVisitActions' are NOT matched.
	at com.kms.katalon.core.webui.keyword.internal.WebUIKeywordMain.stepFailed(WebUIKeywordMain.groovy:117)
	at com.kms.katalon.core.webui.keyword.builtin.VerifyElementTextKeyword$_verifyElementText_closure1.doCall(VerifyElementTextKeyword.groovy:57)
	at com.kms.katalon.core.webui.keyword.builtin.VerifyElementTextKeyword$_verifyElementText_closure1.call(VerifyElementTextKeyword.groovy)
	at com.kms.katalon.core.webui.keyword.internal.WebUIKeywordMain.runKeyword(WebUIKeywordMain.groovy:35)
	... 23 more
)

13-04-2025T16:37:37 - [MESSAGE][FAILED] - Actual text '' and expected text 'Current Visit Actions' of test object 'Object Repository/Page_ActiveVisits/CurrentVisitActions' are NOT matched. (Root cause: com.kms.katalon.core.exception.StepFailedException: Actual text '' and expected text 'Current Visit Actions' of test object 'Object Repository/Page_ActiveVisits/CurrentVisitActions' are NOT matched.
	at com.kms.katalon.core.webui.keyword.internal.WebUIKeywordMain.stepFailed(WebUIKeywordMain.groovy:117)
	at com.kms.katalon.core.webui.keyword.builtin.VerifyElementTextKeyword$_verifyElementText_closure1.doCall(VerifyElementTextKeyword.groovy:57)
	at com.kms.katalon.core.webui.keyword.builtin.VerifyElementTextKeyword$_verifyElementText_closure1.call(VerifyElementTextKeyword.groovy)
	at com.kms.katalon.core.webui.keyword.internal.WebUIKeywordMain.runKeyword(WebUIKeywordMain.groovy:35)
	at com.kms.katalon.core.webui.keyword.builtin.VerifyElementTextKeyword.verifyElementText(VerifyElementTextKeyword.groovy:72)
	at com.kms.katalon.core.webui.keyword.builtin.VerifyElementTextKeyword.execute(VerifyElementTextKeyword.groovy:40)
	at com.kms.katalon.core.keyword.internal.KeywordExecutor.executeKeywordForPlatform(KeywordExecutor.groovy:74)
	at com.kms.katalon.core.webui.keyword.WebUiBuiltInKeywords.verifyElementText(WebUiBuiltInKeywords.groovy:4994)
	at 2. Admin dapat melihat Active Visits Pasien.run(2. Admin dapat melihat Active Visits Pasien:98)
	at com.kms.katalon.core.main.ScriptEngine.run(ScriptEngine.java:194)
	at com.kms.katalon.core.main.ScriptEngine.runScriptAsRawText(ScriptEngine.java:119)
	at com.kms.katalon.core.main.TestCaseExecutor.runScript(TestCaseExecutor.java:448)
	at com.kms.katalon.core.main.TestCaseExecutor.doExecute(TestCaseExecutor.java:439)
	at com.kms.katalon.core.main.TestCaseExecutor.processExecutionPhase(TestCaseExecutor.java:418)
	at com.kms.katalon.core.main.TestCaseExecutor.accessMainPhase(TestCaseExecutor.java:410)
	at com.kms.katalon.core.main.TestCaseExecutor.execute(TestCaseExecutor.java:285)
	at com.kms.katalon.core.main.TestCaseExecutor.execute(TestCaseExecutor.java:369)
	at com.kms.katalon.core.main.TestCaseExecutor.execute(TestCaseExecutor.java:369)
	at com.kms.katalon.core.main.TestCaseExecutor.execute(TestCaseExecutor.java:369)
	at com.kms.katalon.core.common.CommonExecutor.accessTestCaseMainPhase(CommonExecutor.java:71)
	at com.kms.katalon.core.main.TestSuiteExecutor.accessTestSuiteMainPhase(TestSuiteExecutor.java:160)
	at com.kms.katalon.core.main.TestSuiteExecutor.execute(TestSuiteExecutor.java:107)
	at com.kms.katalon.core.main.TestCaseMain.startTestSuite(TestCaseMain.java:180)
	at TempTestSuite1744535835378.run(TempTestSuite1744535835378.groovy:35)
	at java.base/jdk.internal.reflect.NativeMethodAccessorImpl.invoke0(Native Method)
	at java.base/jdk.internal.reflect.NativeMethodAccessorImpl.invoke(NativeMethodAccessorImpl.java:77)
	at java.base/jdk.internal.reflect.DelegatingMethodAccessorImpl.invoke(DelegatingMethodAccessorImpl.java:43)
)
[[ATTACHMENT|C:\\Users\\acer\\OneDrive\\Documents\\Automation-openRMS\\Reports\\20250413_161708\\4.TS_Active_Visits\\20250413_161715\\1744537057533.png]]

13-04-2025T16:37:37 - [MESSAGE][FAILED] - Verify element text of test object 'Object Repository/Page_ActiveVisits/CurrentVisitActions' FAILED. (Root cause: com.kms.katalon.core.exception.StepFailedException: Verify element text of test object 'Object Repository/Page_ActiveVisits/CurrentVisitActions' FAILED.
	at com.kms.katalon.core.webui.keyword.internal.WebUIKeywordMain.stepFailed(WebUIKeywordMain.groovy:117)
	at com.kms.katalon.core.webui.keyword.internal.WebUIKeywordMain.runKeyword(WebUIKeywordMain.groovy:43)
	at com.kms.katalon.core.webui.keyword.builtin.VerifyElementTextKeyword.verifyElementText(VerifyElementTextKeyword.groovy:72)
	at com.kms.katalon.core.webui.keyword.builtin.VerifyElementTextKeyword.execute(VerifyElementTextKeyword.groovy:40)
	at com.kms.katalon.core.keyword.internal.KeywordExecutor.executeKeywordForPlatform(KeywordExecutor.groovy:74)
	at com.kms.katalon.core.webui.keyword.WebUiBuiltInKeywords.verifyElementText(WebUiBuiltInKeywords.groovy:4994)
	at 2. Admin dapat melihat Active Visits Pasien.run(2. Admin dapat melihat Active Visits Pasien:98)
	at com.kms.katalon.core.main.ScriptEngine.run(ScriptEngine.java:194)
	at com.kms.katalon.core.main.ScriptEngine.runScriptAsRawText(ScriptEngine.java:119)
	at com.kms.katalon.core.main.TestCaseExecutor.runScript(TestCaseExecutor.java:448)
	at com.kms.katalon.core.main.TestCaseExecutor.doExecute(TestCaseExecutor.java:439)
	at com.kms.katalon.core.main.TestCaseExecutor.processExecutionPhase(TestCaseExecutor.java:418)
	at com.kms.katalon.core.main.TestCaseExecutor.accessMainPhase(TestCaseExecutor.java:410)
	at com.kms.katalon.core.main.TestCaseExecutor.execute(TestCaseExecutor.java:285)
	at com.kms.katalon.core.main.TestCaseExecutor.execute(TestCaseExecutor.java:369)
	at com.kms.katalon.core.main.TestCaseExecutor.execute(TestCaseExecutor.java:369)
	at com.kms.katalon.core.main.TestCaseExecutor.execute(TestCaseExecutor.java:369)
	at com.kms.katalon.core.common.CommonExecutor.accessTestCaseMainPhase(CommonExecutor.java:71)
	at com.kms.katalon.core.main.TestSuiteExecutor.accessTestSuiteMainPhase(TestSuiteExecutor.java:160)
	at com.kms.katalon.core.main.TestSuiteExecutor.execute(TestSuiteExecutor.java:107)
	at com.kms.katalon.core.main.TestCaseMain.startTestSuite(TestCaseMain.java:180)
	at TempTestSuite1744535835378.run(TempTestSuite1744535835378.groovy:35)
	at java.base/jdk.internal.reflect.NativeMethodAccessorImpl.invoke0(Native Method)
	at java.base/jdk.internal.reflect.NativeMethodAccessorImpl.invoke(NativeMethodAccessorImpl.java:77)
	at java.base/jdk.internal.reflect.DelegatingMethodAccessorImpl.invoke(DelegatingMethodAccessorImpl.java:43)
Caused by: com.kms.katalon.core.exception.StepFailedException: Actual text '' and expected text 'Current Visit Actions' of test object 'Object Repository/Page_ActiveVisits/CurrentVisitActions' are NOT matched.
	at com.kms.katalon.core.webui.keyword.internal.WebUIKeywordMain.stepFailed(WebUIKeywordMain.groovy:117)
	at com.kms.katalon.core.webui.keyword.builtin.VerifyElementTextKeyword$_verifyElementText_closure1.doCall(VerifyElementTextKeyword.groovy:57)
	at com.kms.katalon.core.webui.keyword.builtin.VerifyElementTextKeyword$_verifyElementText_closure1.call(VerifyElementTextKeyword.groovy)
	at com.kms.katalon.core.webui.keyword.internal.WebUIKeywordMain.runKeyword(WebUIKeywordMain.groovy:35)
	... 23 more
)
[[ATTACHMENT|C:\\Users\\acer\\OneDrive\\Documents\\Automation-openRMS\\Reports\\20250413_161708\\4.TS_Active_Visits\\20250413_161715\\1744537057690.png]]]]></system-out>
         <system-err><![CDATA[13-04-2025T16:36:26 - [TEST_CASE][FAILED] - Test Cases/4. Active Visits/2. Admin dapat melihat Active Visits Pasien: Test Cases/4. Active Visits/2. Admin dapat melihat Active Visits Pasien FAILED.
Reason:
com.kms.katalon.core.exception.StepFailedException: Verify element text of test object 'Object Repository/Page_ActiveVisits/CurrentVisitActions' FAILED.
	at com.kms.katalon.core.webui.keyword.internal.WebUIKeywordMain.stepFailed(WebUIKeywordMain.groovy:117)
	at com.kms.katalon.core.webui.keyword.internal.WebUIKeywordMain.runKeyword(WebUIKeywordMain.groovy:43)
	at com.kms.katalon.core.webui.keyword.builtin.VerifyElementTextKeyword.verifyElementText(VerifyElementTextKeyword.groovy:72)
	at com.kms.katalon.core.webui.keyword.builtin.VerifyElementTextKeyword.execute(VerifyElementTextKeyword.groovy:40)
	at com.kms.katalon.core.keyword.internal.KeywordExecutor.executeKeywordForPlatform(KeywordExecutor.groovy:74)
	at com.kms.katalon.core.webui.keyword.WebUiBuiltInKeywords.verifyElementText(WebUiBuiltInKeywords.groovy:4994)
	at 2. Admin dapat melihat Active Visits Pasien.run(2. Admin dapat melihat Active Visits Pasien:98)
	at com.kms.katalon.core.main.ScriptEngine.run(ScriptEngine.java:194)
	at com.kms.katalon.core.main.ScriptEngine.runScriptAsRawText(ScriptEngine.java:119)
	at com.kms.katalon.core.main.TestCaseExecutor.runScript(TestCaseExecutor.java:448)
	at com.kms.katalon.core.main.TestCaseExecutor.doExecute(TestCaseExecutor.java:439)
	at com.kms.katalon.core.main.TestCaseExecutor.processExecutionPhase(TestCaseExecutor.java:418)
	at com.kms.katalon.core.main.TestCaseExecutor.accessMainPhase(TestCaseExecutor.java:410)
	at com.kms.katalon.core.main.TestCaseExecutor.execute(TestCaseExecutor.java:285)
	at com.kms.katalon.core.main.TestCaseExecutor.execute(TestCaseExecutor.java:369)
	at com.kms.katalon.core.main.TestCaseExecutor.execute(TestCaseExecutor.java:369)
	at com.kms.katalon.core.main.TestCaseExecutor.execute(TestCaseExecutor.java:369)
	at com.kms.katalon.core.common.CommonExecutor.accessTestCaseMainPhase(CommonExecutor.java:71)
	at com.kms.katalon.core.main.TestSuiteExecutor.accessTestSuiteMainPhase(TestSuiteExecutor.java:160)
	at com.kms.katalon.core.main.TestSuiteExecutor.execute(TestSuiteExecutor.java:107)
	at com.kms.katalon.core.main.TestCaseMain.startTestSuite(TestCaseMain.java:180)
	at TempTestSuite1744535835378.run(TempTestSuite1744535835378.groovy:35)
	at java.base/jdk.internal.reflect.NativeMethodAccessorImpl.invoke0(Native Method)
	at java.base/jdk.internal.reflect.NativeMethodAccessorImpl.invoke(NativeMethodAccessorImpl.java:77)
	at java.base/jdk.internal.reflect.DelegatingMethodAccessorImpl.invoke(DelegatingMethodAccessorImpl.java:43)
Caused by: com.kms.katalon.core.exception.StepFailedException: Actual text '' and expected text 'Current Visit Actions' of test object 'Object Repository/Page_ActiveVisits/CurrentVisitActions' are NOT matched.
	at com.kms.katalon.core.webui.keyword.internal.WebUIKeywordMain.stepFailed(WebUIKeywordMain.groovy:117)
	at com.kms.katalon.core.webui.keyword.builtin.VerifyElementTextKeyword$_verifyElementText_closure1.doCall(VerifyElementTextKeyword.groovy:57)
	at com.kms.katalon.core.webui.keyword.builtin.VerifyElementTextKeyword$_verifyElementText_closure1.call(VerifyElementTextKeyword.groovy)
	at com.kms.katalon.core.webui.keyword.internal.WebUIKeywordMain.runKeyword(WebUIKeywordMain.groovy:35)
	... 23 more]]></system-err>
      </testcase>
      <system-out><![CDATA[13-04-2025T16:28:39 - [TEST_SUITE][FAILED] - 4.TS_Active_Visits: Test Cases/4. Active Visits/1. Search Active Visits by Patient Id, Name, Last Seen FAILED.
Reason:
com.kms.katalon.core.exception.StepFailedException: Verify element text of test object 'Object Repository/Page_OpenMRS Electronic Medical Record/a_irman ramadhan ZPNWq2sg' FAILED.
	at com.kms.katalon.core.webui.keyword.internal.WebUIKeywordMain.stepFailed(WebUIKeywordMain.groovy:117)
	at com.kms.katalon.core.webui.keyword.internal.WebUIKeywordMain.runKeyword(WebUIKeywordMain.groovy:43)
	at com.kms.katalon.core.webui.keyword.builtin.VerifyElementTextKeyword.verifyElementText(VerifyElementTextKeyword.groovy:72)
	at com.kms.katalon.core.webui.keyword.builtin.VerifyElementTextKeyword.execute(VerifyElementTextKeyword.groovy:40)
	at com.kms.katalon.core.keyword.internal.KeywordExecutor.executeKeywordForPlatform(KeywordExecutor.groovy:74)
	at com.kms.katalon.core.webui.keyword.WebUiBuiltInKeywords.verifyElementText(WebUiBuiltInKeywords.groovy:4994)
	at 1. Search Active Visits by Patient Id, Name, Last Seen.run(1. Search Active Visits by Patient Id, Name, Last Seen:24)
	at com.kms.katalon.core.main.ScriptEngine.run(ScriptEngine.java:194)
	at com.kms.katalon.core.main.ScriptEngine.runScriptAsRawText(ScriptEngine.java:119)
	at com.kms.katalon.core.main.TestCaseExecutor.runScript(TestCaseExecutor.java:448)
	at com.kms.katalon.core.main.TestCaseExecutor.doExecute(TestCaseExecutor.java:439)
	at com.kms.katalon.core.main.TestCaseExecutor.processExecutionPhase(TestCaseExecutor.java:418)
	at com.kms.katalon.core.main.TestCaseExecutor.accessMainPhase(TestCaseExecutor.java:410)
	at com.kms.katalon.core.main.TestCaseExecutor.execute(TestCaseExecutor.java:285)
	at com.kms.katalon.core.common.CommonExecutor.accessTestCaseMainPhase(CommonExecutor.java:71)
	at com.kms.katalon.core.main.TestSuiteExecutor.accessTestSuiteMainPhase(TestSuiteExecutor.java:160)
	at com.kms.katalon.core.main.TestSuiteExecutor.execute(TestSuiteExecutor.java:107)
	at com.kms.katalon.core.main.TestCaseMain.startTestSuite(TestCaseMain.java:180)
	at TempTestSuite1744535835378.run(TempTestSuite1744535835378.groovy:35)
	at java.base/jdk.internal.reflect.NativeMethodAccessorImpl.invoke0(Native Method)
	at java.base/jdk.internal.reflect.NativeMethodAccessorImpl.invoke(NativeMethodAccessorImpl.java:77)
	at java.base/jdk.internal.reflect.DelegatingMethodAccessorImpl.invoke(DelegatingMethodAccessorImpl.java:43)
Caused by: com.kms.katalon.core.exception.StepFailedException: Actual text 'irman ramadhan nhf4lZF9' and expected text 'irman ramadhan ZPNWq2sg' of test object 'Object Repository/Page_OpenMRS Electronic Medical Record/a_irman ramadhan ZPNWq2sg' are NOT matched.
	at com.kms.katalon.core.webui.keyword.internal.WebUIKeywordMain.stepFailed(WebUIKeywordMain.groovy:117)
	at com.kms.katalon.core.webui.keyword.builtin.VerifyElementTextKeyword$_verifyElementText_closure1.doCall(VerifyElementTextKeyword.groovy:57)
	at com.kms.katalon.core.webui.keyword.builtin.VerifyElementTextKeyword$_verifyElementText_closure1.call(VerifyElementTextKeyword.groovy)
	at com.kms.katalon.core.webui.keyword.internal.WebUIKeywordMain.runKeyword(WebUIKeywordMain.groovy:35)
	... 20 more]]></system-out>
      <system-err><![CDATA[13-04-2025T16:28:39 - [TEST_SUITE][FAILED] - 4.TS_Active_Visits: Test Cases/4. Active Visits/1. Search Active Visits by Patient Id, Name, Last Seen FAILED.
Reason:
com.kms.katalon.core.exception.StepFailedException: Verify element text of test object 'Object Repository/Page_OpenMRS Electronic Medical Record/a_irman ramadhan ZPNWq2sg' FAILED.
	at com.kms.katalon.core.webui.keyword.internal.WebUIKeywordMain.stepFailed(WebUIKeywordMain.groovy:117)
	at com.kms.katalon.core.webui.keyword.internal.WebUIKeywordMain.runKeyword(WebUIKeywordMain.groovy:43)
	at com.kms.katalon.core.webui.keyword.builtin.VerifyElementTextKeyword.verifyElementText(VerifyElementTextKeyword.groovy:72)
	at com.kms.katalon.core.webui.keyword.builtin.VerifyElementTextKeyword.execute(VerifyElementTextKeyword.groovy:40)
	at com.kms.katalon.core.keyword.internal.KeywordExecutor.executeKeywordForPlatform(KeywordExecutor.groovy:74)
	at com.kms.katalon.core.webui.keyword.WebUiBuiltInKeywords.verifyElementText(WebUiBuiltInKeywords.groovy:4994)
	at 1. Search Active Visits by Patient Id, Name, Last Seen.run(1. Search Active Visits by Patient Id, Name, Last Seen:24)
	at com.kms.katalon.core.main.ScriptEngine.run(ScriptEngine.java:194)
	at com.kms.katalon.core.main.ScriptEngine.runScriptAsRawText(ScriptEngine.java:119)
	at com.kms.katalon.core.main.TestCaseExecutor.runScript(TestCaseExecutor.java:448)
	at com.kms.katalon.core.main.TestCaseExecutor.doExecute(TestCaseExecutor.java:439)
	at com.kms.katalon.core.main.TestCaseExecutor.processExecutionPhase(TestCaseExecutor.java:418)
	at com.kms.katalon.core.main.TestCaseExecutor.accessMainPhase(TestCaseExecutor.java:410)
	at com.kms.katalon.core.main.TestCaseExecutor.execute(TestCaseExecutor.java:285)
	at com.kms.katalon.core.common.CommonExecutor.accessTestCaseMainPhase(CommonExecutor.java:71)
	at com.kms.katalon.core.main.TestSuiteExecutor.accessTestSuiteMainPhase(TestSuiteExecutor.java:160)
	at com.kms.katalon.core.main.TestSuiteExecutor.execute(TestSuiteExecutor.java:107)
	at com.kms.katalon.core.main.TestCaseMain.startTestSuite(TestCaseMain.java:180)
	at TempTestSuite1744535835378.run(TempTestSuite1744535835378.groovy:35)
	at java.base/jdk.internal.reflect.NativeMethodAccessorImpl.invoke0(Native Method)
	at java.base/jdk.internal.reflect.NativeMethodAccessorImpl.invoke(NativeMethodAccessorImpl.java:77)
	at java.base/jdk.internal.reflect.DelegatingMethodAccessorImpl.invoke(DelegatingMethodAccessorImpl.java:43)
Caused by: com.kms.katalon.core.exception.StepFailedException: Actual text 'irman ramadhan nhf4lZF9' and expected text 'irman ramadhan ZPNWq2sg' of test object 'Object Repository/Page_OpenMRS Electronic Medical Record/a_irman ramadhan ZPNWq2sg' are NOT matched.
	at com.kms.katalon.core.webui.keyword.internal.WebUIKeywordMain.stepFailed(WebUIKeywordMain.groovy:117)
	at com.kms.katalon.core.webui.keyword.builtin.VerifyElementTextKeyword$_verifyElementText_closure1.doCall(VerifyElementTextKeyword.groovy:57)
	at com.kms.katalon.core.webui.keyword.builtin.VerifyElementTextKeyword$_verifyElementText_closure1.call(VerifyElementTextKeyword.groovy)
	at com.kms.katalon.core.webui.keyword.internal.WebUIKeywordMain.runKeyword(WebUIKeywordMain.groovy:35)
	... 20 more]]></system-err>
   </testsuite>
   <testsuite name="5.TS_Capture_Vitals" tests="2" failures="1" errors="0" time="286.167" skipped="0" timestamp="13-04-2025T16:37:42" hostname="acer - 20.20.2.217" id="Test Suites/5.TS_Capture_Vitals">
      <properties>
         <property name="deviceName" value=""/>
         <property name="devicePlatform"/>
         <property name="logFolder" value="C:\\Users\\acer\\OneDrive\\Documents\\Automation-openRMS\\Reports\\20250413_161708\\5.TS_Capture_Vitals\\20250413_161717"/>
         <property name="logFiles" value="C:\\Users\\acer\\OneDrive\\Documents\\Automation-openRMS\\Reports\\20250413_161708\\5.TS_Capture_Vitals\\20250413_161717\\execution0.log"/>
         <property name="attachments" value="C:\\Users\\acer\\OneDrive\\Documents\\Automation-openRMS\\Reports\\20250413_161708\\5.TS_Capture_Vitals\\20250413_161717\\1744537099136.png, C:\\Users\\acer\\OneDrive\\Documents\\Automation-openRMS\\Reports\\20250413_161708\\5.TS_Capture_Vitals\\20250413_161717\\1744537099343.png, C:\\Users\\acer\\OneDrive\\Documents\\Automation-openRMS\\Reports\\20250413_161708\\5.TS_Capture_Vitals\\20250413_161717\\1744537139998.png, C:\\Users\\acer\\OneDrive\\Documents\\Automation-openRMS\\Reports\\20250413_161708\\5.TS_Capture_Vitals\\20250413_161717\\1744537140127.png, C:\\Users\\acer\\OneDrive\\Documents\\Automation-openRMS\\Reports\\20250413_161708\\5.TS_Capture_Vitals\\20250413_161717\\1744537187158.png, C:\\Users\\acer\\OneDrive\\Documents\\Automation-openRMS\\Reports\\20250413_161708\\5.TS_Capture_Vitals\\20250413_161717\\1744537187272.png, C:\\Users\\acer\\OneDrive\\Documents\\Automation-openRMS\\Reports\\20250413_161708\\5.TS_Capture_Vitals\\20250413_161717\\1744537223071.png, C:\\Users\\acer\\OneDrive\\Documents\\Automation-openRMS\\Reports\\20250413_161708\\5.TS_Capture_Vitals\\20250413_161717\\1744537223197.png, C:\\Users\\acer\\OneDrive\\Documents\\Automation-openRMS\\Reports\\20250413_161708\\5.TS_Capture_Vitals\\20250413_161717\\1744537258214.png"/>
         <property name="hostName" value="acer - 20.20.2.217"/>
         <property name="os" value="Windows 11 64bit"/>
         <property name="katalonVersion" value="10.1.1.0"/>
         <property name="browser" value="Chrome 135.0.7049.42"/>
         <property name="hostAddress" value="20.20.2.217"/>
         <property name="sessionId" value="045ce4257aaf28b4c114a9c4c3fa661e"/>
         <property name="seleniumVersion" value="4.22.0"/>
         <property name="proxyInformation" value="ProxyInformation { proxyOption=NO_PROXY, proxyServerType=HTTP, username=, password=********, proxyServerAddress=, proxyServerPort=0, executionList=&quot;&quot;, isApplyToDesiredCapabilities=true }"/>
         <property name="platform" value="Windows 11"/>
      </properties>
      <testcase name="Test Cases/5. Capture Vitals/1. Admin dapat search Capture Vitals Patient" time="35.946" classname="Test Cases/5. Capture Vitals/1. Admin dapat search Capture Vitals Patient" status="FAILED">
         <failure type="FAILED" message="Test Cases/5. Capture Vitals/1. Admin dapat search Capture Vitals Patient FAILED.&#xa;Reason:&#xa;com.kms.katalon.core.exception.StepFailedException: Verify element text of test object 'Object Repository/Page_OpenMRS Electronic Medical Record/td_irman ramadhan lDoikmTe' FAILED.&#xa;	at com.kms.katalon.core.webui.keyword.internal.WebUIKeywordMain.stepFailed(WebUIKeywordMain.groovy:117)&#xa;	at com.kms.katalon.core.webui.keyword.internal.WebUIKeywordMain.runKeyword(WebUIKeywordMain.groovy:43)&#xa;	at com.kms.katalon.core.webui.keyword.builtin.VerifyElementTextKeyword.verifyElementText(VerifyElementTextKeyword.groovy:72)&#xa;	at com.kms.katalon.core.webui.keyword.builtin.VerifyElementTextKeyword.execute(VerifyElementTextKeyword.groovy:40)&#xa;	at com.kms.katalon.core.keyword.internal.KeywordExecutor.executeKeywordForPlatform(KeywordExecutor.groovy:74)&#xa;	at com.kms.katalon.core.webui.keyword.WebUiBuiltInKeywords.verifyElementText(WebUiBuiltInKeywords.groovy:4994)&#xa;	at 1. Admin dapat search Capture Vitals Patient.run(1. Admin dapat search Capture Vitals Patient:32)&#xa;	at com.kms.katalon.core.main.ScriptEngine.run(ScriptEngine.java:194)&#xa;	at com.kms.katalon.core.main.ScriptEngine.runScriptAsRawText(ScriptEngine.java:119)&#xa;	at com.kms.katalon.core.main.TestCaseExecutor.runScript(TestCaseExecutor.java:448)&#xa;	at com.kms.katalon.core.main.TestCaseExecutor.doExecute(TestCaseExecutor.java:439)&#xa;	at com.kms.katalon.core.main.TestCaseExecutor.processExecutionPhase(TestCaseExecutor.java:418)&#xa;	at com.kms.katalon.core.main.TestCaseExecutor.accessMainPhase(TestCaseExecutor.java:410)&#xa;	at com.kms.katalon.core.main.TestCaseExecutor.execute(TestCaseExecutor.java:285)&#xa;	at com.kms.katalon.core.main.TestCaseExecutor.execute(TestCaseExecutor.java:369)&#xa;	at com.kms.katalon.core.main.TestCaseExecutor.execute(TestCaseExecutor.java:369)&#xa;	at com.kms.katalon.core.main.TestCaseExecutor.execute(TestCaseExecutor.java:369)&#xa;	at com.kms.katalon.core.common.CommonExecutor.accessTestCaseMainPhase(CommonExecutor.java:71)&#xa;	at com.kms.katalon.core.main.TestSuiteExecutor.accessTestSuiteMainPhase(TestSuiteExecutor.java:160)&#xa;	at com.kms.katalon.core.main.TestSuiteExecutor.execute(TestSuiteExecutor.java:107)&#xa;	at com.kms.katalon.core.main.TestCaseMain.startTestSuite(TestCaseMain.java:180)&#xa;	at TempTestSuite1744535837669.run(TempTestSuite1744535837669.groovy:35)&#xa;	at java.base/jdk.internal.reflect.NativeMethodAccessorImpl.invoke0(Native Method)&#xa;	at java.base/jdk.internal.reflect.NativeMethodAccessorImpl.invoke(NativeMethodAccessorImpl.java:77)&#xa;	at java.base/jdk.internal.reflect.DelegatingMethodAccessorImpl.invoke(DelegatingMethodAccessorImpl.java:43)&#xa;Caused by: com.kms.katalon.core.exception.StepFailedException: Actual text 'irman ramadhan nhf4lZF9' and expected text 'irman ramadhan lDoikmTe' of test object 'Object Repository/Page_OpenMRS Electronic Medical Record/td_irman ramadhan lDoikmTe' are NOT matched.&#xa;	at com.kms.katalon.core.webui.keyword.internal.WebUIKeywordMain.stepFailed(WebUIKeywordMain.groovy:117)&#xa;	at com.kms.katalon.core.webui.keyword.builtin.VerifyElementTextKeyword$_verifyElementText_closure1.doCall(VerifyElementTextKeyword.groovy:57)&#xa;	at com.kms.katalon.core.webui.keyword.builtin.VerifyElementTextKeyword$_verifyElementText_closure1.call(VerifyElementTextKeyword.groovy)&#xa;	at com.kms.katalon.core.webui.keyword.internal.WebUIKeywordMain.runKeyword(WebUIKeywordMain.groovy:35)&#xa;	... 23 more&#xa;"/>
         <system-out><![CDATA[13-04-2025T16:39:47 - [TEST_CASE][FAILED] - Test Cases/5. Capture Vitals/1. Admin dapat search Capture Vitals Patient: Test Cases/5. Capture Vitals/1. Admin dapat search Capture Vitals Patient FAILED.
Reason:
com.kms.katalon.core.exception.StepFailedException: Verify element text of test object 'Object Repository/Page_OpenMRS Electronic Medical Record/td_irman ramadhan lDoikmTe' FAILED.
	at com.kms.katalon.core.webui.keyword.internal.WebUIKeywordMain.stepFailed(WebUIKeywordMain.groovy:117)
	at com.kms.katalon.core.webui.keyword.internal.WebUIKeywordMain.runKeyword(WebUIKeywordMain.groovy:43)
	at com.kms.katalon.core.webui.keyword.builtin.VerifyElementTextKeyword.verifyElementText(VerifyElementTextKeyword.groovy:72)
	at com.kms.katalon.core.webui.keyword.builtin.VerifyElementTextKeyword.execute(VerifyElementTextKeyword.groovy:40)
	at com.kms.katalon.core.keyword.internal.KeywordExecutor.executeKeywordForPlatform(KeywordExecutor.groovy:74)
	at com.kms.katalon.core.webui.keyword.WebUiBuiltInKeywords.verifyElementText(WebUiBuiltInKeywords.groovy:4994)
	at 1. Admin dapat search Capture Vitals Patient.run(1. Admin dapat search Capture Vitals Patient:32)
	at com.kms.katalon.core.main.ScriptEngine.run(ScriptEngine.java:194)
	at com.kms.katalon.core.main.ScriptEngine.runScriptAsRawText(ScriptEngine.java:119)
	at com.kms.katalon.core.main.TestCaseExecutor.runScript(TestCaseExecutor.java:448)
	at com.kms.katalon.core.main.TestCaseExecutor.doExecute(TestCaseExecutor.java:439)
	at com.kms.katalon.core.main.TestCaseExecutor.processExecutionPhase(TestCaseExecutor.java:418)
	at com.kms.katalon.core.main.TestCaseExecutor.accessMainPhase(TestCaseExecutor.java:410)
	at com.kms.katalon.core.main.TestCaseExecutor.execute(TestCaseExecutor.java:285)
	at com.kms.katalon.core.main.TestCaseExecutor.execute(TestCaseExecutor.java:369)
	at com.kms.katalon.core.main.TestCaseExecutor.execute(TestCaseExecutor.java:369)
	at com.kms.katalon.core.main.TestCaseExecutor.execute(TestCaseExecutor.java:369)
	at com.kms.katalon.core.common.CommonExecutor.accessTestCaseMainPhase(CommonExecutor.java:71)
	at com.kms.katalon.core.main.TestSuiteExecutor.accessTestSuiteMainPhase(TestSuiteExecutor.java:160)
	at com.kms.katalon.core.main.TestSuiteExecutor.execute(TestSuiteExecutor.java:107)
	at com.kms.katalon.core.main.TestCaseMain.startTestSuite(TestCaseMain.java:180)
	at TempTestSuite1744535837669.run(TempTestSuite1744535837669.groovy:35)
	at java.base/jdk.internal.reflect.NativeMethodAccessorImpl.invoke0(Native Method)
	at java.base/jdk.internal.reflect.NativeMethodAccessorImpl.invoke(NativeMethodAccessorImpl.java:77)
	at java.base/jdk.internal.reflect.DelegatingMethodAccessorImpl.invoke(DelegatingMethodAccessorImpl.java:43)
Caused by: com.kms.katalon.core.exception.StepFailedException: Actual text 'irman ramadhan nhf4lZF9' and expected text 'irman ramadhan lDoikmTe' of test object 'Object Repository/Page_OpenMRS Electronic Medical Record/td_irman ramadhan lDoikmTe' are NOT matched.
	at com.kms.katalon.core.webui.keyword.internal.WebUIKeywordMain.stepFailed(WebUIKeywordMain.groovy:117)
	at com.kms.katalon.core.webui.keyword.builtin.VerifyElementTextKeyword$_verifyElementText_closure1.doCall(VerifyElementTextKeyword.groovy:57)
	at com.kms.katalon.core.webui.keyword.builtin.VerifyElementTextKeyword$_verifyElementText_closure1.call(VerifyElementTextKeyword.groovy)
	at com.kms.katalon.core.webui.keyword.internal.WebUIKeywordMain.runKeyword(WebUIKeywordMain.groovy:35)
	... 23 more


13-04-2025T16:39:47 - [TEST_STEP][PASSED] - Start listener action : sampleBeforeTestCase: Actual text and expected text of test object 'Object Repository/Dashboard/login_as' are matched.

13-04-2025T16:39:47 - [TEST_STEP][PASSED] - openBrowser(""): Browser is opened with url: ''

13-04-2025T16:39:47 - [MESSAGE][WARNING] - A browser is already opened. Closing browser and opening a new one

13-04-2025T16:39:47 - [MESSAGE][INFO] - Starting 'Chrome' driver

13-04-2025T16:39:47 - [MESSAGE][INFO] - Action delay is set to 0 milliseconds

13-04-2025T16:39:48 - [MESSAGE][PASSED] - Browser is opened with url: ''

13-04-2025T16:39:48 - [TEST_STEP][PASSED] - maximizeWindow(): Current window maximized

13-04-2025T16:39:48 - [MESSAGE][PASSED] - Current window maximized

13-04-2025T16:39:48 - [TEST_STEP][PASSED] - navigateToUrl(url): Navigate to 'https://o2.openmrs.org/openmrs/login.htm' successfully

13-04-2025T16:40:13 - [MESSAGE][PASSED] - Navigate to 'https://o2.openmrs.org/openmrs/login.htm' successfully

13-04-2025T16:40:13 - [TEST_STEP][PASSED] - setText(findTestObject("Object Repository/Page_Login/input_Username_username"), "admin"): Text 'admin' is set on object 'Object Repository/Page_Login/input_Username_username'

13-04-2025T16:40:14 - [MESSAGE][PASSED] - Text 'admin' is set on object 'Object Repository/Page_Login/input_Username_username'

13-04-2025T16:40:14 - [TEST_STEP][PASSED] - setEncryptedText(findTestObject("Object Repository/Page_Login/input_Password_password"), "/5S6MFFLcE4mlsixtc6/Tg=="): Text ****** has been set on object 'Object Repository/Page_Login/input_Password_password'

13-04-2025T16:40:14 - [MESSAGE][PASSED] - Text ****** has been set on object 'Object Repository/Page_Login/input_Password_password'

13-04-2025T16:40:14 - [TEST_STEP][PASSED] - click(findTestObject("Object Repository/Page_Login/li_Pharmacy")): Object: 'Object Repository/Page_Login/li_Pharmacy' is clicked on

13-04-2025T16:40:14 - [MESSAGE][PASSED] - Object: 'Object Repository/Page_Login/li_Pharmacy' is clicked on

13-04-2025T16:40:14 - [TEST_STEP][PASSED] - click(findTestObject("Object Repository/Page_Login/input_Registration Desk_loginButton")): Object: 'Object Repository/Page_Login/input_Registration Desk_loginButton' is clicked on

13-04-2025T16:40:17 - [MESSAGE][PASSED] - Object: 'Object Repository/Page_Login/input_Registration Desk_loginButton' is clicked on

13-04-2025T16:40:17 - [TEST_STEP][PASSED] - verifyElementText(findTestObject("Object Repository/Dashboard/login_as"), "Logged in as Super User (admin) at Pharmacy."): Actual text and expected text of test object 'Object Repository/Dashboard/login_as' are matched.

13-04-2025T16:40:17 - [MESSAGE][PASSED] - Actual text and expected text of test object 'Object Repository/Dashboard/login_as' are matched.

13-04-2025T16:40:17 - [TEST_STEP][PASSED] - click(findTestObject("Object Repository/Page_Home/a_Capture Vitals")): Object: 'Object Repository/Page_Home/a_Capture Vitals' is clicked on

13-04-2025T16:40:20 - [MESSAGE][PASSED] - Object: 'Object Repository/Page_Home/a_Capture Vitals' is clicked on

13-04-2025T16:40:20 - [TEST_STEP][PASSED] - setText(findTestObject("Object Repository/Page_OpenMRS Electronic Medical Record/input_Capture Vitals for Patient_patient-search"), "irman"): Text 'irman' is set on object 'Object Repository/Page_OpenMRS Electronic Medical Record/input_Capture Vitals for Patient_patient-search'

13-04-2025T16:40:21 - [MESSAGE][PASSED] - Text 'irman' is set on object 'Object Repository/Page_OpenMRS Electronic Medical Record/input_Capture Vitals for Patient_patient-search'

13-04-2025T16:40:21 - [TEST_STEP][PASSED] - verifyElementText(findTestObject("Object Repository/Page_OpenMRS Electronic Medical Record/h2_Capture Vitals for Patient"), "Capture Vitals for Patient"): Actual text and expected text of test object 'Object Repository/Page_OpenMRS Electronic Medical Record/h2_Capture Vitals for Patient' are matched.

13-04-2025T16:40:21 - [MESSAGE][PASSED] - Actual text and expected text of test object 'Object Repository/Page_OpenMRS Electronic Medical Record/h2_Capture Vitals for Patient' are matched.

13-04-2025T16:40:21 - [TEST_STEP][PASSED] - verifyElementText(findTestObject("Object Repository/Page_OpenMRS Electronic Medical Record/div_Identifier (1)"), "Identifier"): Actual text and expected text of test object 'Object Repository/Page_OpenMRS Electronic Medical Record/div_Identifier (1)' are matched.

13-04-2025T16:40:22 - [MESSAGE][PASSED] - Actual text and expected text of test object 'Object Repository/Page_OpenMRS Electronic Medical Record/div_Identifier (1)' are matched.

13-04-2025T16:40:22 - [TEST_STEP][PASSED] - verifyElementText(findTestObject("Object Repository/Page_OpenMRS Electronic Medical Record/div_Name (2)"), "Name"): Actual text and expected text of test object 'Object Repository/Page_OpenMRS Electronic Medical Record/div_Name (2)' are matched.

13-04-2025T16:40:22 - [MESSAGE][PASSED] - Actual text and expected text of test object 'Object Repository/Page_OpenMRS Electronic Medical Record/div_Name (2)' are matched.

13-04-2025T16:40:22 - [TEST_STEP][FAILED] - verifyElementText(findTestObject("Object Repository/Page_OpenMRS Electronic Medical Record/td_irman ramadhan lDoikmTe"), "irman ramadhan lDoikmTe"): Verify element text of test object 'Object Repository/Page_OpenMRS Electronic Medical Record/td_irman ramadhan lDoikmTe' FAILED. (Root cause: com.kms.katalon.core.exception.StepFailedException: Verify element text of test object 'Object Repository/Page_OpenMRS Electronic Medical Record/td_irman ramadhan lDoikmTe' FAILED.
	at com.kms.katalon.core.webui.keyword.internal.WebUIKeywordMain.stepFailed(WebUIKeywordMain.groovy:117)
	at com.kms.katalon.core.webui.keyword.internal.WebUIKeywordMain.runKeyword(WebUIKeywordMain.groovy:43)
	at com.kms.katalon.core.webui.keyword.builtin.VerifyElementTextKeyword.verifyElementText(VerifyElementTextKeyword.groovy:72)
	at com.kms.katalon.core.webui.keyword.builtin.VerifyElementTextKeyword.execute(VerifyElementTextKeyword.groovy:40)
	at com.kms.katalon.core.keyword.internal.KeywordExecutor.executeKeywordForPlatform(KeywordExecutor.groovy:74)
	at com.kms.katalon.core.webui.keyword.WebUiBuiltInKeywords.verifyElementText(WebUiBuiltInKeywords.groovy:4994)
	at 1. Admin dapat search Capture Vitals Patient.run(1. Admin dapat search Capture Vitals Patient:32)
	at com.kms.katalon.core.main.ScriptEngine.run(ScriptEngine.java:194)
	at com.kms.katalon.core.main.ScriptEngine.runScriptAsRawText(ScriptEngine.java:119)
	at com.kms.katalon.core.main.TestCaseExecutor.runScript(TestCaseExecutor.java:448)
	at com.kms.katalon.core.main.TestCaseExecutor.doExecute(TestCaseExecutor.java:439)
	at com.kms.katalon.core.main.TestCaseExecutor.processExecutionPhase(TestCaseExecutor.java:418)
	at com.kms.katalon.core.main.TestCaseExecutor.accessMainPhase(TestCaseExecutor.java:410)
	at com.kms.katalon.core.main.TestCaseExecutor.execute(TestCaseExecutor.java:285)
	at com.kms.katalon.core.main.TestCaseExecutor.execute(TestCaseExecutor.java:369)
	at com.kms.katalon.core.main.TestCaseExecutor.execute(TestCaseExecutor.java:369)
	at com.kms.katalon.core.main.TestCaseExecutor.execute(TestCaseExecutor.java:369)
	at com.kms.katalon.core.common.CommonExecutor.accessTestCaseMainPhase(CommonExecutor.java:71)
	at com.kms.katalon.core.main.TestSuiteExecutor.accessTestSuiteMainPhase(TestSuiteExecutor.java:160)
	at com.kms.katalon.core.main.TestSuiteExecutor.execute(TestSuiteExecutor.java:107)
	at com.kms.katalon.core.main.TestCaseMain.startTestSuite(TestCaseMain.java:180)
	at TempTestSuite1744535837669.run(TempTestSuite1744535837669.groovy:35)
	at java.base/jdk.internal.reflect.NativeMethodAccessorImpl.invoke0(Native Method)
	at java.base/jdk.internal.reflect.NativeMethodAccessorImpl.invoke(NativeMethodAccessorImpl.java:77)
	at java.base/jdk.internal.reflect.DelegatingMethodAccessorImpl.invoke(DelegatingMethodAccessorImpl.java:43)
Caused by: com.kms.katalon.core.exception.StepFailedException: Actual text 'irman ramadhan nhf4lZF9' and expected text 'irman ramadhan lDoikmTe' of test object 'Object Repository/Page_OpenMRS Electronic Medical Record/td_irman ramadhan lDoikmTe' are NOT matched.
	at com.kms.katalon.core.webui.keyword.internal.WebUIKeywordMain.stepFailed(WebUIKeywordMain.groovy:117)
	at com.kms.katalon.core.webui.keyword.builtin.VerifyElementTextKeyword$_verifyElementText_closure1.doCall(VerifyElementTextKeyword.groovy:57)
	at com.kms.katalon.core.webui.keyword.builtin.VerifyElementTextKeyword$_verifyElementText_closure1.call(VerifyElementTextKeyword.groovy)
	at com.kms.katalon.core.webui.keyword.internal.WebUIKeywordMain.runKeyword(WebUIKeywordMain.groovy:35)
	... 23 more
)

13-04-2025T16:40:23 - [MESSAGE][FAILED] - Actual text 'irman ramadhan nhf4lZF9' and expected text 'irman ramadhan lDoikmTe' of test object 'Object Repository/Page_OpenMRS Electronic Medical Record/td_irman ramadhan lDoikmTe' are NOT matched. (Root cause: com.kms.katalon.core.exception.StepFailedException: Actual text 'irman ramadhan nhf4lZF9' and expected text 'irman ramadhan lDoikmTe' of test object 'Object Repository/Page_OpenMRS Electronic Medical Record/td_irman ramadhan lDoikmTe' are NOT matched.
	at com.kms.katalon.core.webui.keyword.internal.WebUIKeywordMain.stepFailed(WebUIKeywordMain.groovy:117)
	at com.kms.katalon.core.webui.keyword.builtin.VerifyElementTextKeyword$_verifyElementText_closure1.doCall(VerifyElementTextKeyword.groovy:57)
	at com.kms.katalon.core.webui.keyword.builtin.VerifyElementTextKeyword$_verifyElementText_closure1.call(VerifyElementTextKeyword.groovy)
	at com.kms.katalon.core.webui.keyword.internal.WebUIKeywordMain.runKeyword(WebUIKeywordMain.groovy:35)
	at com.kms.katalon.core.webui.keyword.builtin.VerifyElementTextKeyword.verifyElementText(VerifyElementTextKeyword.groovy:72)
	at com.kms.katalon.core.webui.keyword.builtin.VerifyElementTextKeyword.execute(VerifyElementTextKeyword.groovy:40)
	at com.kms.katalon.core.keyword.internal.KeywordExecutor.executeKeywordForPlatform(KeywordExecutor.groovy:74)
	at com.kms.katalon.core.webui.keyword.WebUiBuiltInKeywords.verifyElementText(WebUiBuiltInKeywords.groovy:4994)
	at 1. Admin dapat search Capture Vitals Patient.run(1. Admin dapat search Capture Vitals Patient:32)
	at com.kms.katalon.core.main.ScriptEngine.run(ScriptEngine.java:194)
	at com.kms.katalon.core.main.ScriptEngine.runScriptAsRawText(ScriptEngine.java:119)
	at com.kms.katalon.core.main.TestCaseExecutor.runScript(TestCaseExecutor.java:448)
	at com.kms.katalon.core.main.TestCaseExecutor.doExecute(TestCaseExecutor.java:439)
	at com.kms.katalon.core.main.TestCaseExecutor.processExecutionPhase(TestCaseExecutor.java:418)
	at com.kms.katalon.core.main.TestCaseExecutor.accessMainPhase(TestCaseExecutor.java:410)
	at com.kms.katalon.core.main.TestCaseExecutor.execute(TestCaseExecutor.java:285)
	at com.kms.katalon.core.main.TestCaseExecutor.execute(TestCaseExecutor.java:369)
	at com.kms.katalon.core.main.TestCaseExecutor.execute(TestCaseExecutor.java:369)
	at com.kms.katalon.core.main.TestCaseExecutor.execute(TestCaseExecutor.java:369)
	at com.kms.katalon.core.common.CommonExecutor.accessTestCaseMainPhase(CommonExecutor.java:71)
	at com.kms.katalon.core.main.TestSuiteExecutor.accessTestSuiteMainPhase(TestSuiteExecutor.java:160)
	at com.kms.katalon.core.main.TestSuiteExecutor.execute(TestSuiteExecutor.java:107)
	at com.kms.katalon.core.main.TestCaseMain.startTestSuite(TestCaseMain.java:180)
	at TempTestSuite1744535837669.run(TempTestSuite1744535837669.groovy:35)
	at java.base/jdk.internal.reflect.NativeMethodAccessorImpl.invoke0(Native Method)
	at java.base/jdk.internal.reflect.NativeMethodAccessorImpl.invoke(NativeMethodAccessorImpl.java:77)
	at java.base/jdk.internal.reflect.DelegatingMethodAccessorImpl.invoke(DelegatingMethodAccessorImpl.java:43)
)
[[ATTACHMENT|C:\\Users\\acer\\OneDrive\\Documents\\Automation-openRMS\\Reports\\20250413_161708\\5.TS_Capture_Vitals\\20250413_161717\\1744537223071.png]]

13-04-2025T16:40:23 - [MESSAGE][FAILED] - Verify element text of test object 'Object Repository/Page_OpenMRS Electronic Medical Record/td_irman ramadhan lDoikmTe' FAILED. (Root cause: com.kms.katalon.core.exception.StepFailedException: Verify element text of test object 'Object Repository/Page_OpenMRS Electronic Medical Record/td_irman ramadhan lDoikmTe' FAILED.
	at com.kms.katalon.core.webui.keyword.internal.WebUIKeywordMain.stepFailed(WebUIKeywordMain.groovy:117)
	at com.kms.katalon.core.webui.keyword.internal.WebUIKeywordMain.runKeyword(WebUIKeywordMain.groovy:43)
	at com.kms.katalon.core.webui.keyword.builtin.VerifyElementTextKeyword.verifyElementText(VerifyElementTextKeyword.groovy:72)
	at com.kms.katalon.core.webui.keyword.builtin.VerifyElementTextKeyword.execute(VerifyElementTextKeyword.groovy:40)
	at com.kms.katalon.core.keyword.internal.KeywordExecutor.executeKeywordForPlatform(KeywordExecutor.groovy:74)
	at com.kms.katalon.core.webui.keyword.WebUiBuiltInKeywords.verifyElementText(WebUiBuiltInKeywords.groovy:4994)
	at 1. Admin dapat search Capture Vitals Patient.run(1. Admin dapat search Capture Vitals Patient:32)
	at com.kms.katalon.core.main.ScriptEngine.run(ScriptEngine.java:194)
	at com.kms.katalon.core.main.ScriptEngine.runScriptAsRawText(ScriptEngine.java:119)
	at com.kms.katalon.core.main.TestCaseExecutor.runScript(TestCaseExecutor.java:448)
	at com.kms.katalon.core.main.TestCaseExecutor.doExecute(TestCaseExecutor.java:439)
	at com.kms.katalon.core.main.TestCaseExecutor.processExecutionPhase(TestCaseExecutor.java:418)
	at com.kms.katalon.core.main.TestCaseExecutor.accessMainPhase(TestCaseExecutor.java:410)
	at com.kms.katalon.core.main.TestCaseExecutor.execute(TestCaseExecutor.java:285)
	at com.kms.katalon.core.main.TestCaseExecutor.execute(TestCaseExecutor.java:369)
	at com.kms.katalon.core.main.TestCaseExecutor.execute(TestCaseExecutor.java:369)
	at com.kms.katalon.core.main.TestCaseExecutor.execute(TestCaseExecutor.java:369)
	at com.kms.katalon.core.common.CommonExecutor.accessTestCaseMainPhase(CommonExecutor.java:71)
	at com.kms.katalon.core.main.TestSuiteExecutor.accessTestSuiteMainPhase(TestSuiteExecutor.java:160)
	at com.kms.katalon.core.main.TestSuiteExecutor.execute(TestSuiteExecutor.java:107)
	at com.kms.katalon.core.main.TestCaseMain.startTestSuite(TestCaseMain.java:180)
	at TempTestSuite1744535837669.run(TempTestSuite1744535837669.groovy:35)
	at java.base/jdk.internal.reflect.NativeMethodAccessorImpl.invoke0(Native Method)
	at java.base/jdk.internal.reflect.NativeMethodAccessorImpl.invoke(NativeMethodAccessorImpl.java:77)
	at java.base/jdk.internal.reflect.DelegatingMethodAccessorImpl.invoke(DelegatingMethodAccessorImpl.java:43)
Caused by: com.kms.katalon.core.exception.StepFailedException: Actual text 'irman ramadhan nhf4lZF9' and expected text 'irman ramadhan lDoikmTe' of test object 'Object Repository/Page_OpenMRS Electronic Medical Record/td_irman ramadhan lDoikmTe' are NOT matched.
	at com.kms.katalon.core.webui.keyword.internal.WebUIKeywordMain.stepFailed(WebUIKeywordMain.groovy:117)
	at com.kms.katalon.core.webui.keyword.builtin.VerifyElementTextKeyword$_verifyElementText_closure1.doCall(VerifyElementTextKeyword.groovy:57)
	at com.kms.katalon.core.webui.keyword.builtin.VerifyElementTextKeyword$_verifyElementText_closure1.call(VerifyElementTextKeyword.groovy)
	at com.kms.katalon.core.webui.keyword.internal.WebUIKeywordMain.runKeyword(WebUIKeywordMain.groovy:35)
	... 23 more
)
[[ATTACHMENT|C:\\Users\\acer\\OneDrive\\Documents\\Automation-openRMS\\Reports\\20250413_161708\\5.TS_Capture_Vitals\\20250413_161717\\1744537223197.png]]]]></system-out>
         <system-err><![CDATA[13-04-2025T16:39:47 - [TEST_CASE][FAILED] - Test Cases/5. Capture Vitals/1. Admin dapat search Capture Vitals Patient: Test Cases/5. Capture Vitals/1. Admin dapat search Capture Vitals Patient FAILED.
Reason:
com.kms.katalon.core.exception.StepFailedException: Verify element text of test object 'Object Repository/Page_OpenMRS Electronic Medical Record/td_irman ramadhan lDoikmTe' FAILED.
	at com.kms.katalon.core.webui.keyword.internal.WebUIKeywordMain.stepFailed(WebUIKeywordMain.groovy:117)
	at com.kms.katalon.core.webui.keyword.internal.WebUIKeywordMain.runKeyword(WebUIKeywordMain.groovy:43)
	at com.kms.katalon.core.webui.keyword.builtin.VerifyElementTextKeyword.verifyElementText(VerifyElementTextKeyword.groovy:72)
	at com.kms.katalon.core.webui.keyword.builtin.VerifyElementTextKeyword.execute(VerifyElementTextKeyword.groovy:40)
	at com.kms.katalon.core.keyword.internal.KeywordExecutor.executeKeywordForPlatform(KeywordExecutor.groovy:74)
	at com.kms.katalon.core.webui.keyword.WebUiBuiltInKeywords.verifyElementText(WebUiBuiltInKeywords.groovy:4994)
	at 1. Admin dapat search Capture Vitals Patient.run(1. Admin dapat search Capture Vitals Patient:32)
	at com.kms.katalon.core.main.ScriptEngine.run(ScriptEngine.java:194)
	at com.kms.katalon.core.main.ScriptEngine.runScriptAsRawText(ScriptEngine.java:119)
	at com.kms.katalon.core.main.TestCaseExecutor.runScript(TestCaseExecutor.java:448)
	at com.kms.katalon.core.main.TestCaseExecutor.doExecute(TestCaseExecutor.java:439)
	at com.kms.katalon.core.main.TestCaseExecutor.processExecutionPhase(TestCaseExecutor.java:418)
	at com.kms.katalon.core.main.TestCaseExecutor.accessMainPhase(TestCaseExecutor.java:410)
	at com.kms.katalon.core.main.TestCaseExecutor.execute(TestCaseExecutor.java:285)
	at com.kms.katalon.core.main.TestCaseExecutor.execute(TestCaseExecutor.java:369)
	at com.kms.katalon.core.main.TestCaseExecutor.execute(TestCaseExecutor.java:369)
	at com.kms.katalon.core.main.TestCaseExecutor.execute(TestCaseExecutor.java:369)
	at com.kms.katalon.core.common.CommonExecutor.accessTestCaseMainPhase(CommonExecutor.java:71)
	at com.kms.katalon.core.main.TestSuiteExecutor.accessTestSuiteMainPhase(TestSuiteExecutor.java:160)
	at com.kms.katalon.core.main.TestSuiteExecutor.execute(TestSuiteExecutor.java:107)
	at com.kms.katalon.core.main.TestCaseMain.startTestSuite(TestCaseMain.java:180)
	at TempTestSuite1744535837669.run(TempTestSuite1744535837669.groovy:35)
	at java.base/jdk.internal.reflect.NativeMethodAccessorImpl.invoke0(Native Method)
	at java.base/jdk.internal.reflect.NativeMethodAccessorImpl.invoke(NativeMethodAccessorImpl.java:77)
	at java.base/jdk.internal.reflect.DelegatingMethodAccessorImpl.invoke(DelegatingMethodAccessorImpl.java:43)
Caused by: com.kms.katalon.core.exception.StepFailedException: Actual text 'irman ramadhan nhf4lZF9' and expected text 'irman ramadhan lDoikmTe' of test object 'Object Repository/Page_OpenMRS Electronic Medical Record/td_irman ramadhan lDoikmTe' are NOT matched.
	at com.kms.katalon.core.webui.keyword.internal.WebUIKeywordMain.stepFailed(WebUIKeywordMain.groovy:117)
	at com.kms.katalon.core.webui.keyword.builtin.VerifyElementTextKeyword$_verifyElementText_closure1.doCall(VerifyElementTextKeyword.groovy:57)
	at com.kms.katalon.core.webui.keyword.builtin.VerifyElementTextKeyword$_verifyElementText_closure1.call(VerifyElementTextKeyword.groovy)
	at com.kms.katalon.core.webui.keyword.internal.WebUIKeywordMain.runKeyword(WebUIKeywordMain.groovy:35)
	... 23 more]]></system-err>
      </testcase>
      <testcase name="Test Cases/5. Capture Vitals/2. Admin dapat Record Vitals Patient" time="89.949" classname="Test Cases/5. Capture Vitals/2. Admin dapat Record Vitals Patient" status="PASSED">
         <system-out><![CDATA[13-04-2025T16:40:58 - [TEST_CASE][PASSED] - Test Cases/5. Capture Vitals/2. Admin dapat Record Vitals Patient: Test Cases/5. Capture Vitals/2. Admin dapat Record Vitals Patient

13-04-2025T16:40:58 - [TEST_STEP][PASSED] - Start listener action : sampleBeforeTestCase: Actual text and expected text of test object 'Object Repository/Dashboard/login_as' are matched.

13-04-2025T16:40:58 - [TEST_STEP][PASSED] - openBrowser(""): Browser is opened with url: ''

13-04-2025T16:40:58 - [MESSAGE][WARNING] - A browser is already opened. Closing browser and opening a new one

13-04-2025T16:40:58 - [MESSAGE][INFO] - Starting 'Chrome' driver

13-04-2025T16:40:58 - [MESSAGE][INFO] - Action delay is set to 0 milliseconds

13-04-2025T16:40:59 - [MESSAGE][PASSED] - Browser is opened with url: ''

13-04-2025T16:40:59 - [TEST_STEP][PASSED] - maximizeWindow(): Current window maximized

13-04-2025T16:40:59 - [MESSAGE][PASSED] - Current window maximized

13-04-2025T16:40:59 - [TEST_STEP][PASSED] - navigateToUrl(url): Navigate to 'https://o2.openmrs.org/openmrs/login.htm' successfully

13-04-2025T16:41:34 - [MESSAGE][PASSED] - Navigate to 'https://o2.openmrs.org/openmrs/login.htm' successfully

13-04-2025T16:41:34 - [TEST_STEP][PASSED] - setText(findTestObject("Object Repository/Page_Login/input_Username_username"), "admin"): Text 'admin' is set on object 'Object Repository/Page_Login/input_Username_username'

13-04-2025T16:41:35 - [MESSAGE][PASSED] - Text 'admin' is set on object 'Object Repository/Page_Login/input_Username_username'

13-04-2025T16:41:35 - [TEST_STEP][PASSED] - setEncryptedText(findTestObject("Object Repository/Page_Login/input_Password_password"), "/5S6MFFLcE4mlsixtc6/Tg=="): Text ****** has been set on object 'Object Repository/Page_Login/input_Password_password'

13-04-2025T16:41:35 - [MESSAGE][PASSED] - Text ****** has been set on object 'Object Repository/Page_Login/input_Password_password'

13-04-2025T16:41:35 - [TEST_STEP][PASSED] - click(findTestObject("Object Repository/Page_Login/li_Pharmacy")): Object: 'Object Repository/Page_Login/li_Pharmacy' is clicked on

13-04-2025T16:41:36 - [MESSAGE][PASSED] - Object: 'Object Repository/Page_Login/li_Pharmacy' is clicked on

13-04-2025T16:41:36 - [TEST_STEP][PASSED] - click(findTestObject("Object Repository/Page_Login/input_Registration Desk_loginButton")): Object: 'Object Repository/Page_Login/input_Registration Desk_loginButton' is clicked on

13-04-2025T16:41:39 - [MESSAGE][PASSED] - Object: 'Object Repository/Page_Login/input_Registration Desk_loginButton' is clicked on

13-04-2025T16:41:39 - [TEST_STEP][PASSED] - verifyElementText(findTestObject("Object Repository/Dashboard/login_as"), "Logged in as Super User (admin) at Pharmacy."): Actual text and expected text of test object 'Object Repository/Dashboard/login_as' are matched.

13-04-2025T16:41:39 - [MESSAGE][PASSED] - Actual text and expected text of test object 'Object Repository/Dashboard/login_as' are matched.

13-04-2025T16:41:39 - [TEST_STEP][PASSED] - click(findTestObject("Object Repository/Page_Home/a_Capture Vitals (1) (1)")): Object: 'Object Repository/Page_Home/a_Capture Vitals (1) (1)' is clicked on

13-04-2025T16:41:43 - [MESSAGE][PASSED] - Object: 'Object Repository/Page_Home/a_Capture Vitals (1) (1)' is clicked on

13-04-2025T16:41:43 - [TEST_STEP][PASSED] - setText(findTestObject("Object Repository/Page_OpenMRS Electronic Medical Record/input_Capture Vitals for Patient_patient-search (1) (1)"), "irman"): Text 'irman' is set on object 'Object Repository/Page_OpenMRS Electronic Medical Record/input_Capture Vitals for Patient_patient-search (1) (1)'

13-04-2025T16:41:44 - [MESSAGE][PASSED] - Text 'irman' is set on object 'Object Repository/Page_OpenMRS Electronic Medical Record/input_Capture Vitals for Patient_patient-search (1) (1)'

13-04-2025T16:41:44 - [TEST_STEP][PASSED] - waitForElementVisible(findTestObject("Object Repository/Page_OpenMRS Electronic Medical Record/td_irman ramadhan lDoikmTe (1) (1)"), 10): Object 'Object Repository/Page_OpenMRS Electronic Medical Record/td_irman ramadhan lDoikmTe (1) (1)' is visible

13-04-2025T16:41:44 - [MESSAGE][PASSED] - Object 'Object Repository/Page_OpenMRS Electronic Medical Record/td_irman ramadhan lDoikmTe (1) (1)' is visible

13-04-2025T16:41:44 - [TEST_STEP][PASSED] - click(findTestObject("Object Repository/Page_OpenMRS Electronic Medical Record/td_irman ramadhan lDoikmTe (1) (1)")): Object: 'Object Repository/Page_OpenMRS Electronic Medical Record/td_irman ramadhan lDoikmTe (1) (1)' is clicked on

13-04-2025T16:41:48 - [MESSAGE][PASSED] - Object: 'Object Repository/Page_OpenMRS Electronic Medical Record/td_irman ramadhan lDoikmTe (1) (1)' is clicked on

13-04-2025T16:41:48 - [TEST_STEP][PASSED] - click(findTestObject("Object Repository/Page_OpenMRS Electronic Medical Record/i_Yes, Record Vitals_icon-arrow-right (1)")): Object: 'Object Repository/Page_OpenMRS Electronic Medical Record/i_Yes, Record Vitals_icon-arrow-right (1)' is clicked on

13-04-2025T16:41:52 - [MESSAGE][PASSED] - Object: 'Object Repository/Page_OpenMRS Electronic Medical Record/i_Yes, Record Vitals_icon-arrow-right (1)' is clicked on

13-04-2025T16:41:52 - [TEST_STEP][PASSED] - setText(findTestObject("Object Repository/Page_OpenMRS Electronic Medical Record/input_Height (cm)_w8 (1)"), "165"): Text '165' is set on object 'Object Repository/Page_OpenMRS Electronic Medical Record/input_Height (cm)_w8 (1)'

13-04-2025T16:41:53 - [MESSAGE][PASSED] - Text '165' is set on object 'Object Repository/Page_OpenMRS Electronic Medical Record/input_Height (cm)_w8 (1)'

13-04-2025T16:41:53 - [TEST_STEP][PASSED] - click(findTestObject("Object Repository/Page_OpenMRS Electronic Medical Record/button_Please enter at least one observatio_633184 (1)")): Object: 'Object Repository/Page_OpenMRS Electronic Medical Record/button_Please enter at least one observatio_633184 (1)' is clicked on

13-04-2025T16:41:53 - [MESSAGE][PASSED] - Object: 'Object Repository/Page_OpenMRS Electronic Medical Record/button_Please enter at least one observatio_633184 (1)' is clicked on

13-04-2025T16:41:53 - [TEST_STEP][PASSED] - setText(findTestObject("Object Repository/Page_OpenMRS Electronic Medical Record/input_Weight (kg)_w10 (1)"), "70"): Text '70' is set on object 'Object Repository/Page_OpenMRS Electronic Medical Record/input_Weight (kg)_w10 (1)'

13-04-2025T16:41:53 - [MESSAGE][PASSED] - Text '70' is set on object 'Object Repository/Page_OpenMRS Electronic Medical Record/input_Weight (kg)_w10 (1)'

13-04-2025T16:41:53 - [TEST_STEP][PASSED] - click(findTestObject("Object Repository/Page_OpenMRS Electronic Medical Record/button_Please enter at least one observatio_633184 (1)")): Object: 'Object Repository/Page_OpenMRS Electronic Medical Record/button_Please enter at least one observatio_633184 (1)' is clicked on

13-04-2025T16:41:54 - [MESSAGE][PASSED] - Object: 'Object Repository/Page_OpenMRS Electronic Medical Record/button_Please enter at least one observatio_633184 (1)' is clicked on

13-04-2025T16:41:54 - [TEST_STEP][PASSED] - click(findTestObject("Object Repository/Page_OpenMRS Electronic Medical Record/button_Please enter at least one observatio_633184 (1)")): Object: 'Object Repository/Page_OpenMRS Electronic Medical Record/button_Please enter at least one observatio_633184 (1)' is clicked on

13-04-2025T16:41:54 - [MESSAGE][PASSED] - Object: 'Object Repository/Page_OpenMRS Electronic Medical Record/button_Please enter at least one observatio_633184 (1)' is clicked on

13-04-2025T16:41:54 - [TEST_STEP][PASSED] - setText(findTestObject("Object Repository/Page_OpenMRS Electronic Medical Record/input_Temperature (c)_w12 (1)"), "27"): Text '27' is set on object 'Object Repository/Page_OpenMRS Electronic Medical Record/input_Temperature (c)_w12 (1)'

13-04-2025T16:41:55 - [MESSAGE][PASSED] - Text '27' is set on object 'Object Repository/Page_OpenMRS Electronic Medical Record/input_Temperature (c)_w12 (1)'

13-04-2025T16:41:55 - [TEST_STEP][PASSED] - click(findTestObject("Object Repository/Page_OpenMRS Electronic Medical Record/button_Please enter at least one observatio_633184 (1)")): Object: 'Object Repository/Page_OpenMRS Electronic Medical Record/button_Please enter at least one observatio_633184 (1)' is clicked on

13-04-2025T16:41:55 - [MESSAGE][PASSED] - Object: 'Object Repository/Page_OpenMRS Electronic Medical Record/button_Please enter at least one observatio_633184 (1)' is clicked on

13-04-2025T16:41:55 - [TEST_STEP][PASSED] - setText(findTestObject("Object Repository/Page_OpenMRS Electronic Medical Record/input_Pulse_w14 (1)"), "100"): Text '100' is set on object 'Object Repository/Page_OpenMRS Electronic Medical Record/input_Pulse_w14 (1)'

13-04-2025T16:41:56 - [MESSAGE][PASSED] - Text '100' is set on object 'Object Repository/Page_OpenMRS Electronic Medical Record/input_Pulse_w14 (1)'

13-04-2025T16:41:56 - [TEST_STEP][PASSED] - click(findTestObject("Object Repository/Page_OpenMRS Electronic Medical Record/button_Please enter at least one observatio_633184 (1)")): Object: 'Object Repository/Page_OpenMRS Electronic Medical Record/button_Please enter at least one observatio_633184 (1)' is clicked on

13-04-2025T16:41:56 - [MESSAGE][PASSED] - Object: 'Object Repository/Page_OpenMRS Electronic Medical Record/button_Please enter at least one observatio_633184 (1)' is clicked on

13-04-2025T16:41:56 - [TEST_STEP][PASSED] - setText(findTestObject("Object Repository/Page_OpenMRS Electronic Medical Record/input_Respiratory rate_w16 (1)"), "99"): Text '99' is set on object 'Object Repository/Page_OpenMRS Electronic Medical Record/input_Respiratory rate_w16 (1)'

13-04-2025T16:41:56 - [MESSAGE][PASSED] - Text '99' is set on object 'Object Repository/Page_OpenMRS Electronic Medical Record/input_Respiratory rate_w16 (1)'

13-04-2025T16:41:56 - [TEST_STEP][PASSED] - click(findTestObject("Object Repository/Page_OpenMRS Electronic Medical Record/button_Please enter at least one observatio_633184 (1)")): Object: 'Object Repository/Page_OpenMRS Electronic Medical Record/button_Please enter at least one observatio_633184 (1)' is clicked on

13-04-2025T16:41:57 - [MESSAGE][PASSED] - Object: 'Object Repository/Page_OpenMRS Electronic Medical Record/button_Please enter at least one observatio_633184 (1)' is clicked on

13-04-2025T16:41:57 - [TEST_STEP][PASSED] - setText(findTestObject("Object Repository/Page_OpenMRS Electronic Medical Record/input_Blood Pressure_w18 (1)"), "100"): Text '100' is set on object 'Object Repository/Page_OpenMRS Electronic Medical Record/input_Blood Pressure_w18 (1)'

13-04-2025T16:41:57 - [MESSAGE][PASSED] - Text '100' is set on object 'Object Repository/Page_OpenMRS Electronic Medical Record/input_Blood Pressure_w18 (1)'

13-04-2025T16:41:57 - [TEST_STEP][PASSED] - setText(findTestObject("Object Repository/Page_OpenMRS Electronic Medical Record/input_Blood Pressure_w20 (1)"), "70"): Text '70' is set on object 'Object Repository/Page_OpenMRS Electronic Medical Record/input_Blood Pressure_w20 (1)'

13-04-2025T16:41:58 - [MESSAGE][PASSED] - Text '70' is set on object 'Object Repository/Page_OpenMRS Electronic Medical Record/input_Blood Pressure_w20 (1)'

13-04-2025T16:41:58 - [TEST_STEP][PASSED] - click(findTestObject("Object Repository/Page_OpenMRS Electronic Medical Record/button_Please enter at least one observatio_633184 (1)")): Object: 'Object Repository/Page_OpenMRS Electronic Medical Record/button_Please enter at least one observatio_633184 (1)' is clicked on

13-04-2025T16:41:58 - [MESSAGE][PASSED] - Object: 'Object Repository/Page_OpenMRS Electronic Medical Record/button_Please enter at least one observatio_633184 (1)' is clicked on

13-04-2025T16:41:58 - [TEST_STEP][PASSED] - setText(findTestObject("Object Repository/Page_OpenMRS Electronic Medical Record/input_Arterial blood oxygen saturation (pul_224004 (1)"), "99"): Text '99' is set on object 'Object Repository/Page_OpenMRS Electronic Medical Record/input_Arterial blood oxygen saturation (pul_224004 (1)'

13-04-2025T16:41:59 - [MESSAGE][PASSED] - Text '99' is set on object 'Object Repository/Page_OpenMRS Electronic Medical Record/input_Arterial blood oxygen saturation (pul_224004 (1)'

13-04-2025T16:41:59 - [TEST_STEP][PASSED] - click(findTestObject("Object Repository/Page_OpenMRS Electronic Medical Record/button_Please enter at least one observatio_633184 (1)")): Object: 'Object Repository/Page_OpenMRS Electronic Medical Record/button_Please enter at least one observatio_633184 (1)' is clicked on

13-04-2025T16:41:59 - [MESSAGE][PASSED] - Object: 'Object Repository/Page_OpenMRS Electronic Medical Record/button_Please enter at least one observatio_633184 (1)' is clicked on

13-04-2025T16:41:59 - [TEST_STEP][PASSED] - verifyElementText(findTestObject("Object Repository/Page_OpenMRS Electronic Medical Record/p_Height (cm) 165 cm (1)"), "Height (cm): 165 cm"): Actual text and expected text of test object 'Object Repository/Page_OpenMRS Electronic Medical Record/p_Height (cm) 165 cm (1)' are matched.

13-04-2025T16:42:00 - [MESSAGE][PASSED] - Actual text and expected text of test object 'Object Repository/Page_OpenMRS Electronic Medical Record/p_Height (cm) 165 cm (1)' are matched.

13-04-2025T16:42:00 - [TEST_STEP][PASSED] - verifyElementText(findTestObject("Object Repository/Page_OpenMRS Electronic Medical Record/p_Weight (kg) 70 kg (1)"), "Weight (kg): 70 kg"): Actual text and expected text of test object 'Object Repository/Page_OpenMRS Electronic Medical Record/p_Weight (kg) 70 kg (1)' are matched.

13-04-2025T16:42:00 - [MESSAGE][PASSED] - Actual text and expected text of test object 'Object Repository/Page_OpenMRS Electronic Medical Record/p_Weight (kg) 70 kg (1)' are matched.

13-04-2025T16:42:00 - [TEST_STEP][PASSED] - verifyElementText(findTestObject("Object Repository/Page_OpenMRS Electronic Medical Record/p_(Calculated) BMI 25.7 (1)"), "(Calculated) BMI: 25.7"): Actual text and expected text of test object 'Object Repository/Page_OpenMRS Electronic Medical Record/p_(Calculated) BMI 25.7 (1)' are matched.

13-04-2025T16:42:00 - [MESSAGE][PASSED] - Actual text and expected text of test object 'Object Repository/Page_OpenMRS Electronic Medical Record/p_(Calculated) BMI 25.7 (1)' are matched.

13-04-2025T16:42:00 - [TEST_STEP][PASSED] - verifyElementText(findTestObject("Object Repository/Page_OpenMRS Electronic Medical Record/p_Temperature (c) 27 C (1)"), "Temperature (c): 27 °C"): Actual text and expected text of test object 'Object Repository/Page_OpenMRS Electronic Medical Record/p_Temperature (c) 27 C (1)' are matched.

13-04-2025T16:42:00 - [MESSAGE][PASSED] - Actual text and expected text of test object 'Object Repository/Page_OpenMRS Electronic Medical Record/p_Temperature (c) 27 C (1)' are matched.

13-04-2025T16:42:00 - [TEST_STEP][PASSED] - verifyElementText(findTestObject("Object Repository/Page_OpenMRS Electronic Medical Record/p_Pulse 100 min (1)"), "Pulse: 100 /min"): Actual text and expected text of test object 'Object Repository/Page_OpenMRS Electronic Medical Record/p_Pulse 100 min (1)' are matched.

13-04-2025T16:42:01 - [MESSAGE][PASSED] - Actual text and expected text of test object 'Object Repository/Page_OpenMRS Electronic Medical Record/p_Pulse 100 min (1)' are matched.

13-04-2025T16:42:01 - [TEST_STEP][PASSED] - verifyElementText(findTestObject("Object Repository/Page_OpenMRS Electronic Medical Record/p_Respiratory rate 99 min (1)"), "Respiratory rate: 99 /min"): Actual text and expected text of test object 'Object Repository/Page_OpenMRS Electronic Medical Record/p_Respiratory rate 99 min (1)' are matched.

13-04-2025T16:42:01 - [MESSAGE][PASSED] - Actual text and expected text of test object 'Object Repository/Page_OpenMRS Electronic Medical Record/p_Respiratory rate 99 min (1)' are matched.

13-04-2025T16:42:01 - [TEST_STEP][PASSED] - verifyElementText(findTestObject("Object Repository/Page_OpenMRS Electronic Medical Record/p_Blood Pressure 100  70 (1)"), "Blood Pressure: 100 / 70"): Actual text and expected text of test object 'Object Repository/Page_OpenMRS Electronic Medical Record/p_Blood Pressure 100  70 (1)' are matched.

13-04-2025T16:42:01 - [MESSAGE][PASSED] - Actual text and expected text of test object 'Object Repository/Page_OpenMRS Electronic Medical Record/p_Blood Pressure 100  70 (1)' are matched.

13-04-2025T16:42:01 - [TEST_STEP][PASSED] - verifyElementText(findTestObject("Object Repository/Page_OpenMRS Electronic Medical Record/p_Arterial blood oxygen saturation (pulse o_5bf421 (1)"), "Arterial blood oxygen saturation (pulse oximeter): 99 %"): Actual text and expected text of test object 'Object Repository/Page_OpenMRS Electronic Medical Record/p_Arterial blood oxygen saturation (pulse o_5bf421 (1)' are matched.

13-04-2025T16:42:02 - [MESSAGE][PASSED] - Actual text and expected text of test object 'Object Repository/Page_OpenMRS Electronic Medical Record/p_Arterial blood oxygen saturation (pulse o_5bf421 (1)' are matched.

13-04-2025T16:42:02 - [TEST_STEP][PASSED] - verifyElementText(findTestObject("Object Repository/Page_OpenMRS Electronic Medical Record/input_Save_cancel focused (1)"), ""): Actual text and expected text of test object 'Object Repository/Page_OpenMRS Electronic Medical Record/input_Save_cancel focused (1)' are matched.

13-04-2025T16:42:02 - [MESSAGE][PASSED] - Actual text and expected text of test object 'Object Repository/Page_OpenMRS Electronic Medical Record/input_Save_cancel focused (1)' are matched.

13-04-2025T16:42:02 - [TEST_STEP][PASSED] - click(findTestObject("Object Repository/Page_OpenMRS Electronic Medical Record/button_Save (1)")): Object: 'Object Repository/Page_OpenMRS Electronic Medical Record/button_Save (1)' is clicked on

13-04-2025T16:42:02 - [MESSAGE][PASSED] - Object: 'Object Repository/Page_OpenMRS Electronic Medical Record/button_Save (1)' is clicked on

13-04-2025T16:42:02 - [TEST_STEP][PASSED] - setText(findTestObject("Object Repository/Page_OpenMRS Electronic Medical Record/input_Capture Vitals for Patient_patient-search (1) (1)"), "irman"): Text 'irman' is set on object 'Object Repository/Page_OpenMRS Electronic Medical Record/input_Capture Vitals for Patient_patient-search (1) (1)'

13-04-2025T16:42:05 - [MESSAGE][PASSED] - Text 'irman' is set on object 'Object Repository/Page_OpenMRS Electronic Medical Record/input_Capture Vitals for Patient_patient-search (1) (1)'

13-04-2025T16:42:05 - [TEST_STEP][PASSED] - waitForElementVisible(findTestObject("Object Repository/Page_OpenMRS Electronic Medical Record/td_irman ramadhan lDoikmTe (1) (1)"), 10): Object 'Object Repository/Page_OpenMRS Electronic Medical Record/td_irman ramadhan lDoikmTe (1) (1)' is visible

13-04-2025T16:42:05 - [MESSAGE][PASSED] - Object 'Object Repository/Page_OpenMRS Electronic Medical Record/td_irman ramadhan lDoikmTe (1) (1)' is visible

13-04-2025T16:42:05 - [TEST_STEP][PASSED] - click(findTestObject("Object Repository/Page_OpenMRS Electronic Medical Record/td_irman ramadhan lDoikmTe (1) (1)")): Object: 'Object Repository/Page_OpenMRS Electronic Medical Record/td_irman ramadhan lDoikmTe (1) (1)' is clicked on

13-04-2025T16:42:07 - [MESSAGE][PASSED] - Object: 'Object Repository/Page_OpenMRS Electronic Medical Record/td_irman ramadhan lDoikmTe (1) (1)' is clicked on

13-04-2025T16:42:07 - [TEST_STEP][PASSED] - verifyElementText(findTestObject("Object Repository/Page_OpenMRS Electronic Medical Record/td_Pharmacy (1)"), "Pharmacy"): Actual text and expected text of test object 'Object Repository/Page_OpenMRS Electronic Medical Record/td_Pharmacy (1)' are matched.

13-04-2025T16:42:08 - [MESSAGE][PASSED] - Actual text and expected text of test object 'Object Repository/Page_OpenMRS Electronic Medical Record/td_Pharmacy (1)' are matched.

13-04-2025T16:42:08 - [TEST_STEP][PASSED] - verifyElementText(findTestObject("Object Repository/Page_OpenMRS Electronic Medical Record/td_Super User (admin) (1)"), "Super User (admin)"): Actual text and expected text of test object 'Object Repository/Page_OpenMRS Electronic Medical Record/td_Super User (admin) (1)' are matched.

13-04-2025T16:42:09 - [MESSAGE][PASSED] - Actual text and expected text of test object 'Object Repository/Page_OpenMRS Electronic Medical Record/td_Super User (admin) (1)' are matched.

13-04-2025T16:42:09 - [TEST_STEP][PASSED] - click(findTestObject("Object Repository/Page_OpenMRS Electronic Medical Record/i_Registration Desk_icon-home small (1)")): Object: 'Object Repository/Page_OpenMRS Electronic Medical Record/i_Registration Desk_icon-home small (1)' is clicked on

13-04-2025T16:42:10 - [MESSAGE][PASSED] - Object: 'Object Repository/Page_OpenMRS Electronic Medical Record/i_Registration Desk_icon-home small (1)' is clicked on

13-04-2025T16:42:10 - [TEST_STEP][PASSED] - click(findTestObject("Object Repository/Page_Home/a_Find Patient Record (3) (1)")): Object: 'Object Repository/Page_Home/a_Find Patient Record (3) (1)' is clicked on

13-04-2025T16:42:12 - [MESSAGE][PASSED] - Object: 'Object Repository/Page_Home/a_Find Patient Record (3) (1)' is clicked on

13-04-2025T16:42:12 - [TEST_STEP][PASSED] - setText(findTestObject("Object Repository/Page_OpenMRS Electronic Medical Record/input_Capture Vitals for Patient_patient-search (1) (1)"), "irman"): Text 'irman' is set on object 'Object Repository/Page_OpenMRS Electronic Medical Record/input_Capture Vitals for Patient_patient-search (1) (1)'

13-04-2025T16:42:12 - [MESSAGE][PASSED] - Text 'irman' is set on object 'Object Repository/Page_OpenMRS Electronic Medical Record/input_Capture Vitals for Patient_patient-search (1) (1)'

13-04-2025T16:42:12 - [TEST_STEP][PASSED] - delay(5): Delayed 5 second(s)

13-04-2025T16:42:18 - [MESSAGE][PASSED] - Delayed 5 second(s)

13-04-2025T16:42:18 - [TEST_STEP][PASSED] - click(findTestObject("Object Repository/Page_OpenMRS Electronic Medical Record/td_irman ramadhan lDoikmTe (1) (1)")): Object: 'Object Repository/Page_OpenMRS Electronic Medical Record/td_irman ramadhan lDoikmTe (1) (1)' is clicked on

13-04-2025T16:42:24 - [MESSAGE][PASSED] - Object: 'Object Repository/Page_OpenMRS Electronic Medical Record/td_irman ramadhan lDoikmTe (1) (1)' is clicked on

13-04-2025T16:42:24 - [TEST_STEP][PASSED] - verifyElementText(findTestObject("Object Repository/Page_OpenMRS Electronic Medical Record/h3_LATEST OBSERVATIONS (2) (1)"), "LATEST OBSERVATIONS"): Actual text and expected text of test object 'Object Repository/Page_OpenMRS Electronic Medical Record/h3_LATEST OBSERVATIONS (2) (1)' are matched.

13-04-2025T16:42:28 - [MESSAGE][PASSED] - Actual text and expected text of test object 'Object Repository/Page_OpenMRS Electronic Medical Record/h3_LATEST OBSERVATIONS (2) (1)' are matched.]]></system-out>
         <system-err><![CDATA[]]></system-err>
      </testcase>
      <system-out><![CDATA[13-04-2025T16:37:42 - [TEST_SUITE][FAILED] - 5.TS_Capture_Vitals: Test Cases/5. Capture Vitals/1. Admin dapat search Capture Vitals Patient FAILED.
Reason:
com.kms.katalon.core.exception.StepFailedException: Verify element text of test object 'Object Repository/Page_OpenMRS Electronic Medical Record/td_irman ramadhan lDoikmTe' FAILED.
	at com.kms.katalon.core.webui.keyword.internal.WebUIKeywordMain.stepFailed(WebUIKeywordMain.groovy:117)
	at com.kms.katalon.core.webui.keyword.internal.WebUIKeywordMain.runKeyword(WebUIKeywordMain.groovy:43)
	at com.kms.katalon.core.webui.keyword.builtin.VerifyElementTextKeyword.verifyElementText(VerifyElementTextKeyword.groovy:72)
	at com.kms.katalon.core.webui.keyword.builtin.VerifyElementTextKeyword.execute(VerifyElementTextKeyword.groovy:40)
	at com.kms.katalon.core.keyword.internal.KeywordExecutor.executeKeywordForPlatform(KeywordExecutor.groovy:74)
	at com.kms.katalon.core.webui.keyword.WebUiBuiltInKeywords.verifyElementText(WebUiBuiltInKeywords.groovy:4994)
	at 1. Admin dapat search Capture Vitals Patient.run(1. Admin dapat search Capture Vitals Patient:32)
	at com.kms.katalon.core.main.ScriptEngine.run(ScriptEngine.java:194)
	at com.kms.katalon.core.main.ScriptEngine.runScriptAsRawText(ScriptEngine.java:119)
	at com.kms.katalon.core.main.TestCaseExecutor.runScript(TestCaseExecutor.java:448)
	at com.kms.katalon.core.main.TestCaseExecutor.doExecute(TestCaseExecutor.java:439)
	at com.kms.katalon.core.main.TestCaseExecutor.processExecutionPhase(TestCaseExecutor.java:418)
	at com.kms.katalon.core.main.TestCaseExecutor.accessMainPhase(TestCaseExecutor.java:410)
	at com.kms.katalon.core.main.TestCaseExecutor.execute(TestCaseExecutor.java:285)
	at com.kms.katalon.core.common.CommonExecutor.accessTestCaseMainPhase(CommonExecutor.java:71)
	at com.kms.katalon.core.main.TestSuiteExecutor.accessTestSuiteMainPhase(TestSuiteExecutor.java:160)
	at com.kms.katalon.core.main.TestSuiteExecutor.execute(TestSuiteExecutor.java:107)
	at com.kms.katalon.core.main.TestCaseMain.startTestSuite(TestCaseMain.java:180)
	at TempTestSuite1744535837669.run(TempTestSuite1744535837669.groovy:35)
	at java.base/jdk.internal.reflect.NativeMethodAccessorImpl.invoke0(Native Method)
	at java.base/jdk.internal.reflect.NativeMethodAccessorImpl.invoke(NativeMethodAccessorImpl.java:77)
	at java.base/jdk.internal.reflect.DelegatingMethodAccessorImpl.invoke(DelegatingMethodAccessorImpl.java:43)
Caused by: com.kms.katalon.core.exception.StepFailedException: Actual text 'irman ramadhan nhf4lZF9' and expected text 'irman ramadhan lDoikmTe' of test object 'Object Repository/Page_OpenMRS Electronic Medical Record/td_irman ramadhan lDoikmTe' are NOT matched.
	at com.kms.katalon.core.webui.keyword.internal.WebUIKeywordMain.stepFailed(WebUIKeywordMain.groovy:117)
	at com.kms.katalon.core.webui.keyword.builtin.VerifyElementTextKeyword$_verifyElementText_closure1.doCall(VerifyElementTextKeyword.groovy:57)
	at com.kms.katalon.core.webui.keyword.builtin.VerifyElementTextKeyword$_verifyElementText_closure1.call(VerifyElementTextKeyword.groovy)
	at com.kms.katalon.core.webui.keyword.internal.WebUIKeywordMain.runKeyword(WebUIKeywordMain.groovy:35)
	... 20 more]]></system-out>
      <system-err><![CDATA[13-04-2025T16:37:42 - [TEST_SUITE][FAILED] - 5.TS_Capture_Vitals: Test Cases/5. Capture Vitals/1. Admin dapat search Capture Vitals Patient FAILED.
Reason:
com.kms.katalon.core.exception.StepFailedException: Verify element text of test object 'Object Repository/Page_OpenMRS Electronic Medical Record/td_irman ramadhan lDoikmTe' FAILED.
	at com.kms.katalon.core.webui.keyword.internal.WebUIKeywordMain.stepFailed(WebUIKeywordMain.groovy:117)
	at com.kms.katalon.core.webui.keyword.internal.WebUIKeywordMain.runKeyword(WebUIKeywordMain.groovy:43)
	at com.kms.katalon.core.webui.keyword.builtin.VerifyElementTextKeyword.verifyElementText(VerifyElementTextKeyword.groovy:72)
	at com.kms.katalon.core.webui.keyword.builtin.VerifyElementTextKeyword.execute(VerifyElementTextKeyword.groovy:40)
	at com.kms.katalon.core.keyword.internal.KeywordExecutor.executeKeywordForPlatform(KeywordExecutor.groovy:74)
	at com.kms.katalon.core.webui.keyword.WebUiBuiltInKeywords.verifyElementText(WebUiBuiltInKeywords.groovy:4994)
	at 1. Admin dapat search Capture Vitals Patient.run(1. Admin dapat search Capture Vitals Patient:32)
	at com.kms.katalon.core.main.ScriptEngine.run(ScriptEngine.java:194)
	at com.kms.katalon.core.main.ScriptEngine.runScriptAsRawText(ScriptEngine.java:119)
	at com.kms.katalon.core.main.TestCaseExecutor.runScript(TestCaseExecutor.java:448)
	at com.kms.katalon.core.main.TestCaseExecutor.doExecute(TestCaseExecutor.java:439)
	at com.kms.katalon.core.main.TestCaseExecutor.processExecutionPhase(TestCaseExecutor.java:418)
	at com.kms.katalon.core.main.TestCaseExecutor.accessMainPhase(TestCaseExecutor.java:410)
	at com.kms.katalon.core.main.TestCaseExecutor.execute(TestCaseExecutor.java:285)
	at com.kms.katalon.core.common.CommonExecutor.accessTestCaseMainPhase(CommonExecutor.java:71)
	at com.kms.katalon.core.main.TestSuiteExecutor.accessTestSuiteMainPhase(TestSuiteExecutor.java:160)
	at com.kms.katalon.core.main.TestSuiteExecutor.execute(TestSuiteExecutor.java:107)
	at com.kms.katalon.core.main.TestCaseMain.startTestSuite(TestCaseMain.java:180)
	at TempTestSuite1744535837669.run(TempTestSuite1744535837669.groovy:35)
	at java.base/jdk.internal.reflect.NativeMethodAccessorImpl.invoke0(Native Method)
	at java.base/jdk.internal.reflect.NativeMethodAccessorImpl.invoke(NativeMethodAccessorImpl.java:77)
	at java.base/jdk.internal.reflect.DelegatingMethodAccessorImpl.invoke(DelegatingMethodAccessorImpl.java:43)
Caused by: com.kms.katalon.core.exception.StepFailedException: Actual text 'irman ramadhan nhf4lZF9' and expected text 'irman ramadhan lDoikmTe' of test object 'Object Repository/Page_OpenMRS Electronic Medical Record/td_irman ramadhan lDoikmTe' are NOT matched.
	at com.kms.katalon.core.webui.keyword.internal.WebUIKeywordMain.stepFailed(WebUIKeywordMain.groovy:117)
	at com.kms.katalon.core.webui.keyword.builtin.VerifyElementTextKeyword$_verifyElementText_closure1.doCall(VerifyElementTextKeyword.groovy:57)
	at com.kms.katalon.core.webui.keyword.builtin.VerifyElementTextKeyword$_verifyElementText_closure1.call(VerifyElementTextKeyword.groovy)
	at com.kms.katalon.core.webui.keyword.internal.WebUIKeywordMain.runKeyword(WebUIKeywordMain.groovy:35)
	... 20 more]]></system-err>
   </testsuite>
   <testsuite name="6.TS_Delete_Patient" tests="1" failures="0" errors="0" time="86.62" skipped="0" timestamp="13-04-2025T16:42:32" hostname="acer - 20.20.2.217" id="Test Suites/6.TS_Delete_Patient">
      <properties>
         <property name="deviceName" value=""/>
         <property name="devicePlatform"/>
         <property name="logFolder" value="C:\\Users\\acer\\OneDrive\\Documents\\Automation-openRMS\\Reports\\20250413_161708\\6.TS_Delete_Patient\\20250413_161719"/>
         <property name="logFiles" value="C:\\Users\\acer\\OneDrive\\Documents\\Automation-openRMS\\Reports\\20250413_161708\\6.TS_Delete_Patient\\20250413_161719\\execution0.log"/>
         <property name="attachments" value=""/>
         <property name="hostName" value="acer - 20.20.2.217"/>
         <property name="os" value="Windows 11 64bit"/>
         <property name="katalonVersion" value="10.1.1.0"/>
         <property name="browser" value="Chrome 135.0.7049.42"/>
         <property name="hostAddress" value="20.20.2.217"/>
         <property name="sessionId" value="f4e7ed6d1f4c8240e6027ab3f69ffddd"/>
         <property name="seleniumVersion" value="4.22.0"/>
         <property name="proxyInformation" value="ProxyInformation { proxyOption=NO_PROXY, proxyServerType=HTTP, username=, password=********, proxyServerAddress=, proxyServerPort=0, executionList=&quot;&quot;, isApplyToDesiredCapabilities=true }"/>
         <property name="platform" value="Windows 11"/>
      </properties>
      <testcase name="Test Cases/3. Find Patient Record/5. Delete Pasien" time="86.45" classname="Test Cases/3. Find Patient Record/5. Delete Pasien" status="PASSED">
         <system-out><![CDATA[13-04-2025T16:42:32 - [TEST_CASE][PASSED] - Test Cases/3. Find Patient Record/5. Delete Pasien: Test Cases/3. Find Patient Record/5. Delete Pasien

13-04-2025T16:42:32 - [TEST_STEP][PASSED] - Start listener action : sampleBeforeTestCase: Actual text and expected text of test object 'Object Repository/Dashboard/login_as' are matched.

13-04-2025T16:42:32 - [TEST_STEP][PASSED] - openBrowser(""): Browser is opened with url: ''

13-04-2025T16:42:32 - [MESSAGE][INFO] - Starting 'Chrome' driver

13-04-2025T16:42:32 - [MESSAGE][INFO] - Action delay is set to 0 milliseconds

13-04-2025T16:42:34 - [MESSAGE][PASSED] - Browser is opened with url: ''

13-04-2025T16:42:34 - [TEST_STEP][PASSED] - maximizeWindow(): Current window maximized

13-04-2025T16:42:34 - [MESSAGE][PASSED] - Current window maximized

13-04-2025T16:42:34 - [TEST_STEP][PASSED] - navigateToUrl(url): Navigate to 'https://o2.openmrs.org/openmrs/login.htm' successfully

13-04-2025T16:42:59 - [MESSAGE][PASSED] - Navigate to 'https://o2.openmrs.org/openmrs/login.htm' successfully

13-04-2025T16:42:59 - [TEST_STEP][PASSED] - setText(findTestObject("Object Repository/Page_Login/input_Username_username"), "admin"): Text 'admin' is set on object 'Object Repository/Page_Login/input_Username_username'

13-04-2025T16:43:00 - [MESSAGE][PASSED] - Text 'admin' is set on object 'Object Repository/Page_Login/input_Username_username'

13-04-2025T16:43:00 - [TEST_STEP][PASSED] - setEncryptedText(findTestObject("Object Repository/Page_Login/input_Password_password"), "/5S6MFFLcE4mlsixtc6/Tg=="): Text ****** has been set on object 'Object Repository/Page_Login/input_Password_password'

13-04-2025T16:43:00 - [MESSAGE][PASSED] - Text ****** has been set on object 'Object Repository/Page_Login/input_Password_password'

13-04-2025T16:43:00 - [TEST_STEP][PASSED] - click(findTestObject("Object Repository/Page_Login/li_Pharmacy")): Object: 'Object Repository/Page_Login/li_Pharmacy' is clicked on

13-04-2025T16:43:00 - [MESSAGE][PASSED] - Object: 'Object Repository/Page_Login/li_Pharmacy' is clicked on

13-04-2025T16:43:00 - [TEST_STEP][PASSED] - click(findTestObject("Object Repository/Page_Login/input_Registration Desk_loginButton")): Object: 'Object Repository/Page_Login/input_Registration Desk_loginButton' is clicked on

13-04-2025T16:43:03 - [MESSAGE][PASSED] - Object: 'Object Repository/Page_Login/input_Registration Desk_loginButton' is clicked on

13-04-2025T16:43:03 - [TEST_STEP][PASSED] - verifyElementText(findTestObject("Object Repository/Dashboard/login_as"), "Logged in as Super User (admin) at Pharmacy."): Actual text and expected text of test object 'Object Repository/Dashboard/login_as' are matched.

13-04-2025T16:43:03 - [MESSAGE][PASSED] - Actual text and expected text of test object 'Object Repository/Dashboard/login_as' are matched.

13-04-2025T16:43:03 - [TEST_STEP][PASSED] - click(findTestObject("Object Repository/Page_Home/a_Find Patient Record (4)")): Object: 'Object Repository/Page_Home/a_Find Patient Record (4)' is clicked on

13-04-2025T16:43:07 - [MESSAGE][PASSED] - Object: 'Object Repository/Page_Home/a_Find Patient Record (4)' is clicked on

13-04-2025T16:43:07 - [TEST_STEP][PASSED] - setText(findTestObject("Object Repository/Page_OpenMRS Electronic Medical Record/input_Find Patient Record_patient-search (3)"), "irman"): Text 'irman' is set on object 'Object Repository/Page_OpenMRS Electronic Medical Record/input_Find Patient Record_patient-search (3)'

13-04-2025T16:43:07 - [MESSAGE][PASSED] - Text 'irman' is set on object 'Object Repository/Page_OpenMRS Electronic Medical Record/input_Find Patient Record_patient-search (3)'

13-04-2025T16:43:07 - [TEST_STEP][PASSED] - delay(5): Delayed 5 second(s)

13-04-2025T16:43:12 - [MESSAGE][PASSED] - Delayed 5 second(s)

13-04-2025T16:43:12 - [TEST_STEP][PASSED] - click(findTestObject("Object Repository/Page_OpenMRS Electronic Medical Record/td_irman ramadhan 1dXe85JL")): Object: 'Object Repository/Page_OpenMRS Electronic Medical Record/td_irman ramadhan 1dXe85JL' is clicked on

13-04-2025T16:43:53 - [MESSAGE][PASSED] - Object: 'Object Repository/Page_OpenMRS Electronic Medical Record/td_irman ramadhan 1dXe85JL' is clicked on

13-04-2025T16:43:53 - [TEST_STEP][PASSED] - click(findTestObject("Object Repository/Page_OpenMRS Electronic Medical Record/div_Delete Patient (2)")): Object: 'Object Repository/Page_OpenMRS Electronic Medical Record/div_Delete Patient (2)' is clicked on

13-04-2025T16:43:56 - [MESSAGE][PASSED] - Object: 'Object Repository/Page_OpenMRS Electronic Medical Record/div_Delete Patient (2)' is clicked on

13-04-2025T16:43:56 - [TEST_STEP][PASSED] - setText(findTestObject("Object Repository/Page_OpenMRS Electronic Medical Record/input_Reason_delete-reason"), "automation test"): Text 'automation test' is set on object 'Object Repository/Page_OpenMRS Electronic Medical Record/input_Reason_delete-reason'

13-04-2025T16:43:57 - [MESSAGE][PASSED] - Text 'automation test' is set on object 'Object Repository/Page_OpenMRS Electronic Medical Record/input_Reason_delete-reason'

13-04-2025T16:43:57 - [TEST_STEP][PASSED] - click(findTestObject("Object Repository/Page_OpenMRS Electronic Medical Record/button_Confirm (2)")): Object: 'Object Repository/Page_OpenMRS Electronic Medical Record/button_Confirm (2)' is clicked on

13-04-2025T16:43:57 - [MESSAGE][PASSED] - Object: 'Object Repository/Page_OpenMRS Electronic Medical Record/button_Confirm (2)' is clicked on

13-04-2025T16:43:57 - [TEST_STEP][PASSED] - rightClick(findTestObject("Object Repository/Page_OpenMRS Electronic Medical Record/p_Patient has been deleted successfully")): Object: 'Object Repository/Page_OpenMRS Electronic Medical Record/p_Patient has been deleted successfully' is right clicked on

13-04-2025T16:43:58 - [MESSAGE][PASSED] - Object: 'Object Repository/Page_OpenMRS Electronic Medical Record/p_Patient has been deleted successfully' is right clicked on]]></system-out>
         <system-err><![CDATA[]]></system-err>
      </testcase>
      <system-out><![CDATA[13-04-2025T16:42:32 - [TEST_SUITE][PASSED] - 6.TS_Delete_Patient: Test Cases/3. Find Patient Record/5. Delete Pasien]]></system-out>
      <system-err><![CDATA[]]></system-err>
   </testsuite>
</testsuites>
